{"C:\\Users\\HP\\teach2give\\projectGizmo\\backend\\src\\index.ts": {"path":"C:\\Users\\HP\\teach2give\\projectGizmo\\backend\\src\\index.ts","statementMap":{"0":{"start":{"line":1,"column":0},"end":{"line":1,"column":30}},"1":{"start":{"line":2,"column":0},"end":{"line":2,"column":58}},"2":{"start":{"line":3,"column":0},"end":{"line":3,"column":57}},"3":{"start":{"line":4,"column":0},"end":{"line":4,"column":61}},"4":{"start":{"line":5,"column":0},"end":{"line":5,"column":74}},"5":{"start":{"line":6,"column":0},"end":{"line":6,"column":59}},"6":{"start":{"line":7,"column":0},"end":{"line":7,"column":87}},"7":{"start":{"line":8,"column":0},"end":{"line":8,"column":63}},"8":{"start":{"line":9,"column":0},"end":{"line":9,"column":74}},"9":{"start":{"line":10,"column":0},"end":{"line":10,"column":24}},"10":{"start":{"line":11,"column":0},"end":{"line":11,"column":69}},"11":{"start":{"line":13,"column":22},"end":{"line":35,"column":1}},"12":{"start":{"line":14,"column":16},"end":{"line":14,"column":25}},"13":{"start":{"line":15,"column":4},"end":{"line":15,"column":28}},"14":{"start":{"line":17,"column":4},"end":{"line":21,"column":8}},"15":{"start":{"line":24,"column":4},"end":{"line":24,"column":null}},"16":{"start":{"line":25,"column":4},"end":{"line":25,"column":33}},"17":{"start":{"line":26,"column":4},"end":{"line":26,"column":33}},"18":{"start":{"line":27,"column":4},"end":{"line":27,"column":34}},"19":{"start":{"line":28,"column":4},"end":{"line":28,"column":38}},"20":{"start":{"line":29,"column":4},"end":{"line":29,"column":33}},"21":{"start":{"line":30,"column":4},"end":{"line":30,"column":43}},"22":{"start":{"line":31,"column":4},"end":{"line":31,"column":35}},"23":{"start":{"line":32,"column":4},"end":{"line":32,"column":null}},"24":{"start":{"line":34,"column":4},"end":{"line":34,"column":15}},"25":{"start":{"line":37,"column":12},"end":{"line":37,"column":27}},"26":{"start":{"line":38,"column":0},"end":{"line":38,"column":19}}},"fnMap":{"0":{"name":"(anonymous_1)","decl":{"start":{"line":13,"column":22},"end":{"line":13,"column":25}},"loc":{"start":{"line":13,"column":27},"end":{"line":35,"column":1}}}},"branchMap":{},"s":{"0":0,"1":0,"2":0,"3":0,"4":0,"5":0,"6":0,"7":0,"8":0,"9":0,"10":0,"11":0,"12":0,"13":0,"14":0,"15":0,"16":0,"17":0,"18":0,"19":0,"20":0,"21":0,"22":0,"23":0,"24":0,"25":0,"26":0},"f":{"0":0},"b":{}}
,"C:\\Users\\HP\\teach2give\\projectGizmo\\backend\\src\\server.ts": {"path":"C:\\Users\\HP\\teach2give\\projectGizmo\\backend\\src\\server.ts","statementMap":{"0":{"start":{"line":1,"column":0},"end":{"line":1,"column":26}},"1":{"start":{"line":3,"column":13},"end":{"line":3,"column":37}},"2":{"start":{"line":5,"column":0},"end":{"line":7,"column":3}},"3":{"start":{"line":6,"column":4},"end":{"line":6,"column":65}}},"fnMap":{"0":{"name":"(anonymous_1)","decl":{"start":{"line":5,"column":17},"end":{"line":5,"column":20}},"loc":{"start":{"line":5,"column":22},"end":{"line":7,"column":1}}}},"branchMap":{"0":{"loc":{"start":{"line":3,"column":13},"end":{"line":3,"column":37}},"type":"binary-expr","locations":[{"start":{"line":3,"column":13},"end":{"line":3,"column":29}},{"start":{"line":3,"column":33},"end":{"line":3,"column":37}}]}},"s":{"0":0,"1":0,"2":0,"3":0},"f":{"0":0},"b":{"0":[0,0]}}
,"C:\\Users\\HP\\teach2give\\projectGizmo\\backend\\src\\communication\\mailer.ts": {"path":"C:\\Users\\HP\\teach2give\\projectGizmo\\backend\\src\\communication\\mailer.ts","statementMap":{"0":{"start":{"line":1,"column":0},"end":{"line":1,"column":36}},"1":{"start":{"line":3,"column":25},"end":{"line":42,"column":1}},"2":{"start":{"line":9,"column":4},"end":{"line":41,"column":5}},"3":{"start":{"line":10,"column":28},"end":{"line":19,"column":10}},"4":{"start":{"line":21,"column":56},"end":{"line":27,"column":10}},"5":{"start":{"line":29,"column":24},"end":{"line":29,"column":63}},"6":{"start":{"line":30,"column":8},"end":{"line":30,"column":40}},"7":{"start":{"line":32,"column":8},"end":{"line":38,"column":9}},"8":{"start":{"line":33,"column":12},"end":{"line":33,"column":45}},"9":{"start":{"line":34,"column":15},"end":{"line":38,"column":9}},"10":{"start":{"line":35,"column":12},"end":{"line":35,"column":36}},"11":{"start":{"line":37,"column":12},"end":{"line":37,"column":40}},"12":{"start":{"line":40,"column":8},"end":{"line":40,"column":56}},"13":{"start":{"line":3,"column":13},"end":{"line":3,"column":25}}},"fnMap":{"0":{"name":"(anonymous_1)","decl":{"start":{"line":3,"column":25},"end":{"line":3,"column":30}},"loc":{"start":{"line":8,"column":4},"end":{"line":42,"column":1}}}},"branchMap":{"0":{"loc":{"start":{"line":32,"column":8},"end":{"line":38,"column":9}},"type":"if","locations":[{"start":{"line":32,"column":8},"end":{"line":38,"column":9}},{"start":{"line":34,"column":15},"end":{"line":38,"column":9}}]},"1":{"loc":{"start":{"line":34,"column":15},"end":{"line":38,"column":9}},"type":"if","locations":[{"start":{"line":34,"column":15},"end":{"line":38,"column":9}},{"start":{"line":36,"column":15},"end":{"line":38,"column":9}}]}},"s":{"0":0,"1":0,"2":0,"3":0,"4":0,"5":0,"6":0,"7":0,"8":0,"9":0,"10":0,"11":0,"12":0,"13":0},"f":{"0":0},"b":{"0":[0,0],"1":[0,0]}}
,"C:\\Users\\HP\\teach2give\\projectGizmo\\backend\\src\\components\\analytics\\analytics.controller.ts": {"path":"C:\\Users\\HP\\teach2give\\projectGizmo\\backend\\src\\components\\analytics\\analytics.controller.ts","statementMap":{"0":{"start":{"line":2,"column":0},"end":{"line":2,"column":55}},"1":{"start":{"line":4,"column":16},"end":{"line":4,"column":38}},"2":{"start":{"line":8,"column":8},"end":{"line":17,"column":9}},"3":{"start":{"line":9,"column":31},"end":{"line":9,"column":47}},"4":{"start":{"line":10,"column":12},"end":{"line":10,"column":36}},"5":{"start":{"line":11,"column":12},"end":{"line":11,"column":84}},"6":{"start":{"line":11,"column":29},"end":{"line":11,"column":84}},"7":{"start":{"line":13,"column":27},"end":{"line":13,"column":76}},"8":{"start":{"line":14,"column":12},"end":{"line":14,"column":29}},"9":{"start":{"line":16,"column":12},"end":{"line":16,"column":57}},"10":{"start":{"line":21,"column":8},"end":{"line":26,"column":9}},"11":{"start":{"line":22,"column":28},"end":{"line":22,"column":62}},"12":{"start":{"line":23,"column":12},"end":{"line":23,"column":30}},"13":{"start":{"line":25,"column":12},"end":{"line":25,"column":57}},"14":{"start":{"line":30,"column":8},"end":{"line":35,"column":9}},"15":{"start":{"line":31,"column":27},"end":{"line":31,"column":64}},"16":{"start":{"line":32,"column":12},"end":{"line":32,"column":29}},"17":{"start":{"line":34,"column":12},"end":{"line":34,"column":57}},"18":{"start":{"line":39,"column":8},"end":{"line":44,"column":9}},"19":{"start":{"line":40,"column":27},"end":{"line":40,"column":62}},"20":{"start":{"line":41,"column":12},"end":{"line":41,"column":29}},"21":{"start":{"line":43,"column":12},"end":{"line":43,"column":57}},"22":{"start":{"line":48,"column":8},"end":{"line":53,"column":9}},"23":{"start":{"line":49,"column":27},"end":{"line":49,"column":69}},"24":{"start":{"line":50,"column":12},"end":{"line":50,"column":29}},"25":{"start":{"line":52,"column":12},"end":{"line":52,"column":57}},"26":{"start":{"line":57,"column":8},"end":{"line":63,"column":9}},"27":{"start":{"line":58,"column":32},"end":{"line":58,"column":42}},"28":{"start":{"line":59,"column":27},"end":{"line":59,"column":79}},"29":{"start":{"line":60,"column":12},"end":{"line":60,"column":29}},"30":{"start":{"line":62,"column":12},"end":{"line":62,"column":57}},"31":{"start":{"line":67,"column":8},"end":{"line":73,"column":9}},"32":{"start":{"line":68,"column":32},"end":{"line":68,"column":42}},"33":{"start":{"line":69,"column":27},"end":{"line":69,"column":73}},"34":{"start":{"line":70,"column":12},"end":{"line":70,"column":29}},"35":{"start":{"line":72,"column":12},"end":{"line":72,"column":57}},"36":{"start":{"line":77,"column":8},"end":{"line":83,"column":9}},"37":{"start":{"line":78,"column":32},"end":{"line":78,"column":42}},"38":{"start":{"line":79,"column":27},"end":{"line":79,"column":83}},"39":{"start":{"line":80,"column":12},"end":{"line":80,"column":29}},"40":{"start":{"line":82,"column":12},"end":{"line":82,"column":57}},"41":{"start":{"line":87,"column":8},"end":{"line":93,"column":9}},"42":{"start":{"line":88,"column":32},"end":{"line":88,"column":42}},"43":{"start":{"line":89,"column":27},"end":{"line":89,"column":76}},"44":{"start":{"line":90,"column":12},"end":{"line":90,"column":29}},"45":{"start":{"line":92,"column":12},"end":{"line":92,"column":57}},"46":{"start":{"line":97,"column":8},"end":{"line":105,"column":9}},"47":{"start":{"line":98,"column":27},"end":{"line":98,"column":43}},"48":{"start":{"line":99,"column":12},"end":{"line":99,"column":80}},"49":{"start":{"line":99,"column":25},"end":{"line":99,"column":80}},"50":{"start":{"line":101,"column":27},"end":{"line":101,"column":84}},"51":{"start":{"line":102,"column":12},"end":{"line":102,"column":29}},"52":{"start":{"line":104,"column":12},"end":{"line":104,"column":57}},"53":{"start":{"line":109,"column":8},"end":{"line":117,"column":9}},"54":{"start":{"line":110,"column":27},"end":{"line":110,"column":39}},"55":{"start":{"line":111,"column":12},"end":{"line":111,"column":80}},"56":{"start":{"line":111,"column":25},"end":{"line":111,"column":80}},"57":{"start":{"line":113,"column":27},"end":{"line":113,"column":75}},"58":{"start":{"line":114,"column":12},"end":{"line":114,"column":29}},"59":{"start":{"line":116,"column":12},"end":{"line":116,"column":57}},"60":{"start":{"line":6,"column":0},"end":{"line":6,"column":13}}},"fnMap":{"0":{"name":"(anonymous_0)","decl":{"start":{"line":7,"column":4},"end":{"line":7,"column":9}},"loc":{"start":{"line":7,"column":52},"end":{"line":18,"column":5}}},"1":{"name":"(anonymous_1)","decl":{"start":{"line":20,"column":4},"end":{"line":20,"column":9}},"loc":{"start":{"line":20,"column":56},"end":{"line":27,"column":5}}},"2":{"name":"(anonymous_2)","decl":{"start":{"line":29,"column":4},"end":{"line":29,"column":9}},"loc":{"start":{"line":29,"column":59},"end":{"line":36,"column":5}}},"3":{"name":"(anonymous_3)","decl":{"start":{"line":38,"column":4},"end":{"line":38,"column":9}},"loc":{"start":{"line":38,"column":57},"end":{"line":45,"column":5}}},"4":{"name":"(anonymous_4)","decl":{"start":{"line":47,"column":4},"end":{"line":47,"column":9}},"loc":{"start":{"line":47,"column":64},"end":{"line":54,"column":5}}},"5":{"name":"(anonymous_5)","decl":{"start":{"line":56,"column":4},"end":{"line":56,"column":9}},"loc":{"start":{"line":56,"column":59},"end":{"line":64,"column":5}}},"6":{"name":"(anonymous_6)","decl":{"start":{"line":66,"column":4},"end":{"line":66,"column":9}},"loc":{"start":{"line":66,"column":53},"end":{"line":74,"column":5}}},"7":{"name":"(anonymous_7)","decl":{"start":{"line":76,"column":4},"end":{"line":76,"column":9}},"loc":{"start":{"line":76,"column":63},"end":{"line":84,"column":5}}},"8":{"name":"(anonymous_8)","decl":{"start":{"line":86,"column":4},"end":{"line":86,"column":9}},"loc":{"start":{"line":86,"column":56},"end":{"line":94,"column":5}}},"9":{"name":"(anonymous_9)","decl":{"start":{"line":96,"column":4},"end":{"line":96,"column":9}},"loc":{"start":{"line":96,"column":65},"end":{"line":106,"column":5}}},"10":{"name":"(anonymous_10)","decl":{"start":{"line":108,"column":4},"end":{"line":108,"column":9}},"loc":{"start":{"line":108,"column":56},"end":{"line":118,"column":5}}}},"branchMap":{"0":{"loc":{"start":{"line":11,"column":12},"end":{"line":11,"column":84}},"type":"if","locations":[{"start":{"line":11,"column":12},"end":{"line":11,"column":84}},{"start":{},"end":{}}]},"1":{"loc":{"start":{"line":99,"column":12},"end":{"line":99,"column":80}},"type":"if","locations":[{"start":{"line":99,"column":12},"end":{"line":99,"column":80}},{"start":{},"end":{}}]},"2":{"loc":{"start":{"line":111,"column":12},"end":{"line":111,"column":80}},"type":"if","locations":[{"start":{"line":111,"column":12},"end":{"line":111,"column":80}},{"start":{},"end":{}}]}},"s":{"0":0,"1":0,"2":0,"3":0,"4":0,"5":0,"6":0,"7":0,"8":0,"9":0,"10":0,"11":0,"12":0,"13":0,"14":0,"15":0,"16":0,"17":0,"18":0,"19":0,"20":0,"21":0,"22":0,"23":0,"24":0,"25":0,"26":0,"27":0,"28":0,"29":0,"30":0,"31":0,"32":0,"33":0,"34":0,"35":0,"36":0,"37":0,"38":0,"39":0,"40":0,"41":0,"42":0,"43":0,"44":0,"45":0,"46":0,"47":0,"48":0,"49":0,"50":0,"51":0,"52":0,"53":0,"54":0,"55":0,"56":0,"57":0,"58":0,"59":0,"60":0},"f":{"0":0,"1":0,"2":0,"3":0,"4":0,"5":0,"6":0,"7":0,"8":0,"9":0,"10":0},"b":{"0":[0,0],"1":[0,0],"2":[0,0]}}
,"C:\\Users\\HP\\teach2give\\projectGizmo\\backend\\src\\components\\analytics\\analytics.router.ts": {"path":"C:\\Users\\HP\\teach2give\\projectGizmo\\backend\\src\\components\\analytics\\analytics.router.ts","statementMap":{"0":{"start":{"line":1,"column":0},"end":{"line":1,"column":33}},"1":{"start":{"line":2,"column":0},"end":{"line":2,"column":61}},"2":{"start":{"line":3,"column":0},"end":{"line":3,"column":51}},"3":{"start":{"line":5,"column":15},"end":{"line":5,"column":23}},"4":{"start":{"line":6,"column":19},"end":{"line":6,"column":44}},"5":{"start":{"line":8,"column":0},"end":{"line":8,"column":77}},"6":{"start":{"line":9,"column":0},"end":{"line":9,"column":77}},"7":{"start":{"line":10,"column":0},"end":{"line":10,"column":87}},"8":{"start":{"line":11,"column":0},"end":{"line":11,"column":81}},"9":{"start":{"line":12,"column":0},"end":{"line":12,"column":96}},"10":{"start":{"line":14,"column":0},"end":{"line":14,"column":86}},"11":{"start":{"line":15,"column":0},"end":{"line":15,"column":81}},"12":{"start":{"line":16,"column":0},"end":{"line":16,"column":87}},"13":{"start":{"line":17,"column":0},"end":{"line":17,"column":102}},"14":{"start":{"line":19,"column":0},"end":{"line":19,"column":93}},"15":{"start":{"line":20,"column":0},"end":{"line":20,"column":78}},"16":{"start":{"line":22,"column":0},"end":{"line":22,"column":22}}},"fnMap":{},"branchMap":{},"s":{"0":0,"1":0,"2":0,"3":0,"4":0,"5":0,"6":0,"7":0,"8":0,"9":0,"10":0,"11":0,"12":0,"13":0,"14":0,"15":0,"16":0},"f":{},"b":{}}
,"C:\\Users\\HP\\teach2give\\projectGizmo\\backend\\src\\components\\analytics\\analytics.service.ts": {"path":"C:\\Users\\HP\\teach2give\\projectGizmo\\backend\\src\\components\\analytics\\analytics.service.ts","statementMap":{"0":{"start":{"line":1,"column":0},"end":{"line":1,"column":73}},"1":{"start":{"line":2,"column":0},"end":{"line":2,"column":null}},"2":{"start":{"line":11,"column":0},"end":{"line":11,"column":34}},"3":{"start":{"line":17,"column":22},"end":{"line":21,"column":28}},"4":{"start":{"line":21,"column":23},"end":{"line":21,"column":27}},"5":{"start":{"line":23,"column":8},"end":{"line":23,"column":55}},"6":{"start":{"line":23,"column":20},"end":{"line":23,"column":55}},"7":{"start":{"line":26,"column":28},"end":{"line":30,"column":34}},"8":{"start":{"line":30,"column":23},"end":{"line":30,"column":33}},"9":{"start":{"line":33,"column":33},"end":{"line":38,"column":34}},"10":{"start":{"line":38,"column":23},"end":{"line":38,"column":33}},"11":{"start":{"line":41,"column":29},"end":{"line":47,"column":36}},"12":{"start":{"line":47,"column":23},"end":{"line":47,"column":35}},"13":{"start":{"line":50,"column":22},"end":{"line":50,"column":32}},"14":{"start":{"line":51,"column":31},"end":{"line":60,"column":38}},"15":{"start":{"line":63,"column":31},"end":{"line":75,"column":22}},"16":{"start":{"line":78,"column":32},"end":{"line":88,"column":null}},"17":{"start":{"line":92,"column":30},"end":{"line":92,"column":null}},"18":{"start":{"line":99,"column":28},"end":{"line":109,"column":28}},"19":{"start":{"line":109,"column":23},"end":{"line":109,"column":27}},"20":{"start":{"line":111,"column":44},"end":{"line":111,"column":46}},"21":{"start":{"line":112,"column":8},"end":{"line":120,"column":9}},"22":{"start":{"line":113,"column":12},"end":{"line":119,"column":64}},"23":{"start":{"line":122,"column":8},"end":{"line":130,"column":10}},"24":{"start":{"line":135,"column":26},"end":{"line":144,"column":76}},"25":{"start":{"line":146,"column":8},"end":{"line":146,"column":23}},"26":{"start":{"line":151,"column":23},"end":{"line":160,"column":67}},"27":{"start":{"line":162,"column":8},"end":{"line":162,"column":22}},"28":{"start":{"line":167,"column":23},"end":{"line":176,"column":21}},"29":{"start":{"line":178,"column":8},"end":{"line":178,"column":22}},"30":{"start":{"line":183,"column":23},"end":{"line":188,"column":26}},"31":{"start":{"line":190,"column":8},"end":{"line":190,"column":25}},"32":{"start":{"line":195,"column":23},"end":{"line":208,"column":108}},"33":{"start":{"line":210,"column":8},"end":{"line":210,"column":22}},"34":{"start":{"line":216,"column":32},"end":{"line":221,"column":null}},"35":{"start":{"line":225,"column":35},"end":{"line":235,"column":57}},"36":{"start":{"line":237,"column":8},"end":{"line":240,"column":10}},"37":{"start":{"line":245,"column":24},"end":{"line":254,"column":61}},"38":{"start":{"line":256,"column":8},"end":{"line":256,"column":23}},"39":{"start":{"line":261,"column":35},"end":{"line":264,"column":82}},"40":{"start":{"line":266,"column":38},"end":{"line":269,"column":83}},"41":{"start":{"line":271,"column":8},"end":{"line":274,"column":10}},"42":{"start":{"line":280,"column":23},"end":{"line":283,"column":50}},"43":{"start":{"line":285,"column":25},"end":{"line":285,"column":46}},"44":{"start":{"line":285,"column":41},"end":{"line":285,"column":45}},"45":{"start":{"line":287,"column":8},"end":{"line":293,"column":9}},"46":{"start":{"line":288,"column":12},"end":{"line":292,"column":14}},"47":{"start":{"line":296,"column":31},"end":{"line":305,"column":54}},"48":{"start":{"line":307,"column":30},"end":{"line":307,"column":59}},"49":{"start":{"line":310,"column":31},"end":{"line":310,"column":32}},"50":{"start":{"line":311,"column":33},"end":{"line":311,"column":46}},"51":{"start":{"line":313,"column":8},"end":{"line":317,"column":10}},"52":{"start":{"line":322,"column":23},"end":{"line":334,"column":45}},"53":{"start":{"line":336,"column":8},"end":{"line":336,"column":22}},"54":{"start":{"line":13,"column":0},"end":{"line":13,"column":13}}},"fnMap":{"0":{"name":"(anonymous_1)","decl":{"start":{"line":15,"column":4},"end":{"line":15,"column":9}},"loc":{"start":{"line":15,"column":52},"end":{"line":131,"column":5}}},"1":{"name":"(anonymous_2)","decl":{"start":{"line":21,"column":18},"end":{"line":21,"column":19}},"loc":{"start":{"line":21,"column":23},"end":{"line":21,"column":27}}},"2":{"name":"(anonymous_3)","decl":{"start":{"line":30,"column":18},"end":{"line":30,"column":19}},"loc":{"start":{"line":30,"column":23},"end":{"line":30,"column":33}}},"3":{"name":"(anonymous_4)","decl":{"start":{"line":38,"column":18},"end":{"line":38,"column":19}},"loc":{"start":{"line":38,"column":23},"end":{"line":38,"column":33}}},"4":{"name":"(anonymous_5)","decl":{"start":{"line":47,"column":18},"end":{"line":47,"column":19}},"loc":{"start":{"line":47,"column":23},"end":{"line":47,"column":35}}},"5":{"name":"(anonymous_6)","decl":{"start":{"line":109,"column":18},"end":{"line":109,"column":19}},"loc":{"start":{"line":109,"column":23},"end":{"line":109,"column":27}}},"6":{"name":"(anonymous_7)","decl":{"start":{"line":134,"column":4},"end":{"line":134,"column":9}},"loc":{"start":{"line":134,"column":28},"end":{"line":147,"column":5}}},"7":{"name":"(anonymous_8)","decl":{"start":{"line":150,"column":4},"end":{"line":150,"column":9}},"loc":{"start":{"line":150,"column":31},"end":{"line":163,"column":5}}},"8":{"name":"(anonymous_9)","decl":{"start":{"line":166,"column":4},"end":{"line":166,"column":9}},"loc":{"start":{"line":166,"column":29},"end":{"line":179,"column":5}}},"9":{"name":"(anonymous_10)","decl":{"start":{"line":182,"column":4},"end":{"line":182,"column":9}},"loc":{"start":{"line":182,"column":36},"end":{"line":191,"column":5}}},"10":{"name":"(anonymous_11)","decl":{"start":{"line":194,"column":4},"end":{"line":194,"column":9}},"loc":{"start":{"line":194,"column":47},"end":{"line":211,"column":5}}},"11":{"name":"(anonymous_12)","decl":{"start":{"line":214,"column":4},"end":{"line":214,"column":9}},"loc":{"start":{"line":214,"column":41},"end":{"line":241,"column":5}}},"12":{"name":"(anonymous_13)","decl":{"start":{"line":244,"column":4},"end":{"line":244,"column":9}},"loc":{"start":{"line":244,"column":51},"end":{"line":257,"column":5}}},"13":{"name":"(anonymous_14)","decl":{"start":{"line":260,"column":4},"end":{"line":260,"column":9}},"loc":{"start":{"line":260,"column":44},"end":{"line":275,"column":5}}},"14":{"name":"(anonymous_15)","decl":{"start":{"line":278,"column":4},"end":{"line":278,"column":9}},"loc":{"start":{"line":278,"column":52},"end":{"line":318,"column":5}}},"15":{"name":"(anonymous_16)","decl":{"start":{"line":285,"column":36},"end":{"line":285,"column":37}},"loc":{"start":{"line":285,"column":41},"end":{"line":285,"column":45}}},"16":{"name":"(anonymous_17)","decl":{"start":{"line":321,"column":4},"end":{"line":321,"column":9}},"loc":{"start":{"line":321,"column":43},"end":{"line":337,"column":5}}}},"branchMap":{"0":{"loc":{"start":{"line":23,"column":8},"end":{"line":23,"column":55}},"type":"if","locations":[{"start":{"line":23,"column":8},"end":{"line":23,"column":55}},{"start":{},"end":{}}]},"1":{"loc":{"start":{"line":112,"column":8},"end":{"line":120,"column":9}},"type":"if","locations":[{"start":{"line":112,"column":8},"end":{"line":120,"column":9}},{"start":{},"end":{}}]},"2":{"loc":{"start":{"line":238,"column":26},"end":{"line":238,"column":63}},"type":"binary-expr","locations":[{"start":{"line":238,"column":26},"end":{"line":238,"column":58}},{"start":{"line":238,"column":62},"end":{"line":238,"column":63}}]},"3":{"loc":{"start":{"line":272,"column":26},"end":{"line":272,"column":59}},"type":"binary-expr","locations":[{"start":{"line":272,"column":26},"end":{"line":272,"column":54}},{"start":{"line":272,"column":58},"end":{"line":272,"column":59}}]},"4":{"loc":{"start":{"line":273,"column":29},"end":{"line":273,"column":65}},"type":"binary-expr","locations":[{"start":{"line":273,"column":29},"end":{"line":273,"column":60}},{"start":{"line":273,"column":64},"end":{"line":273,"column":65}}]},"5":{"loc":{"start":{"line":287,"column":8},"end":{"line":293,"column":9}},"type":"if","locations":[{"start":{"line":287,"column":8},"end":{"line":293,"column":9}},{"start":{},"end":{}}]},"6":{"loc":{"start":{"line":307,"column":30},"end":{"line":307,"column":59}},"type":"binary-expr","locations":[{"start":{"line":307,"column":30},"end":{"line":307,"column":54}},{"start":{"line":307,"column":58},"end":{"line":307,"column":59}}]}},"s":{"0":0,"1":0,"2":0,"3":0,"4":0,"5":0,"6":0,"7":0,"8":0,"9":0,"10":0,"11":0,"12":0,"13":0,"14":0,"15":0,"16":0,"17":0,"18":0,"19":0,"20":0,"21":0,"22":0,"23":0,"24":0,"25":0,"26":0,"27":0,"28":0,"29":0,"30":0,"31":0,"32":0,"33":0,"34":0,"35":0,"36":0,"37":0,"38":0,"39":0,"40":0,"41":0,"42":0,"43":0,"44":0,"45":0,"46":0,"47":0,"48":0,"49":0,"50":0,"51":0,"52":0,"53":0,"54":0},"f":{"0":0,"1":0,"2":0,"3":0,"4":0,"5":0,"6":0,"7":0,"8":0,"9":0,"10":0,"11":0,"12":0,"13":0,"14":0,"15":0,"16":0},"b":{"0":[0,0],"1":[0,0],"2":[0,0],"3":[0,0],"4":[0,0],"5":[0,0],"6":[0,0]}}
,"C:\\Users\\HP\\teach2give\\projectGizmo\\backend\\src\\components\\authentication\\authentication.controller.ts": {"path":"C:\\Users\\HP\\teach2give\\projectGizmo\\backend\\src\\components\\authentication\\authentication.controller.ts","statementMap":{"0":{"start":{"line":2,"column":0},"end":{"line":2,"column":54}},"1":{"start":{"line":3,"column":0},"end":{"line":3,"column":30}},"2":{"start":{"line":4,"column":0},"end":{"line":4,"column":31}},"3":{"start":{"line":5,"column":0},"end":{"line":5,"column":23}},"4":{"start":{"line":6,"column":0},"end":{"line":6,"column":55}},"5":{"start":{"line":10,"column":36},"end":{"line":47,"column":1}},"6":{"start":{"line":11,"column":4},"end":{"line":46,"column":5}},"7":{"start":{"line":12,"column":8},"end":{"line":12,"column":47}},"8":{"start":{"line":13,"column":33},"end":{"line":13,"column":41}},"9":{"start":{"line":14,"column":8},"end":{"line":14,"column":61}},"10":{"start":{"line":17,"column":41},"end":{"line":17,"column":84}},"11":{"start":{"line":18,"column":8},"end":{"line":18,"column":49}},"12":{"start":{"line":19,"column":8},"end":{"line":19,"column":32}},"13":{"start":{"line":21,"column":28},"end":{"line":21,"column":62}},"14":{"start":{"line":23,"column":8},"end":{"line":25,"column":9}},"15":{"start":{"line":24,"column":12},"end":{"line":24,"column":73}},"16":{"start":{"line":27,"column":8},"end":{"line":40,"column":9}},"17":{"start":{"line":28,"column":12},"end":{"line":37,"column":14}},"18":{"start":{"line":39,"column":12},"end":{"line":39,"column":76}},"19":{"start":{"line":42,"column":8},"end":{"line":42,"column":99}},"20":{"start":{"line":45,"column":8},"end":{"line":45,"column":62}},"21":{"start":{"line":10,"column":13},"end":{"line":10,"column":36}},"22":{"start":{"line":49,"column":36},"end":{"line":84,"column":1}},"23":{"start":{"line":50,"column":28},"end":{"line":50,"column":36}},"24":{"start":{"line":52,"column":4},"end":{"line":83,"column":5}},"25":{"start":{"line":53,"column":21},"end":{"line":53,"column":60}},"26":{"start":{"line":55,"column":8},"end":{"line":57,"column":9}},"27":{"start":{"line":56,"column":12},"end":{"line":56,"column":71}},"28":{"start":{"line":59,"column":8},"end":{"line":80,"column":9}},"29":{"start":{"line":60,"column":12},"end":{"line":60,"column":48}},"30":{"start":{"line":62,"column":12},"end":{"line":75,"column":13}},"31":{"start":{"line":63,"column":16},"end":{"line":72,"column":18}},"32":{"start":{"line":74,"column":16},"end":{"line":74,"column":88}},"33":{"start":{"line":77,"column":12},"end":{"line":77,"column":83}},"34":{"start":{"line":79,"column":12},"end":{"line":79,"column":82}},"35":{"start":{"line":82,"column":8},"end":{"line":82,"column":62}},"36":{"start":{"line":49,"column":13},"end":{"line":49,"column":36}},"37":{"start":{"line":87,"column":35},"end":{"line":137,"column":1}},"38":{"start":{"line":88,"column":4},"end":{"line":136,"column":5}},"39":{"start":{"line":89,"column":21},"end":{"line":89,"column":29}},"40":{"start":{"line":91,"column":26},"end":{"line":91,"column":59}},"41":{"start":{"line":92,"column":8},"end":{"line":94,"column":9}},"42":{"start":{"line":93,"column":12},"end":{"line":93,"column":71}},"43":{"start":{"line":96,"column":30},"end":{"line":96,"column":85}},"44":{"start":{"line":97,"column":8},"end":{"line":99,"column":9}},"45":{"start":{"line":98,"column":12},"end":{"line":98,"column":76}},"46":{"start":{"line":101,"column":8},"end":{"line":101,"column":null}},"47":{"start":{"line":103,"column":8},"end":{"line":105,"column":9}},"48":{"start":{"line":104,"column":12},"end":{"line":104,"column":77}},"49":{"start":{"line":107,"column":24},"end":{"line":114,"column":10}},"50":{"start":{"line":116,"column":23},"end":{"line":116,"column":55}},"51":{"start":{"line":117,"column":8},"end":{"line":119,"column":9}},"52":{"start":{"line":118,"column":12},"end":{"line":118,"column":83}},"53":{"start":{"line":121,"column":22},"end":{"line":121,"column":47}},"54":{"start":{"line":123,"column":8},"end":{"line":133,"column":11}},"55":{"start":{"line":135,"column":8},"end":{"line":135,"column":62}},"56":{"start":{"line":87,"column":13},"end":{"line":87,"column":35}},"57":{"start":{"line":139,"column":37},"end":{"line":151,"column":1}},"58":{"start":{"line":140,"column":4},"end":{"line":150,"column":5}},"59":{"start":{"line":141,"column":21},"end":{"line":141,"column":75}},"60":{"start":{"line":143,"column":8},"end":{"line":145,"column":9}},"61":{"start":{"line":144,"column":12},"end":{"line":144,"column":71}},"62":{"start":{"line":147,"column":8},"end":{"line":147,"column":42}},"63":{"start":{"line":149,"column":8},"end":{"line":149,"column":62}},"64":{"start":{"line":139,"column":13},"end":{"line":139,"column":37}},"65":{"start":{"line":153,"column":37},"end":{"line":165,"column":1}},"66":{"start":{"line":154,"column":4},"end":{"line":164,"column":5}},"67":{"start":{"line":155,"column":22},"end":{"line":155,"column":53}},"68":{"start":{"line":157,"column":8},"end":{"line":159,"column":9}},"69":{"start":{"line":158,"column":12},"end":{"line":158,"column":72}},"70":{"start":{"line":161,"column":8},"end":{"line":161,"column":43}},"71":{"start":{"line":163,"column":8},"end":{"line":163,"column":62}},"72":{"start":{"line":153,"column":13},"end":{"line":153,"column":37}},"73":{"start":{"line":167,"column":37},"end":{"line":187,"column":1}},"74":{"start":{"line":168,"column":4},"end":{"line":186,"column":5}},"75":{"start":{"line":169,"column":29},"end":{"line":169,"column":37}},"76":{"start":{"line":171,"column":8},"end":{"line":173,"column":9}},"77":{"start":{"line":172,"column":12},"end":{"line":172,"column":72}},"78":{"start":{"line":175,"column":23},"end":{"line":175,"column":33}},"79":{"start":{"line":177,"column":28},"end":{"line":177,"column":74}},"80":{"start":{"line":179,"column":8},"end":{"line":181,"column":9}},"81":{"start":{"line":180,"column":12},"end":{"line":180,"column":97}},"82":{"start":{"line":183,"column":8},"end":{"line":183,"column":102}},"83":{"start":{"line":185,"column":8},"end":{"line":185,"column":62}},"84":{"start":{"line":167,"column":13},"end":{"line":167,"column":37}}},"fnMap":{"0":{"name":"(anonymous_1)","decl":{"start":{"line":10,"column":36},"end":{"line":10,"column":41}},"loc":{"start":{"line":10,"column":74},"end":{"line":47,"column":1}}},"1":{"name":"(anonymous_2)","decl":{"start":{"line":49,"column":36},"end":{"line":49,"column":41}},"loc":{"start":{"line":49,"column":74},"end":{"line":84,"column":1}}},"2":{"name":"(anonymous_3)","decl":{"start":{"line":87,"column":35},"end":{"line":87,"column":40}},"loc":{"start":{"line":87,"column":73},"end":{"line":137,"column":1}}},"3":{"name":"(anonymous_4)","decl":{"start":{"line":139,"column":37},"end":{"line":139,"column":42}},"loc":{"start":{"line":139,"column":75},"end":{"line":151,"column":1}}},"4":{"name":"(anonymous_5)","decl":{"start":{"line":153,"column":37},"end":{"line":153,"column":42}},"loc":{"start":{"line":153,"column":75},"end":{"line":165,"column":1}}},"5":{"name":"(anonymous_6)","decl":{"start":{"line":167,"column":37},"end":{"line":167,"column":42}},"loc":{"start":{"line":167,"column":75},"end":{"line":187,"column":1}}}},"branchMap":{"0":{"loc":{"start":{"line":23,"column":8},"end":{"line":25,"column":9}},"type":"if","locations":[{"start":{"line":23,"column":8},"end":{"line":25,"column":9}},{"start":{},"end":{}}]},"1":{"loc":{"start":{"line":55,"column":8},"end":{"line":57,"column":9}},"type":"if","locations":[{"start":{"line":55,"column":8},"end":{"line":57,"column":9}},{"start":{},"end":{}}]},"2":{"loc":{"start":{"line":59,"column":8},"end":{"line":80,"column":9}},"type":"if","locations":[{"start":{"line":59,"column":8},"end":{"line":80,"column":9}},{"start":{"line":78,"column":15},"end":{"line":80,"column":9}}]},"3":{"loc":{"start":{"line":92,"column":8},"end":{"line":94,"column":9}},"type":"if","locations":[{"start":{"line":92,"column":8},"end":{"line":94,"column":9}},{"start":{},"end":{}}]},"4":{"loc":{"start":{"line":97,"column":8},"end":{"line":99,"column":9}},"type":"if","locations":[{"start":{"line":97,"column":8},"end":{"line":99,"column":9}},{"start":{},"end":{}}]},"5":{"loc":{"start":{"line":103,"column":8},"end":{"line":105,"column":9}},"type":"if","locations":[{"start":{"line":103,"column":8},"end":{"line":105,"column":9}},{"start":{},"end":{}}]},"6":{"loc":{"start":{"line":117,"column":8},"end":{"line":119,"column":9}},"type":"if","locations":[{"start":{"line":117,"column":8},"end":{"line":119,"column":9}},{"start":{},"end":{}}]},"7":{"loc":{"start":{"line":143,"column":8},"end":{"line":145,"column":9}},"type":"if","locations":[{"start":{"line":143,"column":8},"end":{"line":145,"column":9}},{"start":{},"end":{}}]},"8":{"loc":{"start":{"line":157,"column":8},"end":{"line":159,"column":9}},"type":"if","locations":[{"start":{"line":157,"column":8},"end":{"line":159,"column":9}},{"start":{},"end":{}}]},"9":{"loc":{"start":{"line":171,"column":8},"end":{"line":173,"column":9}},"type":"if","locations":[{"start":{"line":171,"column":8},"end":{"line":173,"column":9}},{"start":{},"end":{}}]},"10":{"loc":{"start":{"line":171,"column":12},"end":{"line":171,"column":36}},"type":"binary-expr","locations":[{"start":{"line":171,"column":12},"end":{"line":171,"column":15}},{"start":{"line":171,"column":19},"end":{"line":171,"column":36}}]},"11":{"loc":{"start":{"line":179,"column":8},"end":{"line":181,"column":9}},"type":"if","locations":[{"start":{"line":179,"column":8},"end":{"line":181,"column":9}},{"start":{},"end":{}}]}},"s":{"0":0,"1":0,"2":0,"3":0,"4":0,"5":0,"6":0,"7":0,"8":0,"9":0,"10":0,"11":0,"12":0,"13":0,"14":0,"15":0,"16":0,"17":0,"18":0,"19":0,"20":0,"21":0,"22":0,"23":0,"24":0,"25":0,"26":0,"27":0,"28":0,"29":0,"30":0,"31":0,"32":0,"33":0,"34":0,"35":0,"36":0,"37":0,"38":0,"39":0,"40":0,"41":0,"42":0,"43":0,"44":0,"45":0,"46":0,"47":0,"48":0,"49":0,"50":0,"51":0,"52":0,"53":0,"54":0,"55":0,"56":0,"57":0,"58":0,"59":0,"60":0,"61":0,"62":0,"63":0,"64":0,"65":0,"66":0,"67":0,"68":0,"69":0,"70":0,"71":0,"72":0,"73":0,"74":0,"75":0,"76":0,"77":0,"78":0,"79":0,"80":0,"81":0,"82":0,"83":0,"84":0},"f":{"0":0,"1":0,"2":0,"3":0,"4":0,"5":0},"b":{"0":[0,0],"1":[0,0],"2":[0,0],"3":[0,0],"4":[0,0],"5":[0,0],"6":[0,0],"7":[0,0],"8":[0,0],"9":[0,0],"10":[0,0],"11":[0,0]}}
,"C:\\Users\\HP\\teach2give\\projectGizmo\\backend\\src\\components\\authentication\\authentication.router.ts": {"path":"C:\\Users\\HP\\teach2give\\projectGizmo\\backend\\src\\components\\authentication\\authentication.router.ts","statementMap":{"0":{"start":{"line":1,"column":0},"end":{"line":1,"column":33}},"1":{"start":{"line":2,"column":0},"end":{"line":2,"column":null}},"2":{"start":{"line":9,"column":0},"end":{"line":9,"column":51}},"3":{"start":{"line":12,"column":15},"end":{"line":12,"column":23}},"4":{"start":{"line":14,"column":0},"end":{"line":14,"column":66}},"5":{"start":{"line":15,"column":0},"end":{"line":15,"column":64}},"6":{"start":{"line":16,"column":0},"end":{"line":16,"column":62}},"7":{"start":{"line":17,"column":0},"end":{"line":17,"column":66}},"8":{"start":{"line":19,"column":0},"end":{"line":19,"column":64}},"9":{"start":{"line":20,"column":0},"end":{"line":20,"column":70}},"10":{"start":{"line":23,"column":0},"end":{"line":23,"column":22}}},"fnMap":{},"branchMap":{},"s":{"0":0,"1":0,"2":0,"3":0,"4":0,"5":0,"6":0,"7":0,"8":0,"9":0,"10":0},"f":{},"b":{}}
,"C:\\Users\\HP\\teach2give\\projectGizmo\\backend\\src\\components\\authentication\\authentication.service.ts": {"path":"C:\\Users\\HP\\teach2give\\projectGizmo\\backend\\src\\components\\authentication\\authentication.service.ts","statementMap":{"0":{"start":{"line":1,"column":0},"end":{"line":1,"column":38}},"1":{"start":{"line":2,"column":0},"end":{"line":2,"column":34}},"2":{"start":{"line":3,"column":0},"end":{"line":3,"column":71}},"3":{"start":{"line":7,"column":8},"end":{"line":13,"column":9}},"4":{"start":{"line":8,"column":27},"end":{"line":8,"column":73}},"5":{"start":{"line":9,"column":12},"end":{"line":9,"column":29}},"6":{"start":{"line":11,"column":12},"end":{"line":11,"column":57}},"7":{"start":{"line":12,"column":12},"end":{"line":12,"column":54}},"8":{"start":{"line":17,"column":8},"end":{"line":24,"column":9}},"9":{"start":{"line":18,"column":12},"end":{"line":20,"column":15}},"10":{"start":{"line":22,"column":12},"end":{"line":22,"column":66}},"11":{"start":{"line":23,"column":12},"end":{"line":23,"column":62}},"12":{"start":{"line":28,"column":8},"end":{"line":44,"column":9}},"13":{"start":{"line":29,"column":27},"end":{"line":32,"column":28}},"14":{"start":{"line":34,"column":12},"end":{"line":36,"column":13}},"15":{"start":{"line":35,"column":16},"end":{"line":35,"column":68}},"16":{"start":{"line":38,"column":12},"end":{"line":38,"column":29}},"17":{"start":{"line":40,"column":12},"end":{"line":40,"column":82}},"18":{"start":{"line":40,"column":70},"end":{"line":40,"column":82}},"19":{"start":{"line":42,"column":12},"end":{"line":42,"column":58}},"20":{"start":{"line":43,"column":12},"end":{"line":43,"column":54}},"21":{"start":{"line":48,"column":8},"end":{"line":74,"column":9}},"22":{"start":{"line":49,"column":30},"end":{"line":49,"column":34}},"23":{"start":{"line":51,"column":33},"end":{"line":62,"column":14}},"24":{"start":{"line":64,"column":12},"end":{"line":66,"column":13}},"25":{"start":{"line":65,"column":16},"end":{"line":65,"column":51}},"26":{"start":{"line":68,"column":12},"end":{"line":68,"column":32}},"27":{"start":{"line":70,"column":12},"end":{"line":70,"column":65}},"28":{"start":{"line":70,"column":53},"end":{"line":70,"column":65}},"29":{"start":{"line":72,"column":12},"end":{"line":72,"column":61}},"30":{"start":{"line":73,"column":12},"end":{"line":73,"column":53}},"31":{"start":{"line":78,"column":8},"end":{"line":93,"column":9}},"32":{"start":{"line":79,"column":25},"end":{"line":81,"column":14}},"33":{"start":{"line":83,"column":12},"end":{"line":85,"column":13}},"34":{"start":{"line":84,"column":16},"end":{"line":84,"column":51}},"35":{"start":{"line":87,"column":12},"end":{"line":87,"column":24}},"36":{"start":{"line":89,"column":12},"end":{"line":89,"column":65}},"37":{"start":{"line":89,"column":53},"end":{"line":89,"column":65}},"38":{"start":{"line":91,"column":12},"end":{"line":91,"column":63}},"39":{"start":{"line":92,"column":12},"end":{"line":92,"column":59}},"40":{"start":{"line":97,"column":8},"end":{"line":102,"column":9}},"41":{"start":{"line":98,"column":12},"end":{"line":98,"column":50}},"42":{"start":{"line":100,"column":12},"end":{"line":100,"column":62}},"43":{"start":{"line":101,"column":12},"end":{"line":101,"column":58}},"44":{"start":{"line":106,"column":8},"end":{"line":132,"column":9}},"45":{"start":{"line":107,"column":25},"end":{"line":109,"column":14}},"46":{"start":{"line":111,"column":12},"end":{"line":113,"column":13}},"47":{"start":{"line":112,"column":16},"end":{"line":112,"column":51}},"48":{"start":{"line":115,"column":33},"end":{"line":115,"column":72}},"49":{"start":{"line":116,"column":12},"end":{"line":118,"column":13}},"50":{"start":{"line":117,"column":16},"end":{"line":117,"column":58}},"51":{"start":{"line":120,"column":32},"end":{"line":123,"column":28}},"52":{"start":{"line":125,"column":12},"end":{"line":125,"column":34}},"53":{"start":{"line":127,"column":12},"end":{"line":127,"column":65}},"54":{"start":{"line":127,"column":53},"end":{"line":127,"column":65}},"55":{"start":{"line":128,"column":12},"end":{"line":128,"column":72}},"56":{"start":{"line":128,"column":60},"end":{"line":128,"column":72}},"57":{"start":{"line":130,"column":12},"end":{"line":130,"column":62}},"58":{"start":{"line":131,"column":12},"end":{"line":131,"column":59}},"59":{"start":{"line":5,"column":0},"end":{"line":5,"column":13}}},"fnMap":{"0":{"name":"(anonymous_1)","decl":{"start":{"line":6,"column":4},"end":{"line":6,"column":10}},"loc":{"start":{"line":6,"column":44},"end":{"line":14,"column":5}}},"1":{"name":"(anonymous_2)","decl":{"start":{"line":16,"column":4},"end":{"line":16,"column":10}},"loc":{"start":{"line":16,"column":45},"end":{"line":25,"column":5}}},"2":{"name":"(anonymous_3)","decl":{"start":{"line":27,"column":4},"end":{"line":27,"column":10}},"loc":{"start":{"line":27,"column":41},"end":{"line":45,"column":5}}},"3":{"name":"(anonymous_4)","decl":{"start":{"line":47,"column":4},"end":{"line":47,"column":10}},"loc":{"start":{"line":47,"column":43},"end":{"line":75,"column":5}}},"4":{"name":"(anonymous_5)","decl":{"start":{"line":77,"column":4},"end":{"line":77,"column":10}},"loc":{"start":{"line":77,"column":39},"end":{"line":94,"column":5}}},"5":{"name":"(anonymous_6)","decl":{"start":{"line":96,"column":4},"end":{"line":96,"column":10}},"loc":{"start":{"line":96,"column":28},"end":{"line":103,"column":5}}},"6":{"name":"(anonymous_7)","decl":{"start":{"line":105,"column":4},"end":{"line":105,"column":10}},"loc":{"start":{"line":105,"column":66},"end":{"line":133,"column":5}}}},"branchMap":{"0":{"loc":{"start":{"line":34,"column":12},"end":{"line":36,"column":13}},"type":"if","locations":[{"start":{"line":34,"column":12},"end":{"line":36,"column":13}},{"start":{},"end":{}}]},"1":{"loc":{"start":{"line":40,"column":12},"end":{"line":40,"column":82}},"type":"if","locations":[{"start":{"line":40,"column":12},"end":{"line":40,"column":82}},{"start":{},"end":{}}]},"2":{"loc":{"start":{"line":64,"column":12},"end":{"line":66,"column":13}},"type":"if","locations":[{"start":{"line":64,"column":12},"end":{"line":66,"column":13}},{"start":{},"end":{}}]},"3":{"loc":{"start":{"line":70,"column":12},"end":{"line":70,"column":65}},"type":"if","locations":[{"start":{"line":70,"column":12},"end":{"line":70,"column":65}},{"start":{},"end":{}}]},"4":{"loc":{"start":{"line":83,"column":12},"end":{"line":85,"column":13}},"type":"if","locations":[{"start":{"line":83,"column":12},"end":{"line":85,"column":13}},{"start":{},"end":{}}]},"5":{"loc":{"start":{"line":89,"column":12},"end":{"line":89,"column":65}},"type":"if","locations":[{"start":{"line":89,"column":12},"end":{"line":89,"column":65}},{"start":{},"end":{}}]},"6":{"loc":{"start":{"line":111,"column":12},"end":{"line":113,"column":13}},"type":"if","locations":[{"start":{"line":111,"column":12},"end":{"line":113,"column":13}},{"start":{},"end":{}}]},"7":{"loc":{"start":{"line":116,"column":12},"end":{"line":118,"column":13}},"type":"if","locations":[{"start":{"line":116,"column":12},"end":{"line":118,"column":13}},{"start":{},"end":{}}]},"8":{"loc":{"start":{"line":127,"column":12},"end":{"line":127,"column":65}},"type":"if","locations":[{"start":{"line":127,"column":12},"end":{"line":127,"column":65}},{"start":{},"end":{}}]},"9":{"loc":{"start":{"line":128,"column":12},"end":{"line":128,"column":72}},"type":"if","locations":[{"start":{"line":128,"column":12},"end":{"line":128,"column":72}},{"start":{},"end":{}}]}},"s":{"0":0,"1":0,"2":0,"3":0,"4":0,"5":0,"6":0,"7":0,"8":0,"9":0,"10":0,"11":0,"12":0,"13":0,"14":0,"15":0,"16":0,"17":0,"18":0,"19":0,"20":0,"21":0,"22":0,"23":0,"24":0,"25":0,"26":0,"27":0,"28":0,"29":0,"30":0,"31":0,"32":0,"33":0,"34":0,"35":0,"36":0,"37":0,"38":0,"39":0,"40":0,"41":0,"42":0,"43":0,"44":0,"45":0,"46":0,"47":0,"48":0,"49":0,"50":0,"51":0,"52":0,"53":0,"54":0,"55":0,"56":0,"57":0,"58":0,"59":0},"f":{"0":0,"1":0,"2":0,"3":0,"4":0,"5":0,"6":0},"b":{"0":[0,0],"1":[0,0],"2":[0,0],"3":[0,0],"4":[0,0],"5":[0,0],"6":[0,0],"7":[0,0],"8":[0,0],"9":[0,0]}}
,"C:\\Users\\HP\\teach2give\\projectGizmo\\backend\\src\\components\\customerSupport\\customerSupport.controller.ts": {"path":"C:\\Users\\HP\\teach2give\\projectGizmo\\backend\\src\\components\\customerSupport\\customerSupport.controller.ts","statementMap":{"0":{"start":{"line":2,"column":0},"end":{"line":2,"column":67}},"1":{"start":{"line":5,"column":13},"end":{"line":16,"column":5}},"2":{"start":{"line":6,"column":8},"end":{"line":15,"column":9}},"3":{"start":{"line":7,"column":28},"end":{"line":7,"column":65}},"4":{"start":{"line":8,"column":12},"end":{"line":10,"column":13}},"5":{"start":{"line":9,"column":16},"end":{"line":9,"column":86}},"6":{"start":{"line":11,"column":12},"end":{"line":11,"column":49}},"7":{"start":{"line":13,"column":12},"end":{"line":13,"column":68}},"8":{"start":{"line":14,"column":12},"end":{"line":14,"column":110}},"9":{"start":{"line":18,"column":14},"end":{"line":34,"column":5}},"10":{"start":{"line":19,"column":19},"end":{"line":19,"column":40}},"11":{"start":{"line":20,"column":8},"end":{"line":22,"column":9}},"12":{"start":{"line":21,"column":12},"end":{"line":21,"column":74}},"13":{"start":{"line":24,"column":8},"end":{"line":33,"column":9}},"14":{"start":{"line":25,"column":27},"end":{"line":25,"column":67}},"15":{"start":{"line":26,"column":12},"end":{"line":28,"column":13}},"16":{"start":{"line":27,"column":16},"end":{"line":27,"column":85}},"17":{"start":{"line":29,"column":12},"end":{"line":29,"column":48}},"18":{"start":{"line":31,"column":12},"end":{"line":31,"column":81}},"19":{"start":{"line":32,"column":12},"end":{"line":32,"column":109}},"20":{"start":{"line":36,"column":13},"end":{"line":44,"column":5}},"21":{"start":{"line":37,"column":8},"end":{"line":43,"column":9}},"22":{"start":{"line":38,"column":30},"end":{"line":38,"column":75}},"23":{"start":{"line":39,"column":12},"end":{"line":39,"column":51}},"24":{"start":{"line":41,"column":12},"end":{"line":41,"column":67}},"25":{"start":{"line":42,"column":12},"end":{"line":42,"column":110}},"26":{"start":{"line":46,"column":13},"end":{"line":62,"column":5}},"27":{"start":{"line":47,"column":19},"end":{"line":47,"column":40}},"28":{"start":{"line":48,"column":8},"end":{"line":50,"column":9}},"29":{"start":{"line":49,"column":12},"end":{"line":49,"column":74}},"30":{"start":{"line":52,"column":8},"end":{"line":61,"column":9}},"31":{"start":{"line":53,"column":34},"end":{"line":53,"column":83}},"32":{"start":{"line":54,"column":12},"end":{"line":56,"column":13}},"33":{"start":{"line":55,"column":16},"end":{"line":55,"column":85}},"34":{"start":{"line":57,"column":12},"end":{"line":57,"column":55}},"35":{"start":{"line":59,"column":12},"end":{"line":59,"column":81}},"36":{"start":{"line":60,"column":12},"end":{"line":60,"column":110}},"37":{"start":{"line":64,"column":13},"end":{"line":80,"column":5}},"38":{"start":{"line":65,"column":19},"end":{"line":65,"column":40}},"39":{"start":{"line":66,"column":8},"end":{"line":68,"column":9}},"40":{"start":{"line":67,"column":12},"end":{"line":67,"column":74}},"41":{"start":{"line":70,"column":8},"end":{"line":79,"column":9}},"42":{"start":{"line":71,"column":34},"end":{"line":71,"column":73}},"43":{"start":{"line":72,"column":12},"end":{"line":74,"column":13}},"44":{"start":{"line":73,"column":16},"end":{"line":73,"column":85}},"45":{"start":{"line":75,"column":12},"end":{"line":75,"column":115}},"46":{"start":{"line":77,"column":12},"end":{"line":77,"column":81}},"47":{"start":{"line":78,"column":12},"end":{"line":78,"column":110}},"48":{"start":{"line":4,"column":0},"end":{"line":4,"column":13}},"49":{"start":{"line":83,"column":13},"end":{"line":83,"column":73}}},"fnMap":{"0":{"name":"(anonymous_0)","decl":{"start":{"line":5,"column":13},"end":{"line":5,"column":18}},"loc":{"start":{"line":5,"column":51},"end":{"line":16,"column":5}}},"1":{"name":"(anonymous_1)","decl":{"start":{"line":18,"column":14},"end":{"line":18,"column":19}},"loc":{"start":{"line":18,"column":52},"end":{"line":34,"column":5}}},"2":{"name":"(anonymous_2)","decl":{"start":{"line":36,"column":13},"end":{"line":36,"column":18}},"loc":{"start":{"line":36,"column":51},"end":{"line":44,"column":5}}},"3":{"name":"(anonymous_3)","decl":{"start":{"line":46,"column":13},"end":{"line":46,"column":18}},"loc":{"start":{"line":46,"column":51},"end":{"line":62,"column":5}}},"4":{"name":"(anonymous_4)","decl":{"start":{"line":64,"column":13},"end":{"line":64,"column":18}},"loc":{"start":{"line":64,"column":51},"end":{"line":80,"column":5}}}},"branchMap":{"0":{"loc":{"start":{"line":8,"column":12},"end":{"line":10,"column":13}},"type":"if","locations":[{"start":{"line":8,"column":12},"end":{"line":10,"column":13}},{"start":{},"end":{}}]},"1":{"loc":{"start":{"line":20,"column":8},"end":{"line":22,"column":9}},"type":"if","locations":[{"start":{"line":20,"column":8},"end":{"line":22,"column":9}},{"start":{},"end":{}}]},"2":{"loc":{"start":{"line":26,"column":12},"end":{"line":28,"column":13}},"type":"if","locations":[{"start":{"line":26,"column":12},"end":{"line":28,"column":13}},{"start":{},"end":{}}]},"3":{"loc":{"start":{"line":48,"column":8},"end":{"line":50,"column":9}},"type":"if","locations":[{"start":{"line":48,"column":8},"end":{"line":50,"column":9}},{"start":{},"end":{}}]},"4":{"loc":{"start":{"line":54,"column":12},"end":{"line":56,"column":13}},"type":"if","locations":[{"start":{"line":54,"column":12},"end":{"line":56,"column":13}},{"start":{},"end":{}}]},"5":{"loc":{"start":{"line":66,"column":8},"end":{"line":68,"column":9}},"type":"if","locations":[{"start":{"line":66,"column":8},"end":{"line":68,"column":9}},{"start":{},"end":{}}]},"6":{"loc":{"start":{"line":72,"column":12},"end":{"line":74,"column":13}},"type":"if","locations":[{"start":{"line":72,"column":12},"end":{"line":74,"column":13}},{"start":{},"end":{}}]}},"s":{"0":0,"1":0,"2":0,"3":0,"4":0,"5":0,"6":0,"7":0,"8":0,"9":0,"10":0,"11":0,"12":0,"13":0,"14":0,"15":0,"16":0,"17":0,"18":0,"19":0,"20":0,"21":0,"22":0,"23":0,"24":0,"25":0,"26":0,"27":0,"28":0,"29":0,"30":0,"31":0,"32":0,"33":0,"34":0,"35":0,"36":0,"37":0,"38":0,"39":0,"40":0,"41":0,"42":0,"43":0,"44":0,"45":0,"46":0,"47":0,"48":0,"49":0},"f":{"0":0,"1":0,"2":0,"3":0,"4":0},"b":{"0":[0,0],"1":[0,0],"2":[0,0],"3":[0,0],"4":[0,0],"5":[0,0],"6":[0,0]}}
,"C:\\Users\\HP\\teach2give\\projectGizmo\\backend\\src\\components\\customerSupport\\customerSupport.routes.ts": {"path":"C:\\Users\\HP\\teach2give\\projectGizmo\\backend\\src\\components\\customerSupport\\customerSupport.routes.ts","statementMap":{"0":{"start":{"line":1,"column":0},"end":{"line":1,"column":33}},"1":{"start":{"line":2,"column":0},"end":{"line":2,"column":73}},"2":{"start":{"line":3,"column":0},"end":{"line":3,"column":51}},"3":{"start":{"line":5,"column":15},"end":{"line":5,"column":23}},"4":{"start":{"line":7,"column":0},"end":{"line":7,"column":79}},"5":{"start":{"line":8,"column":0},"end":{"line":8,"column":84}},"6":{"start":{"line":9,"column":0},"end":{"line":9,"column":80}},"7":{"start":{"line":10,"column":0},"end":{"line":10,"column":83}},"8":{"start":{"line":11,"column":0},"end":{"line":11,"column":86}},"9":{"start":{"line":13,"column":0},"end":{"line":13,"column":22}}},"fnMap":{},"branchMap":{},"s":{"0":0,"1":0,"2":0,"3":0,"4":0,"5":0,"6":0,"7":0,"8":0,"9":0},"f":{},"b":{}}
,"C:\\Users\\HP\\teach2give\\projectGizmo\\backend\\src\\components\\customerSupport\\customerSupport.service.ts": {"path":"C:\\Users\\HP\\teach2give\\projectGizmo\\backend\\src\\components\\customerSupport\\customerSupport.service.ts","statementMap":{"0":{"start":{"line":1,"column":0},"end":{"line":1,"column":34}},"1":{"start":{"line":2,"column":0},"end":{"line":2,"column":78}},"2":{"start":{"line":3,"column":0},"end":{"line":3,"column":33}},"3":{"start":{"line":7,"column":8},"end":{"line":13,"column":9}},"4":{"start":{"line":8,"column":28},"end":{"line":8,"column":67}},"5":{"start":{"line":9,"column":12},"end":{"line":9,"column":27}},"6":{"start":{"line":11,"column":12},"end":{"line":11,"column":77}},"7":{"start":{"line":12,"column":12},"end":{"line":12,"column":76}},"8":{"start":{"line":17,"column":8},"end":{"line":26,"column":9}},"9":{"start":{"line":18,"column":27},"end":{"line":18,"column":100}},"10":{"start":{"line":19,"column":12},"end":{"line":21,"column":13}},"11":{"start":{"line":20,"column":16},"end":{"line":20,"column":28}},"12":{"start":{"line":22,"column":12},"end":{"line":22,"column":29}},"13":{"start":{"line":24,"column":12},"end":{"line":24,"column":90}},"14":{"start":{"line":25,"column":12},"end":{"line":25,"column":75}},"15":{"start":{"line":30,"column":8},"end":{"line":36,"column":9}},"16":{"start":{"line":31,"column":27},"end":{"line":31,"column":91}},"17":{"start":{"line":32,"column":12},"end":{"line":32,"column":29}},"18":{"start":{"line":34,"column":12},"end":{"line":34,"column":76}},"19":{"start":{"line":35,"column":12},"end":{"line":35,"column":73}},"20":{"start":{"line":40,"column":8},"end":{"line":49,"column":9}},"21":{"start":{"line":41,"column":27},"end":{"line":41,"column":121}},"22":{"start":{"line":42,"column":12},"end":{"line":44,"column":13}},"23":{"start":{"line":43,"column":16},"end":{"line":43,"column":28}},"24":{"start":{"line":45,"column":12},"end":{"line":45,"column":29}},"25":{"start":{"line":47,"column":12},"end":{"line":47,"column":90}},"26":{"start":{"line":48,"column":12},"end":{"line":48,"column":73}},"27":{"start":{"line":53,"column":8},"end":{"line":62,"column":9}},"28":{"start":{"line":54,"column":27},"end":{"line":54,"column":105}},"29":{"start":{"line":55,"column":12},"end":{"line":57,"column":13}},"30":{"start":{"line":56,"column":16},"end":{"line":56,"column":28}},"31":{"start":{"line":58,"column":12},"end":{"line":58,"column":29}},"32":{"start":{"line":60,"column":12},"end":{"line":60,"column":90}},"33":{"start":{"line":61,"column":12},"end":{"line":61,"column":73}},"34":{"start":{"line":5,"column":0},"end":{"line":5,"column":13}},"35":{"start":{"line":66,"column":13},"end":{"line":66,"column":67}}},"fnMap":{"0":{"name":"(anonymous_1)","decl":{"start":{"line":6,"column":4},"end":{"line":6,"column":9}},"loc":{"start":{"line":6,"column":16},"end":{"line":14,"column":5}}},"1":{"name":"(anonymous_2)","decl":{"start":{"line":16,"column":4},"end":{"line":16,"column":9}},"loc":{"start":{"line":16,"column":28},"end":{"line":27,"column":5}}},"2":{"name":"(anonymous_3)","decl":{"start":{"line":29,"column":4},"end":{"line":29,"column":9}},"loc":{"start":{"line":29,"column":51},"end":{"line":37,"column":5}}},"3":{"name":"(anonymous_4)","decl":{"start":{"line":39,"column":4},"end":{"line":39,"column":9}},"loc":{"start":{"line":39,"column":71},"end":{"line":50,"column":5}}},"4":{"name":"(anonymous_5)","decl":{"start":{"line":52,"column":4},"end":{"line":52,"column":9}},"loc":{"start":{"line":52,"column":27},"end":{"line":63,"column":5}}}},"branchMap":{"0":{"loc":{"start":{"line":19,"column":12},"end":{"line":21,"column":13}},"type":"if","locations":[{"start":{"line":19,"column":12},"end":{"line":21,"column":13}},{"start":{},"end":{}}]},"1":{"loc":{"start":{"line":42,"column":12},"end":{"line":44,"column":13}},"type":"if","locations":[{"start":{"line":42,"column":12},"end":{"line":44,"column":13}},{"start":{},"end":{}}]},"2":{"loc":{"start":{"line":55,"column":12},"end":{"line":57,"column":13}},"type":"if","locations":[{"start":{"line":55,"column":12},"end":{"line":57,"column":13}},{"start":{},"end":{}}]}},"s":{"0":0,"1":0,"2":0,"3":0,"4":0,"5":0,"6":0,"7":0,"8":0,"9":0,"10":0,"11":0,"12":0,"13":0,"14":0,"15":0,"16":0,"17":0,"18":0,"19":0,"20":0,"21":0,"22":0,"23":0,"24":0,"25":0,"26":0,"27":0,"28":0,"29":0,"30":0,"31":0,"32":0,"33":0,"34":0,"35":0},"f":{"0":0,"1":0,"2":0,"3":0,"4":0},"b":{"0":[0,0],"1":[0,0],"2":[0,0]}}
,"C:\\Users\\HP\\teach2give\\projectGizmo\\backend\\src\\components\\event\\event.controller.ts": {"path":"C:\\Users\\HP\\teach2give\\projectGizmo\\backend\\src\\components\\event\\event.controller.ts","statementMap":{"0":{"start":{"line":2,"column":0},"end":{"line":2,"column":47}},"1":{"start":{"line":5,"column":14},"end":{"line":18,"column":5}},"2":{"start":{"line":6,"column":24},"end":{"line":10,"column":10}},"3":{"start":{"line":12,"column":8},"end":{"line":17,"column":9}},"4":{"start":{"line":13,"column":27},"end":{"line":13,"column":67}},"5":{"start":{"line":14,"column":12},"end":{"line":14,"column":29}},"6":{"start":{"line":16,"column":12},"end":{"line":16,"column":79}},"7":{"start":{"line":20,"column":15},"end":{"line":29,"column":5}},"8":{"start":{"line":21,"column":19},"end":{"line":21,"column":40}},"9":{"start":{"line":22,"column":8},"end":{"line":28,"column":9}},"10":{"start":{"line":23,"column":26},"end":{"line":23,"column":61}},"11":{"start":{"line":24,"column":12},"end":{"line":24,"column":84}},"12":{"start":{"line":24,"column":24},"end":{"line":24,"column":84}},"13":{"start":{"line":25,"column":12},"end":{"line":25,"column":28}},"14":{"start":{"line":27,"column":12},"end":{"line":27,"column":78}},"15":{"start":{"line":31,"column":13},"end":{"line":38,"column":5}},"16":{"start":{"line":32,"column":8},"end":{"line":37,"column":9}},"17":{"start":{"line":33,"column":29},"end":{"line":33,"column":69}},"18":{"start":{"line":34,"column":12},"end":{"line":34,"column":43}},"19":{"start":{"line":36,"column":12},"end":{"line":36,"column":79}},"20":{"start":{"line":40,"column":13},"end":{"line":48,"column":5}},"21":{"start":{"line":41,"column":19},"end":{"line":41,"column":40}},"22":{"start":{"line":42,"column":8},"end":{"line":47,"column":9}},"23":{"start":{"line":43,"column":33},"end":{"line":43,"column":77}},"24":{"start":{"line":44,"column":12},"end":{"line":44,"column":35}},"25":{"start":{"line":46,"column":12},"end":{"line":46,"column":79}},"26":{"start":{"line":50,"column":14},"end":{"line":58,"column":5}},"27":{"start":{"line":51,"column":19},"end":{"line":51,"column":40}},"28":{"start":{"line":52,"column":8},"end":{"line":57,"column":9}},"29":{"start":{"line":53,"column":33},"end":{"line":53,"column":67}},"30":{"start":{"line":54,"column":12},"end":{"line":54,"column":35}},"31":{"start":{"line":56,"column":12},"end":{"line":56,"column":79}},"32":{"start":{"line":60,"column":29},"end":{"line":71,"column":5}},"33":{"start":{"line":61,"column":31},"end":{"line":61,"column":47}},"34":{"start":{"line":63,"column":9},"end":{"line":70,"column":10}},"35":{"start":{"line":64,"column":28},"end":{"line":64,"column":76}},"36":{"start":{"line":66,"column":13},"end":{"line":66,"column":33}},"37":{"start":{"line":67,"column":13},"end":{"line":67,"column":30}},"38":{"start":{"line":69,"column":13},"end":{"line":69,"column":80}},"39":{"start":{"line":73,"column":29},"end":{"line":83,"column":5}},"40":{"start":{"line":74,"column":31},"end":{"line":74,"column":47}},"41":{"start":{"line":76,"column":9},"end":{"line":82,"column":10}},"42":{"start":{"line":77,"column":28},"end":{"line":77,"column":76}},"43":{"start":{"line":78,"column":13},"end":{"line":78,"column":33}},"44":{"start":{"line":79,"column":13},"end":{"line":79,"column":30}},"45":{"start":{"line":81,"column":13},"end":{"line":81,"column":80}},"46":{"start":{"line":85,"column":24},"end":{"line":99,"column":5}},"47":{"start":{"line":86,"column":31},"end":{"line":86,"column":47}},"48":{"start":{"line":88,"column":9},"end":{"line":98,"column":10}},"49":{"start":{"line":89,"column":36},"end":{"line":89,"column":79}},"50":{"start":{"line":91,"column":13},"end":{"line":93,"column":14}},"51":{"start":{"line":92,"column":17},"end":{"line":92,"column":42}},"52":{"start":{"line":94,"column":13},"end":{"line":94,"column":74}},"53":{"start":{"line":97,"column":13},"end":{"line":97,"column":80}},"54":{"start":{"line":102,"column":18},"end":{"line":124,"column":5}},"55":{"start":{"line":103,"column":8},"end":{"line":123,"column":9}},"56":{"start":{"line":104,"column":34},"end":{"line":104,"column":50}},"57":{"start":{"line":105,"column":42},"end":{"line":105,"column":62}},"58":{"start":{"line":106,"column":36},"end":{"line":106,"column":60}},"59":{"start":{"line":108,"column":12},"end":{"line":110,"column":13}},"60":{"start":{"line":109,"column":16},"end":{"line":109,"column":86}},"61":{"start":{"line":112,"column":12},"end":{"line":114,"column":13}},"62":{"start":{"line":113,"column":16},"end":{"line":113,"column":78}},"63":{"start":{"line":116,"column":12},"end":{"line":116,"column":72}},"64":{"start":{"line":118,"column":12},"end":{"line":118,"column":85}},"65":{"start":{"line":121,"column":12},"end":{"line":121,"column":56}},"66":{"start":{"line":122,"column":12},"end":{"line":122,"column":113}},"67":{"start":{"line":126,"column":32},"end":{"line":136,"column":5}},"68":{"start":{"line":127,"column":30},"end":{"line":127,"column":46}},"69":{"start":{"line":129,"column":8},"end":{"line":135,"column":9}},"70":{"start":{"line":130,"column":27},"end":{"line":130,"column":78}},"71":{"start":{"line":131,"column":12},"end":{"line":131,"column":29}},"72":{"start":{"line":133,"column":12},"end":{"line":133,"column":56}},"73":{"start":{"line":134,"column":12},"end":{"line":134,"column":113}},"74":{"start":{"line":138,"column":29},"end":{"line":148,"column":5}},"75":{"start":{"line":139,"column":30},"end":{"line":139,"column":46}},"76":{"start":{"line":141,"column":8},"end":{"line":147,"column":9}},"77":{"start":{"line":142,"column":27},"end":{"line":142,"column":75}},"78":{"start":{"line":143,"column":12},"end":{"line":143,"column":29}},"79":{"start":{"line":145,"column":12},"end":{"line":145,"column":55}},"80":{"start":{"line":146,"column":12},"end":{"line":146,"column":116}},"81":{"start":{"line":150,"column":24},"end":{"line":160,"column":5}},"82":{"start":{"line":151,"column":8},"end":{"line":159,"column":9}},"83":{"start":{"line":152,"column":35},"end":{"line":152,"column":73}},"84":{"start":{"line":154,"column":12},"end":{"line":154,"column":37}},"85":{"start":{"line":156,"column":12},"end":{"line":156,"column":59}},"86":{"start":{"line":157,"column":12},"end":{"line":157,"column":120}},"87":{"start":{"line":4,"column":0},"end":{"line":4,"column":13}},"88":{"start":{"line":163,"column":13},"end":{"line":163,"column":53}}},"fnMap":{"0":{"name":"(anonymous_0)","decl":{"start":{"line":5,"column":14},"end":{"line":5,"column":19}},"loc":{"start":{"line":5,"column":52},"end":{"line":18,"column":5}}},"1":{"name":"(anonymous_1)","decl":{"start":{"line":20,"column":15},"end":{"line":20,"column":20}},"loc":{"start":{"line":20,"column":53},"end":{"line":29,"column":5}}},"2":{"name":"(anonymous_2)","decl":{"start":{"line":31,"column":13},"end":{"line":31,"column":18}},"loc":{"start":{"line":31,"column":51},"end":{"line":38,"column":5}}},"3":{"name":"(anonymous_3)","decl":{"start":{"line":40,"column":13},"end":{"line":40,"column":18}},"loc":{"start":{"line":40,"column":51},"end":{"line":48,"column":5}}},"4":{"name":"(anonymous_4)","decl":{"start":{"line":50,"column":14},"end":{"line":50,"column":19}},"loc":{"start":{"line":50,"column":52},"end":{"line":58,"column":5}}},"5":{"name":"(anonymous_5)","decl":{"start":{"line":60,"column":29},"end":{"line":60,"column":34}},"loc":{"start":{"line":60,"column":66},"end":{"line":71,"column":5}}},"6":{"name":"(anonymous_6)","decl":{"start":{"line":73,"column":29},"end":{"line":73,"column":34}},"loc":{"start":{"line":73,"column":66},"end":{"line":83,"column":5}}},"7":{"name":"(anonymous_7)","decl":{"start":{"line":85,"column":24},"end":{"line":85,"column":29}},"loc":{"start":{"line":85,"column":61},"end":{"line":99,"column":5}}},"8":{"name":"(anonymous_8)","decl":{"start":{"line":102,"column":18},"end":{"line":102,"column":23}},"loc":{"start":{"line":102,"column":56},"end":{"line":124,"column":5}}},"9":{"name":"(anonymous_9)","decl":{"start":{"line":126,"column":32},"end":{"line":126,"column":37}},"loc":{"start":{"line":126,"column":69},"end":{"line":136,"column":5}}},"10":{"name":"(anonymous_10)","decl":{"start":{"line":138,"column":29},"end":{"line":138,"column":34}},"loc":{"start":{"line":138,"column":67},"end":{"line":148,"column":5}}},"11":{"name":"(anonymous_11)","decl":{"start":{"line":150,"column":24},"end":{"line":150,"column":29}},"loc":{"start":{"line":150,"column":61},"end":{"line":160,"column":5}}}},"branchMap":{"0":{"loc":{"start":{"line":7,"column":21},"end":{"line":7,"column":78}},"type":"cond-expr","locations":[{"start":{"line":7,"column":41},"end":{"line":7,"column":66}},{"start":{"line":7,"column":69},"end":{"line":7,"column":78}}]},"1":{"loc":{"start":{"line":24,"column":12},"end":{"line":24,"column":84}},"type":"if","locations":[{"start":{"line":24,"column":12},"end":{"line":24,"column":84}},{"start":{},"end":{}}]},"2":{"loc":{"start":{"line":91,"column":13},"end":{"line":93,"column":14}},"type":"if","locations":[{"start":{"line":91,"column":13},"end":{"line":93,"column":14}},{"start":{},"end":{}}]},"3":{"loc":{"start":{"line":108,"column":12},"end":{"line":110,"column":13}},"type":"if","locations":[{"start":{"line":108,"column":12},"end":{"line":110,"column":13}},{"start":{},"end":{}}]},"4":{"loc":{"start":{"line":108,"column":16},"end":{"line":108,"column":71}},"type":"binary-expr","locations":[{"start":{"line":108,"column":16},"end":{"line":108,"column":43}},{"start":{"line":108,"column":47},"end":{"line":108,"column":71}}]},"5":{"loc":{"start":{"line":112,"column":12},"end":{"line":114,"column":13}},"type":"if","locations":[{"start":{"line":112,"column":12},"end":{"line":114,"column":13}},{"start":{},"end":{}}]}},"s":{"0":0,"1":0,"2":0,"3":0,"4":0,"5":0,"6":0,"7":0,"8":0,"9":0,"10":0,"11":0,"12":0,"13":0,"14":0,"15":0,"16":0,"17":0,"18":0,"19":0,"20":0,"21":0,"22":0,"23":0,"24":0,"25":0,"26":0,"27":0,"28":0,"29":0,"30":0,"31":0,"32":0,"33":0,"34":0,"35":0,"36":0,"37":0,"38":0,"39":0,"40":0,"41":0,"42":0,"43":0,"44":0,"45":0,"46":0,"47":0,"48":0,"49":0,"50":0,"51":0,"52":0,"53":0,"54":0,"55":0,"56":0,"57":0,"58":0,"59":0,"60":0,"61":0,"62":0,"63":0,"64":0,"65":0,"66":0,"67":0,"68":0,"69":0,"70":0,"71":0,"72":0,"73":0,"74":0,"75":0,"76":0,"77":0,"78":0,"79":0,"80":0,"81":0,"82":0,"83":0,"84":0,"85":0,"86":0,"87":0,"88":0},"f":{"0":0,"1":0,"2":0,"3":0,"4":0,"5":0,"6":0,"7":0,"8":0,"9":0,"10":0,"11":0},"b":{"0":[0,0],"1":[0,0],"2":[0,0],"3":[0,0],"4":[0,0],"5":[0,0]}}
,"C:\\Users\\HP\\teach2give\\projectGizmo\\backend\\src\\components\\event\\event.routes.ts": {"path":"C:\\Users\\HP\\teach2give\\projectGizmo\\backend\\src\\components\\event\\event.routes.ts","statementMap":{"0":{"start":{"line":1,"column":0},"end":{"line":1,"column":33}},"1":{"start":{"line":2,"column":0},"end":{"line":2,"column":53}},"2":{"start":{"line":3,"column":0},"end":{"line":3,"column":51}},"3":{"start":{"line":5,"column":15},"end":{"line":5,"column":23}},"4":{"start":{"line":7,"column":0},"end":{"line":7,"column":60}},"5":{"start":{"line":8,"column":0},"end":{"line":8,"column":65}},"6":{"start":{"line":9,"column":0},"end":{"line":9,"column":61}},"7":{"start":{"line":10,"column":0},"end":{"line":10,"column":64}},"8":{"start":{"line":11,"column":0},"end":{"line":11,"column":67}},"9":{"start":{"line":13,"column":0},"end":{"line":13,"column":98}},"10":{"start":{"line":14,"column":0},"end":{"line":14,"column":97}},"11":{"start":{"line":17,"column":0},"end":{"line":17,"column":97}},"12":{"start":{"line":20,"column":0},"end":{"line":20,"column":87}},"13":{"start":{"line":22,"column":0},"end":{"line":22,"column":95}},"14":{"start":{"line":25,"column":0},"end":{"line":25,"column":104}},"15":{"start":{"line":28,"column":0},"end":{"line":28,"column":98}},"16":{"start":{"line":31,"column":0},"end":{"line":31,"column":22}}},"fnMap":{},"branchMap":{},"s":{"0":0,"1":0,"2":0,"3":0,"4":0,"5":0,"6":0,"7":0,"8":0,"9":0,"10":0,"11":0,"12":0,"13":0,"14":0,"15":0,"16":0},"f":{},"b":{}}
,"C:\\Users\\HP\\teach2give\\projectGizmo\\backend\\src\\components\\event\\event.service.ts": {"path":"C:\\Users\\HP\\teach2give\\projectGizmo\\backend\\src\\components\\event\\event.service.ts","statementMap":{"0":{"start":{"line":1,"column":0},"end":{"line":1,"column":34}},"1":{"start":{"line":2,"column":0},"end":{"line":2,"column":null}},"2":{"start":{"line":12,"column":0},"end":{"line":12,"column":55}},"3":{"start":{"line":13,"column":0},"end":{"line":13,"column":49}},"4":{"start":{"line":18,"column":44},"end":{"line":18,"column":51}},"5":{"start":{"line":20,"column":27},"end":{"line":20,"column":29}},"6":{"start":{"line":22,"column":8},"end":{"line":24,"column":9}},"7":{"start":{"line":23,"column":12},"end":{"line":23,"column":57}},"8":{"start":{"line":26,"column":8},"end":{"line":28,"column":9}},"9":{"start":{"line":27,"column":12},"end":{"line":27,"column":59}},"10":{"start":{"line":30,"column":8},"end":{"line":32,"column":9}},"11":{"start":{"line":31,"column":12},"end":{"line":31,"column":56}},"12":{"start":{"line":34,"column":22},"end":{"line":45,"column":74}},"13":{"start":{"line":47,"column":8},"end":{"line":47,"column":27}},"14":{"start":{"line":52,"column":23},"end":{"line":63,"column":37}},"15":{"start":{"line":65,"column":8},"end":{"line":65,"column":82}},"16":{"start":{"line":65,"column":33},"end":{"line":65,"column":82}},"17":{"start":{"line":66,"column":8},"end":{"line":66,"column":22}},"18":{"start":{"line":71,"column":23},"end":{"line":71,"column":76}},"19":{"start":{"line":72,"column":8},"end":{"line":72,"column":25}},"20":{"start":{"line":77,"column":23},"end":{"line":77,"column":98}},"21":{"start":{"line":78,"column":8},"end":{"line":78,"column":25}},"22":{"start":{"line":83,"column":23},"end":{"line":83,"column":83}},"23":{"start":{"line":84,"column":8},"end":{"line":84,"column":25}},"24":{"start":{"line":88,"column":21},"end":{"line":91,"column":32}},"25":{"start":{"line":91,"column":25},"end":{"line":91,"column":31}},"26":{"start":{"line":93,"column":8},"end":{"line":95,"column":9}},"27":{"start":{"line":94,"column":12},"end":{"line":94,"column":68}},"28":{"start":{"line":97,"column":23},"end":{"line":108,"column":45}},"29":{"start":{"line":110,"column":8},"end":{"line":110,"column":22}},"30":{"start":{"line":114,"column":21},"end":{"line":117,"column":32}},"31":{"start":{"line":117,"column":25},"end":{"line":117,"column":31}},"32":{"start":{"line":119,"column":8},"end":{"line":121,"column":9}},"33":{"start":{"line":120,"column":12},"end":{"line":120,"column":68}},"34":{"start":{"line":123,"column":23},"end":{"line":135,"column":45}},"35":{"start":{"line":137,"column":8},"end":{"line":137,"column":22}},"36":{"start":{"line":141,"column":21},"end":{"line":144,"column":32}},"37":{"start":{"line":144,"column":25},"end":{"line":144,"column":31}},"38":{"start":{"line":146,"column":8},"end":{"line":148,"column":9}},"39":{"start":{"line":147,"column":12},"end":{"line":147,"column":68}},"40":{"start":{"line":150,"column":40},"end":{"line":162,"column":45}},"41":{"start":{"line":164,"column":8},"end":{"line":164,"column":39}},"42":{"start":{"line":169,"column":26},"end":{"line":173,"column":28}},"43":{"start":{"line":173,"column":23},"end":{"line":173,"column":27}},"44":{"start":{"line":175,"column":8},"end":{"line":177,"column":9}},"45":{"start":{"line":176,"column":12},"end":{"line":176,"column":72}},"46":{"start":{"line":180,"column":8},"end":{"line":193,"column":9}},"47":{"start":{"line":181,"column":23},"end":{"line":188,"column":32}},"48":{"start":{"line":188,"column":27},"end":{"line":188,"column":31}},"49":{"start":{"line":190,"column":12},"end":{"line":192,"column":13}},"50":{"start":{"line":191,"column":16},"end":{"line":191,"column":87}},"51":{"start":{"line":196,"column":8},"end":{"line":231,"column":9}},"52":{"start":{"line":197,"column":26},"end":{"line":201,"column":32}},"53":{"start":{"line":201,"column":27},"end":{"line":201,"column":31}},"54":{"start":{"line":203,"column":12},"end":{"line":206,"column":13}},"55":{"start":{"line":204,"column":16},"end":{"line":204,"column":65}},"56":{"start":{"line":205,"column":16},"end":{"line":205,"column":25}},"57":{"start":{"line":207,"column":12},"end":{"line":210,"column":13}},"58":{"start":{"line":208,"column":16},"end":{"line":208,"column":78}},"59":{"start":{"line":209,"column":16},"end":{"line":209,"column":25}},"60":{"start":{"line":213,"column":28},"end":{"line":220,"column":40}},"61":{"start":{"line":220,"column":27},"end":{"line":220,"column":39}},"62":{"start":{"line":222,"column":12},"end":{"line":225,"column":13}},"63":{"start":{"line":223,"column":16},"end":{"line":223,"column":84}},"64":{"start":{"line":224,"column":16},"end":{"line":224,"column":25}},"65":{"start":{"line":228,"column":12},"end":{"line":230,"column":55}},"66":{"start":{"line":236,"column":28},"end":{"line":240,"column":30}},"67":{"start":{"line":240,"column":23},"end":{"line":240,"column":27}},"68":{"start":{"line":242,"column":8},"end":{"line":244,"column":9}},"69":{"start":{"line":243,"column":12},"end":{"line":243,"column":90}},"70":{"start":{"line":247,"column":22},"end":{"line":247,"column":36}},"71":{"start":{"line":248,"column":31},"end":{"line":248,"column":48}},"72":{"start":{"line":251,"column":23},"end":{"line":269,"column":81}},"73":{"start":{"line":271,"column":8},"end":{"line":271,"column":22}},"74":{"start":{"line":275,"column":26},"end":{"line":279,"column":28}},"75":{"start":{"line":279,"column":23},"end":{"line":279,"column":27}},"76":{"start":{"line":281,"column":8},"end":{"line":283,"column":9}},"77":{"start":{"line":282,"column":12},"end":{"line":282,"column":87}},"78":{"start":{"line":285,"column":22},"end":{"line":285,"column":32}},"79":{"start":{"line":287,"column":23},"end":{"line":304,"column":81}},"80":{"start":{"line":306,"column":8},"end":{"line":306,"column":22}},"81":{"start":{"line":310,"column":31},"end":{"line":313,"column":51}},"82":{"start":{"line":315,"column":8},"end":{"line":315,"column":30}},"83":{"start":{"line":15,"column":0},"end":{"line":15,"column":13}},"84":{"start":{"line":319,"column":13},"end":{"line":319,"column":47}}},"fnMap":{"0":{"name":"(anonymous_1)","decl":{"start":{"line":17,"column":4},"end":{"line":17,"column":9}},"loc":{"start":{"line":17,"column":86},"end":{"line":48,"column":5}}},"1":{"name":"(anonymous_2)","decl":{"start":{"line":51,"column":4},"end":{"line":51,"column":9}},"loc":{"start":{"line":51,"column":33},"end":{"line":67,"column":5}}},"2":{"name":"(anonymous_3)","decl":{"start":{"line":70,"column":4},"end":{"line":70,"column":9}},"loc":{"start":{"line":70,"column":44},"end":{"line":73,"column":5}}},"3":{"name":"(anonymous_4)","decl":{"start":{"line":76,"column":4},"end":{"line":76,"column":9}},"loc":{"start":{"line":76,"column":65},"end":{"line":79,"column":5}}},"4":{"name":"(anonymous_5)","decl":{"start":{"line":82,"column":4},"end":{"line":82,"column":9}},"loc":{"start":{"line":82,"column":32},"end":{"line":85,"column":5}}},"5":{"name":"(anonymous_6)","decl":{"start":{"line":87,"column":4},"end":{"line":87,"column":9}},"loc":{"start":{"line":87,"column":46},"end":{"line":111,"column":5}}},"6":{"name":"(anonymous_7)","decl":{"start":{"line":91,"column":18},"end":{"line":91,"column":21}},"loc":{"start":{"line":91,"column":25},"end":{"line":91,"column":31}}},"7":{"name":"(anonymous_8)","decl":{"start":{"line":113,"column":4},"end":{"line":113,"column":9}},"loc":{"start":{"line":113,"column":46},"end":{"line":138,"column":5}}},"8":{"name":"(anonymous_9)","decl":{"start":{"line":117,"column":18},"end":{"line":117,"column":21}},"loc":{"start":{"line":117,"column":25},"end":{"line":117,"column":31}}},"9":{"name":"(anonymous_10)","decl":{"start":{"line":140,"column":4},"end":{"line":140,"column":9}},"loc":{"start":{"line":140,"column":41},"end":{"line":165,"column":5}}},"10":{"name":"(anonymous_11)","decl":{"start":{"line":144,"column":18},"end":{"line":144,"column":21}},"loc":{"start":{"line":144,"column":25},"end":{"line":144,"column":31}}},"11":{"name":"(anonymous_12)","decl":{"start":{"line":167,"column":4},"end":{"line":167,"column":9}},"loc":{"start":{"line":167,"column":83},"end":{"line":232,"column":5}}},"12":{"name":"(anonymous_13)","decl":{"start":{"line":173,"column":18},"end":{"line":173,"column":19}},"loc":{"start":{"line":173,"column":23},"end":{"line":173,"column":27}}},"13":{"name":"(anonymous_14)","decl":{"start":{"line":188,"column":22},"end":{"line":188,"column":23}},"loc":{"start":{"line":188,"column":27},"end":{"line":188,"column":31}}},"14":{"name":"(anonymous_15)","decl":{"start":{"line":201,"column":22},"end":{"line":201,"column":23}},"loc":{"start":{"line":201,"column":27},"end":{"line":201,"column":31}}},"15":{"name":"(anonymous_16)","decl":{"start":{"line":220,"column":22},"end":{"line":220,"column":23}},"loc":{"start":{"line":220,"column":27},"end":{"line":220,"column":39}}},"16":{"name":"(anonymous_17)","decl":{"start":{"line":234,"column":4},"end":{"line":234,"column":9}},"loc":{"start":{"line":234,"column":58},"end":{"line":272,"column":5}}},"17":{"name":"(anonymous_18)","decl":{"start":{"line":240,"column":18},"end":{"line":240,"column":19}},"loc":{"start":{"line":240,"column":23},"end":{"line":240,"column":27}}},"18":{"name":"(anonymous_19)","decl":{"start":{"line":274,"column":4},"end":{"line":274,"column":9}},"loc":{"start":{"line":274,"column":55},"end":{"line":307,"column":5}}},"19":{"name":"(anonymous_20)","decl":{"start":{"line":279,"column":18},"end":{"line":279,"column":19}},"loc":{"start":{"line":279,"column":23},"end":{"line":279,"column":27}}},"20":{"name":"(anonymous_21)","decl":{"start":{"line":309,"column":4},"end":{"line":309,"column":9}},"loc":{"start":{"line":309,"column":27},"end":{"line":316,"column":5}}}},"branchMap":{"0":{"loc":{"start":{"line":22,"column":8},"end":{"line":24,"column":9}},"type":"if","locations":[{"start":{"line":22,"column":8},"end":{"line":24,"column":9}},{"start":{},"end":{}}]},"1":{"loc":{"start":{"line":26,"column":8},"end":{"line":28,"column":9}},"type":"if","locations":[{"start":{"line":26,"column":8},"end":{"line":28,"column":9}},{"start":{},"end":{}}]},"2":{"loc":{"start":{"line":30,"column":8},"end":{"line":32,"column":9}},"type":"if","locations":[{"start":{"line":30,"column":8},"end":{"line":32,"column":9}},{"start":{},"end":{}}]},"3":{"loc":{"start":{"line":45,"column":19},"end":{"line":45,"column":73}},"type":"cond-expr","locations":[{"start":{"line":45,"column":43},"end":{"line":45,"column":61}},{"start":{"line":45,"column":64},"end":{"line":45,"column":73}}]},"4":{"loc":{"start":{"line":65,"column":8},"end":{"line":65,"column":82}},"type":"if","locations":[{"start":{"line":65,"column":8},"end":{"line":65,"column":82}},{"start":{},"end":{}}]},"5":{"loc":{"start":{"line":93,"column":8},"end":{"line":95,"column":9}},"type":"if","locations":[{"start":{"line":93,"column":8},"end":{"line":95,"column":9}},{"start":{},"end":{}}]},"6":{"loc":{"start":{"line":93,"column":12},"end":{"line":93,"column":51}},"type":"binary-expr","locations":[{"start":{"line":93,"column":12},"end":{"line":93,"column":17}},{"start":{"line":93,"column":21},"end":{"line":93,"column":51}}]},"7":{"loc":{"start":{"line":119,"column":8},"end":{"line":121,"column":9}},"type":"if","locations":[{"start":{"line":119,"column":8},"end":{"line":121,"column":9}},{"start":{},"end":{}}]},"8":{"loc":{"start":{"line":119,"column":12},"end":{"line":119,"column":51}},"type":"binary-expr","locations":[{"start":{"line":119,"column":12},"end":{"line":119,"column":17}},{"start":{"line":119,"column":21},"end":{"line":119,"column":51}}]},"9":{"loc":{"start":{"line":146,"column":8},"end":{"line":148,"column":9}},"type":"if","locations":[{"start":{"line":146,"column":8},"end":{"line":148,"column":9}},{"start":{},"end":{}}]},"10":{"loc":{"start":{"line":146,"column":12},"end":{"line":146,"column":46}},"type":"binary-expr","locations":[{"start":{"line":146,"column":12},"end":{"line":146,"column":17}},{"start":{"line":146,"column":21},"end":{"line":146,"column":46}}]},"11":{"loc":{"start":{"line":175,"column":8},"end":{"line":177,"column":9}},"type":"if","locations":[{"start":{"line":175,"column":8},"end":{"line":177,"column":9}},{"start":{},"end":{}}]},"12":{"loc":{"start":{"line":175,"column":12},"end":{"line":175,"column":74}},"type":"binary-expr","locations":[{"start":{"line":175,"column":12},"end":{"line":175,"column":22}},{"start":{"line":175,"column":26},"end":{"line":175,"column":74}}]},"13":{"loc":{"start":{"line":180,"column":8},"end":{"line":193,"column":9}},"type":"if","locations":[{"start":{"line":180,"column":8},"end":{"line":193,"column":9}},{"start":{},"end":{}}]},"14":{"loc":{"start":{"line":190,"column":12},"end":{"line":192,"column":13}},"type":"if","locations":[{"start":{"line":190,"column":12},"end":{"line":192,"column":13}},{"start":{},"end":{}}]},"15":{"loc":{"start":{"line":203,"column":12},"end":{"line":206,"column":13}},"type":"if","locations":[{"start":{"line":203,"column":12},"end":{"line":206,"column":13}},{"start":{},"end":{}}]},"16":{"loc":{"start":{"line":207,"column":12},"end":{"line":210,"column":13}},"type":"if","locations":[{"start":{"line":207,"column":12},"end":{"line":210,"column":13}},{"start":{},"end":{}}]},"17":{"loc":{"start":{"line":222,"column":12},"end":{"line":225,"column":13}},"type":"if","locations":[{"start":{"line":222,"column":12},"end":{"line":225,"column":13}},{"start":{},"end":{}}]},"18":{"loc":{"start":{"line":242,"column":8},"end":{"line":244,"column":9}},"type":"if","locations":[{"start":{"line":242,"column":8},"end":{"line":244,"column":9}},{"start":{},"end":{}}]},"19":{"loc":{"start":{"line":242,"c
[...]
,"C:\\Users\\HP\\teach2give\\projectGizmo\\backend\\src\\components\\venue\\venue.routes.ts": {"path":"C:\\Users\\HP\\teach2give\\projectGizmo\\backend\\src\\components\\venue\\venue.routes.ts","statementMap":{"0":{"start":{"line":1,"column":0},"end":{"line":1,"column":33}},"1":{"start":{"line":2,"column":0},"end":{"line":2,"column":53}},"2":{"start":{"line":3,"column":0},"end":{"line":3,"column":51}},"3":{"start":{"line":5,"column":15},"end":{"line":5,"column":23}},"4":{"start":{"line":7,"column":0},"end":{"line":7,"column":60}},"5":{"start":{"line":8,"column":0},"end":{"line":8,"column":65}},"6":{"start":{"line":9,"column":0},"end":{"line":9,"column":61}},"7":{"start":{"line":10,"column":0},"end":{"line":10,"column":66}},"8":{"start":{"line":11,"column":0},"end":{"line":11,"column":67}},"9":{"start":{"line":13,"column":0},"end":{"line":13,"column":22}}},"fnMap":{},"branchMap":{},"s":{"0":0,"1":0,"2":0,"3":0,"4":0,"5":0,"6":0,"7":0,"8":0,"9":0},"f":{},"b":{}}
,"C:\\Users\\HP\\teach2give\\projectGizmo\\backend\\src\\components\\venue\\venue.service.ts": {"path":"C:\\Users\\HP\\teach2give\\projectGizmo\\backend\\src\\components\\venue\\venue.service.ts","statementMap":{"0":{"start":{"line":1,"column":0},"end":{"line":1,"column":34}},"1":{"start":{"line":2,"column":0},"end":{"line":2,"column":63}},"2":{"start":{"line":3,"column":0},"end":{"line":3,"column":33}},"3":{"start":{"line":8,"column":8},"end":{"line":14,"column":9}},"4":{"start":{"line":9,"column":12},"end":{"line":10,"column":29}},"5":{"start":{"line":12,"column":12},"end":{"line":12,"column":59}},"6":{"start":{"line":13,"column":12},"end":{"line":13,"column":54}},"7":{"start":{"line":18,"column":8},"end":{"line":18,"column":59}},"8":{"start":{"line":18,"column":23},"end":{"line":18,"column":59}},"9":{"start":{"line":20,"column":8},"end":{"line":27,"column":9}},"10":{"start":{"line":21,"column":27},"end":{"line":21,"column":80}},"11":{"start":{"line":22,"column":12},"end":{"line":22,"column":49}},"12":{"start":{"line":22,"column":37},"end":{"line":22,"column":49}},"13":{"start":{"line":23,"column":12},"end":{"line":23,"column":29}},"14":{"start":{"line":25,"column":12},"end":{"line":25,"column":72}},"15":{"start":{"line":26,"column":12},"end":{"line":26,"column":53}},"16":{"start":{"line":31,"column":8},"end":{"line":37,"column":9}},"17":{"start":{"line":32,"column":27},"end":{"line":32,"column":79}},"18":{"start":{"line":33,"column":12},"end":{"line":33,"column":29}},"19":{"start":{"line":35,"column":12},"end":{"line":35,"column":58}},"20":{"start":{"line":36,"column":12},"end":{"line":36,"column":54}},"21":{"start":{"line":41,"column":8},"end":{"line":41,"column":59}},"22":{"start":{"line":41,"column":23},"end":{"line":41,"column":59}},"23":{"start":{"line":43,"column":8},"end":{"line":50,"column":9}},"24":{"start":{"line":44,"column":27},"end":{"line":44,"column":100}},"25":{"start":{"line":45,"column":12},"end":{"line":45,"column":49}},"26":{"start":{"line":45,"column":37},"end":{"line":45,"column":49}},"27":{"start":{"line":46,"column":12},"end":{"line":46,"column":29}},"28":{"start":{"line":48,"column":12},"end":{"line":48,"column":72}},"29":{"start":{"line":49,"column":12},"end":{"line":49,"column":54}},"30":{"start":{"line":54,"column":8},"end":{"line":54,"column":59}},"31":{"start":{"line":54,"column":23},"end":{"line":54,"column":59}},"32":{"start":{"line":56,"column":8},"end":{"line":63,"column":9}},"33":{"start":{"line":57,"column":27},"end":{"line":57,"column":85}},"34":{"start":{"line":58,"column":12},"end":{"line":58,"column":49}},"35":{"start":{"line":58,"column":37},"end":{"line":58,"column":49}},"36":{"start":{"line":59,"column":12},"end":{"line":59,"column":29}},"37":{"start":{"line":61,"column":12},"end":{"line":61,"column":72}},"38":{"start":{"line":62,"column":12},"end":{"line":62,"column":54}},"39":{"start":{"line":5,"column":0},"end":{"line":5,"column":13}},"40":{"start":{"line":67,"column":13},"end":{"line":67,"column":47}}},"fnMap":{"0":{"name":"(anonymous_1)","decl":{"start":{"line":7,"column":4},"end":{"line":7,"column":9}},"loc":{"start":{"line":7,"column":22},"end":{"line":15,"column":5}}},"1":{"name":"(anonymous_2)","decl":{"start":{"line":17,"column":4},"end":{"line":17,"column":9}},"loc":{"start":{"line":17,"column":33},"end":{"line":28,"column":5}}},"2":{"name":"(anonymous_3)","decl":{"start":{"line":30,"column":4},"end":{"line":30,"column":9}},"loc":{"start":{"line":30,"column":44},"end":{"line":38,"column":5}}},"3":{"name":"(anonymous_4)","decl":{"start":{"line":40,"column":4},"end":{"line":40,"column":9}},"loc":{"start":{"line":40,"column":65},"end":{"line":51,"column":5}}},"4":{"name":"(anonymous_5)","decl":{"start":{"line":53,"column":4},"end":{"line":53,"column":9}},"loc":{"start":{"line":53,"column":32},"end":{"line":64,"column":5}}}},"branchMap":{"0":{"loc":{"start":{"line":18,"column":8},"end":{"line":18,"column":59}},"type":"if","locations":[{"start":{"line":18,"column":8},"end":{"line":18,"column":59}},{"start":{},"end":{}}]},"1":{"loc":{"start":{"line":22,"column":12},"end":{"line":22,"column":49}},"type":"if","locations":[{"start":{"line":22,"column":12},"end":{"line":22,"column":49}},{"start":{},"end":{}}]},"2":{"loc":{"start":{"line":41,"column":8},"end":{"line":41,"column":59}},"type":"if","locations":[{"start":{"line":41,"column":8},"end":{"line":41,"column":59}},{"start":{},"end":{}}]},"3":{"loc":{"start":{"line":45,"column":12},"end":{"line":45,"column":49}},"type":"if","locations":[{"start":{"line":45,"column":12},"end":{"line":45,"column":49}},{"start":{},"end":{}}]},"4":{"loc":{"start":{"line":54,"column":8},"end":{"line":54,"column":59}},"type":"if","locations":[{"start":{"line":54,"column":8},"end":{"line":54,"column":59}},{"start":{},"end":{}}]},"5":{"loc":{"start":{"line":58,"column":12},"end":{"line":58,"column":49}},"type":"if","locations":[{"start":{"line":58,"column":12},"end":{"line":58,"column":49}},{"start":{},"end":{}}]}},"s":{"0":0,"1":0,"2":0,"3":0,"4":0,"5":0,"6":0,"7":0,"8":0,"9":0,"10":0,"11":0,"12":0,"13":0,"14":0,"15":0,"16":0,"17":0,"18":0,"19":0,"20":0,"21":0,"22":0,"23":0,"24":0,"25":0,"26":0,"27":0,"28":0,"29":0,"30":0,"31":0,"32":0,"33":0,"34":0,"35":0,"36":0,"37":0,"38":0,"39":0,"40":0},"f":{"0":0,"1":0,"2":0,"3":0,"4":0},"b":{"0":[0,0],"1":[0,0],"2":[0,0],"3":[0,0],"4":[0,0],"5":[0,0]}}
,"C:\\Users\\HP\\teach2give\\projectGizmo\\backend\\src\\drizzle\\db.ts": {"path":"C:\\Users\\HP\\teach2give\\projectGizmo\\backend\\src\\drizzle\\db.ts","statementMap":{"0":{"start":{"line":13,"column":0},"end":{"line":13,"column":52}},"1":{"start":{"line":14,"column":0},"end":{"line":14,"column":26}},"2":{"start":{"line":15,"column":0},"end":{"line":15,"column":35}},"3":{"start":{"line":16,"column":0},"end":{"line":16,"column":33}},"4":{"start":{"line":18,"column":0},"end":{"line":18,"column":16}},"5":{"start":{"line":20,"column":13},"end":{"line":22,"column":2}},"6":{"start":{"line":24,"column":11},"end":{"line":24,"column":50}},"7":{"start":{"line":26,"column":0},"end":{"line":26,"column":18}}},"fnMap":{},"branchMap":{},"s":{"0":0,"1":0,"2":0,"3":0,"4":0,"5":0,"6":0,"7":0},"f":{},"b":{}}
,"C:\\Users\\HP\\teach2give\\projectGizmo\\backend\\src\\drizzle\\migrate.ts": {"path":"C:\\Users\\HP\\teach2give\\projectGizmo\\backend\\src\\drizzle\\migrate.ts","statementMap":{"0":{"start":{"line":1,"column":0},"end":{"line":1,"column":57}},"1":{"start":{"line":2,"column":0},"end":{"line":2,"column":22}},"2":{"start":{"line":5,"column":4},"end":{"line":5,"column":50}},"3":{"start":{"line":7,"column":4},"end":{"line":14,"column":5}},"4":{"start":{"line":8,"column":8},"end":{"line":8,"column":75}},"5":{"start":{"line":9,"column":8},"end":{"line":9,"column":56}},"6":{"start":{"line":10,"column":8},"end":{"line":10,"column":24}},"7":{"start":{"line":12,"column":8},"end":{"line":12,"column":50}},"8":{"start":{"line":13,"column":8},"end":{"line":13,"column":24}},"9":{"start":{"line":17,"column":0},"end":{"line":17,"column":12}}},"fnMap":{"0":{"name":"migration","decl":{"start":{"line":4,"column":15},"end":{"line":4,"column":24}},"loc":{"start":{"line":4,"column":24},"end":{"line":15,"column":1}}}},"branchMap":{},"s":{"0":0,"1":0,"2":0,"3":0,"4":0,"5":0,"6":0,"7":0,"8":0,"9":0},"f":{"0":0},"b":{}}
,"C:\\Users\\HP\\teach2give\\projectGizmo\\backend\\src\\drizzle\\schema.ts": {"path":"C:\\Users\\HP\\teach2give\\projectGizmo\\backend\\src\\drizzle\\schema.ts","statementMap":{"0":{"start":{"line":1,"column":0},"end":{"line":1,"column":null}},"1":{"start":{"line":18,"column":13},"end":{"line":18,"column":87}},"2":{"start":{"line":19,"column":13},"end":{"line":19,"column":59}},"3":{"start":{"line":25,"column":13},"end":{"line":25,"column":74}},"4":{"start":{"line":26,"column":13},"end":{"line":26,"column":75}},"5":{"start":{"line":32,"column":13},"end":{"line":32,"column":67}},"6":{"start":{"line":33,"column":13},"end":{"line":33,"column":69}},"7":{"start":{"line":39,"column":13},"end":{"line":39,"column":70}},"8":{"start":{"line":40,"column":13},"end":{"line":40,"column":74}},"9":{"start":{"line":45,"column":13},"end":{"line":61,"column":4}},"10":{"start":{"line":58,"column":15},"end":{"line":61,"column":2}},"11":{"start":{"line":64,"column":13},"end":{"line":74,"column":3}},"12":{"start":{"line":77,"column":13},"end":{"line":85,"column":3}},"13":{"start":{"line":79,"column":58},"end":{"line":79,"column":65}},"14":{"start":{"line":88,"column":13},"end":{"line":95,"column":3}},"15":{"start":{"line":98,"column":13},"end":{"line":109,"column":3}},"16":{"start":{"line":102,"column":60},"end":{"line":102,"column":68}},"17":{"start":{"line":108,"column":69},"end":{"line":108,"column":76}},"18":{"start":{"line":112,"column":13},"end":{"line":119,"column":3}},"19":{"start":{"line":114,"column":50},"end":{"line":114,"column":59}},"20":{"start":{"line":122,"column":13},"end":{"line":131,"column":3}},"21":{"start":{"line":124,"column":48},"end":{"line":124,"column":55}},"22":{"start":{"line":134,"column":13},"end":{"line":141,"column":3}},"23":{"start":{"line":136,"column":50},"end":{"line":136,"column":59}},"24":{"start":{"line":137,"column":61},"end":{"line":137,"column":75}},"25":{"start":{"line":144,"column":13},"end":{"line":155,"column":3}},"26":{"start":{"line":147,"column":58},"end":{"line":147,"column":65}},"27":{"start":{"line":148,"column":60},"end":{"line":148,"column":69}},"28":{"start":{"line":149,"column":61},"end":{"line":149,"column":75}},"29":{"start":{"line":153,"column":63},"end":{"line":153,"column":70}},"30":{"start":{"line":157,"column":13},"end":{"line":161,"column":3}},"31":{"start":{"line":159,"column":58},"end":{"line":159,"column":65}},"32":{"start":{"line":160,"column":60},"end":{"line":160,"column":69}},"33":{"start":{"line":163,"column":13},"end":{"line":170,"column":3}},"34":{"start":{"line":165,"column":62},"end":{"line":165,"column":72}},"35":{"start":{"line":168,"column":74},"end":{"line":168,"column":81}}},"fnMap":{"0":{"name":"(anonymous_0)","decl":{"start":{"line":58,"column":3},"end":{"line":58,"column":4}},"loc":{"start":{"line":58,"column":15},"end":{"line":61,"column":2}}},"1":{"name":"(anonymous_1)","decl":{"start":{"line":79,"column":52},"end":{"line":79,"column":55}},"loc":{"start":{"line":79,"column":58},"end":{"line":79,"column":65}}},"2":{"name":"(anonymous_2)","decl":{"start":{"line":102,"column":54},"end":{"line":102,"column":57}},"loc":{"start":{"line":102,"column":60},"end":{"line":102,"column":68}}},"3":{"name":"(anonymous_3)","decl":{"start":{"line":108,"column":63},"end":{"line":108,"column":66}},"loc":{"start":{"line":108,"column":69},"end":{"line":108,"column":76}}},"4":{"name":"(anonymous_4)","decl":{"start":{"line":114,"column":44},"end":{"line":114,"column":47}},"loc":{"start":{"line":114,"column":50},"end":{"line":114,"column":59}}},"5":{"name":"(anonymous_5)","decl":{"start":{"line":124,"column":42},"end":{"line":124,"column":45}},"loc":{"start":{"line":124,"column":48},"end":{"line":124,"column":55}}},"6":{"name":"(anonymous_6)","decl":{"start":{"line":136,"column":44},"end":{"line":136,"column":47}},"loc":{"start":{"line":136,"column":50},"end":{"line":136,"column":59}}},"7":{"name":"(anonymous_7)","decl":{"start":{"line":137,"column":55},"end":{"line":137,"column":58}},"loc":{"start":{"line":137,"column":61},"end":{"line":137,"column":75}}},"8":{"name":"(anonymous_8)","decl":{"start":{"line":147,"column":52},"end":{"line":147,"column":55}},"loc":{"start":{"line":147,"column":58},"end":{"line":147,"column":65}}},"9":{"name":"(anonymous_9)","decl":{"start":{"line":148,"column":54},"end":{"line":148,"column":57}},"loc":{"start":{"line":148,"column":60},"end":{"line":148,"column":69}}},"10":{"name":"(anonymous_10)","decl":{"start":{"line":149,"column":55},"end":{"line":149,"column":58}},"loc":{"start":{"line":149,"column":61},"end":{"line":149,"column":75}}},"11":{"name":"(anonymous_11)","decl":{"start":{"line":153,"column":57},"end":{"line":153,"column":60}},"loc":{"start":{"line":153,"column":63},"end":{"line":153,"column":70}}},"12":{"name":"(anonymous_12)","decl":{"start":{"line":159,"column":52},"end":{"line":159,"column":55}},"loc":{"start":{"line":159,"column":58},"end":{"line":159,"column":65}}},"13":{"name":"(anonymous_13)","decl":{"start":{"line":160,"column":54},"end":{"line":160,"column":57}},"loc":{"start":{"line":160,"column":60},"end":{"line":160,"column":69}}},"14":{"name":"(anonymous_14)","decl":{"start":{"line":165,"column":56},"end":{"line":165,"column":59}},"loc":{"start":{"line":165,"column":62},"end":{"line":165,"column":72}}},"15":{"name":"(anonymous_15)","decl":{"start":{"line":168,"column":68},"end":{"line":168,"column":71}},"loc":{"start":{"line":168,"column":74},"end":{"line":168,"column":81}}}},"branchMap":{},"s":{"0":0,"1":0,"2":0,"3":0,"4":0,"5":0,"6":0,"7":0,"8":0,"9":0,"10":0,"11":0,"12":0,"13":0,"14":0,"15":0,"16":0,"17":0,"18":0,"19":0,"20":0,"21":0,"22":0,"23":0,"24":0,"25":0,"26":0,"27":0,"28":0,"29":0,"30":0,"31":0,"32":0,"33":0,"34":0,"35":0},"f":{"0":0,"1":0,"2":0,"3":0,"4":0,"5":0,"6":0,"7":0,"8":0,"9":0,"10":0,"11":0,"12":0,"13":0,"14":0,"15":0},"b":{}}
,"C:\\Users\\HP\\teach2give\\projectGizmo\\backend\\src\\middleware\\bearAuth.ts": {"path":"C:\\Users\\HP\\teach2give\\projectGizmo\\backend\\src\\middleware\\bearAuth.ts","statementMap":{"0":{"start":{"line":1,"column":0},"end":{"line":1,"column":31}},"1":{"start":{"line":3,"column":0},"end":{"line":3,"column":23}},"2":{"start":{"line":5,"column":26},"end":{"line":44,"column":1}},"3":{"start":{"line":8,"column":4},"end":{"line":43,"column":6}},"4":{"start":{"line":9,"column":27},"end":{"line":9,"column":52}},"5":{"start":{"line":11,"column":8},"end":{"line":14,"column":9}},"6":{"start":{"line":12,"column":12},"end":{"line":12,"column":81}},"7":{"start":{"line":13,"column":12},"end":{"line":13,"column":19}},"8":{"start":{"line":16,"column":22},"end":{"line":16,"column":46}},"9":{"start":{"line":18,"column":8},"end":{"line":42,"column":9}},"10":{"start":{"line":19,"column":28},"end":{"line":19,"column":79}},"11":{"start":{"line":22,"column":13},"end":{"line":22,"column":40}},"12":{"start":{"line":24,"column":12},"end":{"line":38,"column":13}},"13":{"start":{"line":25,"column":34},"end":{"line":25,"column":54}},"14":{"start":{"line":28,"column":16},"end":{"line":31,"column":17}},"15":{"start":{"line":29,"column":20},"end":{"line":29,"column":27}},"16":{"start":{"line":30,"column":20},"end":{"line":30,"column":27}},"17":{"start":{"line":33,"column":16},"end":{"line":33,"column":82}},"18":{"start":{"line":34,"column":16},"end":{"line":34,"column":23}},"19":{"start":{"line":36,"column":16},"end":{"line":36,"column":75}},"20":{"start":{"line":37,"column":16},"end":{"line":37,"column":23}},"21":{"start":{"line":40,"column":12},"end":{"line":40,"column":63}},"22":{"start":{"line":41,"column":12},"end":{"line":41,"column":19}},"23":{"start":{"line":5,"column":13},"end":{"line":5,"column":26}},"24":{"start":{"line":47,"column":13},"end":{"line":47,"column":49}},"25":{"start":{"line":48,"column":13},"end":{"line":48,"column":51}},"26":{"start":{"line":49,"column":13},"end":{"line":49,"column":65}}},"fnMap":{"0":{"name":"(anonymous_1)","decl":{"start":{"line":5,"column":26},"end":{"line":5,"column":null}},"loc":{"start":{"line":7,"column":4},"end":{"line":44,"column":1}}},"1":{"name":"(anonymous_2)","decl":{"start":{"line":8,"column":11},"end":{"line":8,"column":12}},"loc":{"start":{"line":8,"column":69},"end":{"line":43,"column":5}}}},"branchMap":{"0":{"loc":{"start":{"line":11,"column":8},"end":{"line":14,"column":9}},"type":"if","locations":[{"start":{"line":11,"column":8},"end":{"line":14,"column":9}},{"start":{},"end":{}}]},"1":{"loc":{"start":{"line":11,"column":12},"end":{"line":11,"column":60}},"type":"binary-expr","locations":[{"start":{"line":11,"column":12},"end":{"line":11,"column":23}},{"start":{"line":11,"column":27},"end":{"line":11,"column":60}}]},"2":{"loc":{"start":{"line":24,"column":12},"end":{"line":38,"column":13}},"type":"if","locations":[{"start":{"line":24,"column":12},"end":{"line":38,"column":13}},{"start":{"line":35,"column":19},"end":{"line":38,"column":13}}]},"3":{"loc":{"start":{"line":24,"column":16},"end":{"line":24,"column":84}},"type":"binary-expr","locations":[{"start":{"line":24,"column":16},"end":{"line":24,"column":43}},{"start":{"line":24,"column":47},"end":{"line":24,"column":63}},{"start":{"line":24,"column":67},"end":{"line":24,"column":84}}]},"4":{"loc":{"start":{"line":28,"column":16},"end":{"line":31,"column":17}},"type":"if","locations":[{"start":{"line":28,"column":16},"end":{"line":31,"column":17}},{"start":{},"end":{}}]},"5":{"loc":{"start":{"line":28,"column":20},"end":{"line":28,"column":69}},"type":"binary-expr","locations":[{"start":{"line":28,"column":20},"end":{"line":28,"column":45}},{"start":{"line":28,"column":49},"end":{"line":28,"column":69}}]}},"s":{"0":0,"1":0,"2":0,"3":0,"4":0,"5":0,"6":0,"7":0,"8":0,"9":0,"10":0,"11":0,"12":0,"13":0,"14":0,"15":0,"16":0,"17":0,"18":0,"19":0,"20":0,"21":0,"22":0,"23":0,"24":0,"25":0,"26":0},"f":{"0":0,"1":0},"b":{"0":[0,0],"1":[0,0],"2":[0,0],"3":[0,0,0],"4":[0,0],"5":[0,0]}}
}
