{"C:\\Users\\HP\\teach2give\\projectGizmo\\backend\\src\\index.ts": {"path":"C:\\Users\\HP\\teach2give\\projectGizmo\\backend\\src\\index.ts","statementMap":{"0":{"start":{"line":1,"column":0},"end":{"line":1,"column":30}},"1":{"start":{"line":2,"column":0},"end":{"line":2,"column":58}},"2":{"start":{"line":3,"column":0},"end":{"line":3,"column":57}},"3":{"start":{"line":4,"column":0},"end":{"line":4,"column":61}},"4":{"start":{"line":5,"column":0},"end":{"line":5,"column":74}},"5":{"start":{"line":6,"column":0},"end":{"line":6,"column":59}},"6":{"start":{"line":7,"column":0},"end":{"line":7,"column":87}},"7":{"start":{"line":8,"column":0},"end":{"line":8,"column":63}},"8":{"start":{"line":9,"column":0},"end":{"line":9,"column":74}},"9":{"start":{"line":10,"column":0},"end":{"line":10,"column":24}},"10":{"start":{"line":12,"column":22},"end":{"line":33,"column":1}},"11":{"start":{"line":13,"column":16},"end":{"line":13,"column":25}},"12":{"start":{"line":14,"column":4},"end":{"line":14,"column":28}},"13":{"start":{"line":16,"column":4},"end":{"line":20,"column":8}},"14":{"start":{"line":23,"column":4},"end":{"line":23,"column":null}},"15":{"start":{"line":24,"column":4},"end":{"line":24,"column":33}},"16":{"start":{"line":25,"column":4},"end":{"line":25,"column":33}},"17":{"start":{"line":26,"column":4},"end":{"line":26,"column":34}},"18":{"start":{"line":27,"column":4},"end":{"line":27,"column":38}},"19":{"start":{"line":28,"column":4},"end":{"line":28,"column":33}},"20":{"start":{"line":29,"column":4},"end":{"line":29,"column":43}},"21":{"start":{"line":30,"column":4},"end":{"line":30,"column":35}},"22":{"start":{"line":32,"column":4},"end":{"line":32,"column":15}},"23":{"start":{"line":35,"column":12},"end":{"line":35,"column":27}},"24":{"start":{"line":36,"column":0},"end":{"line":36,"column":19}}},"fnMap":{"0":{"name":"(anonymous_1)","decl":{"start":{"line":12,"column":22},"end":{"line":12,"column":25}},"loc":{"start":{"line":12,"column":27},"end":{"line":33,"column":1}}}},"branchMap":{},"s":{"0":0,"1":0,"2":0,"3":0,"4":0,"5":0,"6":0,"7":0,"8":0,"9":0,"10":0,"11":0,"12":0,"13":0,"14":0,"15":0,"16":0,"17":0,"18":0,"19":0,"20":0,"21":0,"22":0,"23":0,"24":0},"f":{"0":0},"b":{}}
,"C:\\Users\\HP\\teach2give\\projectGizmo\\backend\\src\\server.ts": {"path":"C:\\Users\\HP\\teach2give\\projectGizmo\\backend\\src\\server.ts","statementMap":{"0":{"start":{"line":1,"column":0},"end":{"line":1,"column":26}},"1":{"start":{"line":3,"column":13},"end":{"line":3,"column":37}},"2":{"start":{"line":5,"column":0},"end":{"line":7,"column":3}},"3":{"start":{"line":6,"column":4},"end":{"line":6,"column":65}}},"fnMap":{"0":{"name":"(anonymous_1)","decl":{"start":{"line":5,"column":17},"end":{"line":5,"column":20}},"loc":{"start":{"line":5,"column":22},"end":{"line":7,"column":1}}}},"branchMap":{"0":{"loc":{"start":{"line":3,"column":13},"end":{"line":3,"column":37}},"type":"binary-expr","locations":[{"start":{"line":3,"column":13},"end":{"line":3,"column":29}},{"start":{"line":3,"column":33},"end":{"line":3,"column":37}}]}},"s":{"0":0,"1":0,"2":0,"3":0},"f":{"0":0},"b":{"0":[0,0]}}
,"C:\\Users\\HP\\teach2give\\projectGizmo\\backend\\src\\communication\\mailer.ts": {"path":"C:\\Users\\HP\\teach2give\\projectGizmo\\backend\\src\\communication\\mailer.ts","statementMap":{"0":{"start":{"line":1,"column":0},"end":{"line":1,"column":36}},"1":{"start":{"line":3,"column":25},"end":{"line":42,"column":1}},"2":{"start":{"line":9,"column":4},"end":{"line":41,"column":5}},"3":{"start":{"line":10,"column":28},"end":{"line":19,"column":10}},"4":{"start":{"line":21,"column":56},"end":{"line":27,"column":10}},"5":{"start":{"line":29,"column":24},"end":{"line":29,"column":63}},"6":{"start":{"line":30,"column":8},"end":{"line":30,"column":40}},"7":{"start":{"line":32,"column":8},"end":{"line":38,"column":9}},"8":{"start":{"line":33,"column":12},"end":{"line":33,"column":45}},"9":{"start":{"line":34,"column":15},"end":{"line":38,"column":9}},"10":{"start":{"line":35,"column":12},"end":{"line":35,"column":36}},"11":{"start":{"line":37,"column":12},"end":{"line":37,"column":40}},"12":{"start":{"line":40,"column":8},"end":{"line":40,"column":56}},"13":{"start":{"line":3,"column":13},"end":{"line":3,"column":25}}},"fnMap":{"0":{"name":"(anonymous_1)","decl":{"start":{"line":3,"column":25},"end":{"line":3,"column":30}},"loc":{"start":{"line":8,"column":4},"end":{"line":42,"column":1}}}},"branchMap":{"0":{"loc":{"start":{"line":32,"column":8},"end":{"line":38,"column":9}},"type":"if","locations":[{"start":{"line":32,"column":8},"end":{"line":38,"column":9}},{"start":{"line":34,"column":15},"end":{"line":38,"column":9}}]},"1":{"loc":{"start":{"line":34,"column":15},"end":{"line":38,"column":9}},"type":"if","locations":[{"start":{"line":34,"column":15},"end":{"line":38,"column":9}},{"start":{"line":36,"column":15},"end":{"line":38,"column":9}}]}},"s":{"0":1,"1":1,"2":0,"3":0,"4":0,"5":0,"6":0,"7":0,"8":0,"9":0,"10":0,"11":0,"12":0,"13":1},"f":{"0":0},"b":{"0":[0,0],"1":[0,0]}}
,"C:\\Users\\HP\\teach2give\\projectGizmo\\backend\\src\\components\\authentication\\authentication.controller.ts": {"path":"C:\\Users\\HP\\teach2give\\projectGizmo\\backend\\src\\components\\authentication\\authentication.controller.ts","statementMap":{"0":{"start":{"line":2,"column":0},"end":{"line":2,"column":54}},"1":{"start":{"line":3,"column":0},"end":{"line":3,"column":30}},"2":{"start":{"line":4,"column":0},"end":{"line":4,"column":31}},"3":{"start":{"line":5,"column":0},"end":{"line":5,"column":23}},"4":{"start":{"line":6,"column":0},"end":{"line":6,"column":55}},"5":{"start":{"line":10,"column":36},"end":{"line":46,"column":1}},"6":{"start":{"line":11,"column":4},"end":{"line":45,"column":5}},"7":{"start":{"line":12,"column":33},"end":{"line":12,"column":41}},"8":{"start":{"line":13,"column":8},"end":{"line":13,"column":61}},"9":{"start":{"line":16,"column":41},"end":{"line":16,"column":84}},"10":{"start":{"line":17,"column":8},"end":{"line":17,"column":49}},"11":{"start":{"line":18,"column":8},"end":{"line":18,"column":32}},"12":{"start":{"line":20,"column":28},"end":{"line":20,"column":62}},"13":{"start":{"line":22,"column":8},"end":{"line":24,"column":9}},"14":{"start":{"line":23,"column":12},"end":{"line":23,"column":73}},"15":{"start":{"line":26,"column":8},"end":{"line":39,"column":9}},"16":{"start":{"line":27,"column":12},"end":{"line":36,"column":14}},"17":{"start":{"line":38,"column":12},"end":{"line":38,"column":76}},"18":{"start":{"line":41,"column":8},"end":{"line":41,"column":99}},"19":{"start":{"line":44,"column":8},"end":{"line":44,"column":62}},"20":{"start":{"line":10,"column":13},"end":{"line":10,"column":36}},"21":{"start":{"line":48,"column":36},"end":{"line":83,"column":1}},"22":{"start":{"line":49,"column":28},"end":{"line":49,"column":36}},"23":{"start":{"line":51,"column":4},"end":{"line":82,"column":5}},"24":{"start":{"line":52,"column":21},"end":{"line":52,"column":60}},"25":{"start":{"line":54,"column":8},"end":{"line":56,"column":9}},"26":{"start":{"line":55,"column":12},"end":{"line":55,"column":71}},"27":{"start":{"line":58,"column":8},"end":{"line":79,"column":9}},"28":{"start":{"line":59,"column":12},"end":{"line":59,"column":48}},"29":{"start":{"line":61,"column":12},"end":{"line":74,"column":13}},"30":{"start":{"line":62,"column":16},"end":{"line":71,"column":18}},"31":{"start":{"line":73,"column":16},"end":{"line":73,"column":88}},"32":{"start":{"line":76,"column":12},"end":{"line":76,"column":83}},"33":{"start":{"line":78,"column":12},"end":{"line":78,"column":82}},"34":{"start":{"line":81,"column":8},"end":{"line":81,"column":62}},"35":{"start":{"line":48,"column":13},"end":{"line":48,"column":36}},"36":{"start":{"line":86,"column":35},"end":{"line":136,"column":1}},"37":{"start":{"line":87,"column":4},"end":{"line":135,"column":5}},"38":{"start":{"line":88,"column":21},"end":{"line":88,"column":29}},"39":{"start":{"line":90,"column":26},"end":{"line":90,"column":59}},"40":{"start":{"line":91,"column":8},"end":{"line":93,"column":9}},"41":{"start":{"line":92,"column":12},"end":{"line":92,"column":71}},"42":{"start":{"line":95,"column":30},"end":{"line":95,"column":85}},"43":{"start":{"line":96,"column":8},"end":{"line":98,"column":9}},"44":{"start":{"line":97,"column":12},"end":{"line":97,"column":76}},"45":{"start":{"line":100,"column":8},"end":{"line":100,"column":null}},"46":{"start":{"line":102,"column":8},"end":{"line":104,"column":9}},"47":{"start":{"line":103,"column":12},"end":{"line":103,"column":77}},"48":{"start":{"line":106,"column":24},"end":{"line":113,"column":10}},"49":{"start":{"line":115,"column":23},"end":{"line":115,"column":55}},"50":{"start":{"line":116,"column":8},"end":{"line":118,"column":9}},"51":{"start":{"line":117,"column":12},"end":{"line":117,"column":83}},"52":{"start":{"line":120,"column":22},"end":{"line":120,"column":47}},"53":{"start":{"line":122,"column":8},"end":{"line":132,"column":11}},"54":{"start":{"line":134,"column":8},"end":{"line":134,"column":62}},"55":{"start":{"line":86,"column":13},"end":{"line":86,"column":35}},"56":{"start":{"line":138,"column":37},"end":{"line":150,"column":1}},"57":{"start":{"line":139,"column":4},"end":{"line":149,"column":5}},"58":{"start":{"line":140,"column":21},"end":{"line":140,"column":75}},"59":{"start":{"line":142,"column":8},"end":{"line":144,"column":9}},"60":{"start":{"line":143,"column":12},"end":{"line":143,"column":71}},"61":{"start":{"line":146,"column":8},"end":{"line":146,"column":42}},"62":{"start":{"line":148,"column":8},"end":{"line":148,"column":62}},"63":{"start":{"line":138,"column":13},"end":{"line":138,"column":37}},"64":{"start":{"line":152,"column":37},"end":{"line":164,"column":1}},"65":{"start":{"line":153,"column":4},"end":{"line":163,"column":5}},"66":{"start":{"line":154,"column":22},"end":{"line":154,"column":53}},"67":{"start":{"line":156,"column":8},"end":{"line":158,"column":9}},"68":{"start":{"line":157,"column":12},"end":{"line":157,"column":72}},"69":{"start":{"line":160,"column":8},"end":{"line":160,"column":43}},"70":{"start":{"line":162,"column":8},"end":{"line":162,"column":62}},"71":{"start":{"line":152,"column":13},"end":{"line":152,"column":37}},"72":{"start":{"line":166,"column":37},"end":{"line":186,"column":1}},"73":{"start":{"line":167,"column":4},"end":{"line":185,"column":5}},"74":{"start":{"line":168,"column":29},"end":{"line":168,"column":37}},"75":{"start":{"line":170,"column":8},"end":{"line":172,"column":9}},"76":{"start":{"line":171,"column":12},"end":{"line":171,"column":72}},"77":{"start":{"line":174,"column":23},"end":{"line":174,"column":33}},"78":{"start":{"line":176,"column":28},"end":{"line":176,"column":74}},"79":{"start":{"line":178,"column":8},"end":{"line":180,"column":9}},"80":{"start":{"line":179,"column":12},"end":{"line":179,"column":97}},"81":{"start":{"line":182,"column":8},"end":{"line":182,"column":102}},"82":{"start":{"line":184,"column":8},"end":{"line":184,"column":62}},"83":{"start":{"line":166,"column":13},"end":{"line":166,"column":37}}},"fnMap":{"0":{"name":"(anonymous_1)","decl":{"start":{"line":10,"column":36},"end":{"line":10,"column":41}},"loc":{"start":{"line":10,"column":74},"end":{"line":46,"column":1}}},"1":{"name":"(anonymous_2)","decl":{"start":{"line":48,"column":36},"end":{"line":48,"column":41}},"loc":{"start":{"line":48,"column":74},"end":{"line":83,"column":1}}},"2":{"name":"(anonymous_3)","decl":{"start":{"line":86,"column":35},"end":{"line":86,"column":40}},"loc":{"start":{"line":86,"column":73},"end":{"line":136,"column":1}}},"3":{"name":"(anonymous_4)","decl":{"start":{"line":138,"column":37},"end":{"line":138,"column":42}},"loc":{"start":{"line":138,"column":75},"end":{"line":150,"column":1}}},"4":{"name":"(anonymous_5)","decl":{"start":{"line":152,"column":37},"end":{"line":152,"column":42}},"loc":{"start":{"line":152,"column":75},"end":{"line":164,"column":1}}},"5":{"name":"(anonymous_6)","decl":{"start":{"line":166,"column":37},"end":{"line":166,"column":42}},"loc":{"start":{"line":166,"column":75},"end":{"line":186,"column":1}}}},"branchMap":{"0":{"loc":{"start":{"line":22,"column":8},"end":{"line":24,"column":9}},"type":"if","locations":[{"start":{"line":22,"column":8},"end":{"line":24,"column":9}},{"start":{},"end":{}}]},"1":{"loc":{"start":{"line":54,"column":8},"end":{"line":56,"column":9}},"type":"if","locations":[{"start":{"line":54,"column":8},"end":{"line":56,"column":9}},{"start":{},"end":{}}]},"2":{"loc":{"start":{"line":58,"column":8},"end":{"line":79,"column":9}},"type":"if","locations":[{"start":{"line":58,"column":8},"end":{"line":79,"column":9}},{"start":{"line":77,"column":15},"end":{"line":79,"column":9}}]},"3":{"loc":{"start":{"line":91,"column":8},"end":{"line":93,"column":9}},"type":"if","locations":[{"start":{"line":91,"column":8},"end":{"line":93,"column":9}},{"start":{},"end":{}}]},"4":{"loc":{"start":{"line":96,"column":8},"end":{"line":98,"column":9}},"type":"if","locations":[{"start":{"line":96,"column":8},"end":{"line":98,"column":9}},{"start":{},"end":{}}]},"5":{"loc":{"start":{"line":102,"column":8},"end":{"line":104,"column":9}},"type":"if","locations":[{"start":{"line":102,"column":8},"end":{"line":104,"column":9}},{"start":{},"end":{}}]},"6":{"loc":{"start":{"line":116,"column":8},"end":{"line":118,"column":9}},"type":"if","locations":[{"start":{"line":116,"column":8},"end":{"line":118,"column":9}},{"start":{},"end":{}}]},"7":{"loc":{"start":{"line":142,"column":8},"end":{"line":144,"column":9}},"type":"if","locations":[{"start":{"line":142,"column":8},"end":{"line":144,"column":9}},{"start":{},"end":{}}]},"8":{"loc":{"start":{"line":156,"column":8},"end":{"line":158,"column":9}},"type":"if","locations":[{"start":{"line":156,"column":8},"end":{"line":158,"column":9}},{"start":{},"end":{}}]},"9":{"loc":{"start":{"line":170,"column":8},"end":{"line":172,"column":9}},"type":"if","locations":[{"start":{"line":170,"column":8},"end":{"line":172,"column":9}},{"start":{},"end":{}}]},"10":{"loc":{"start":{"line":170,"column":12},"end":{"line":170,"column":36}},"type":"binary-expr","locations":[{"start":{"line":170,"column":12},"end":{"line":170,"column":15}},{"start":{"line":170,"column":19},"end":{"line":170,"column":36}}]},"11":{"loc":{"start":{"line":178,"column":8},"end":{"line":180,"column":9}},"type":"if","locations":[{"start":{"line":178,"column":8},"end":{"line":180,"column":9}},{"start":{},"end":{}}]}},"s":{"0":1,"1":1,"2":1,"3":1,"4":1,"5":1,"6":2,"7":2,"8":2,"9":2,"10":2,"11":2,"12":2,"13":1,"14":0,"15":1,"16":1,"17":0,"18":1,"19":1,"20":1,"21":1,"22":3,"23":3,"24":3,"25":3,"26":1,"27":2,"28":1,"29":1,"30":1,"31":0,"32":1,"33":1,"34":0,"35":1,"36":1,"37":4,"38":4,"39":4,"40":4,"41":1,"42":3,"43":3,"44":1,"45":2,"46":2,"47":1,"48":1,"49":1,"50":1,"51":0,"52":1,"53":1,"54":0,"55":1,"56":1,"57":2,"58":2,"59":2,"60":1,"61":1,"62":0,"63":1,"64":1,"65":2,"66":2,"67":2,"68":1,"69":1,"70":0,"71":1,"72":1,"73":3,"74":3,"75":3,"76":1,"77":2,"78":2,"79":2,"80":1,"81":1,"82":0,"83":1},"f":{"0":2,"1":3,"2":4,"3":2,"4":2,"5":3},"b":{"0":[0,1],"1":[1,2],"2":[1,1],"3":[1,3],"4":[1,2],"5":[1,1],"6":[0,1],"7":[1,1],"8":[1,1],"9":[1,2],"10":[3,3],"11":[1,1]}}
,"C:\\Users\\HP\\teach2give\\projectGizmo\\backend\\src\\components\\authentication\\authentication.router.ts": {"path":"C:\\Users\\HP\\teach2give\\projectGizmo\\backend\\src\\components\\authentication\\authentication.router.ts","statementMap":{"0":{"start":{"line":1,"column":0},"end":{"line":1,"column":33}},"1":{"start":{"line":2,"column":0},"end":{"line":2,"column":null}},"2":{"start":{"line":9,"column":0},"end":{"line":9,"column":51}},"3":{"start":{"line":11,"column":15},"end":{"line":11,"column":23}},"4":{"start":{"line":13,"column":0},"end":{"line":13,"column":65}},"5":{"start":{"line":14,"column":0},"end":{"line":14,"column":64}},"6":{"start":{"line":15,"column":0},"end":{"line":15,"column":62}},"7":{"start":{"line":16,"column":0},"end":{"line":16,"column":66}},"8":{"start":{"line":17,"column":0},"end":{"line":17,"column":63}},"9":{"start":{"line":18,"column":0},"end":{"line":18,"column":70}},"10":{"start":{"line":21,"column":0},"end":{"line":21,"column":22}}},"fnMap":{},"branchMap":{},"s":{"0":0,"1":0,"2":0,"3":0,"4":0,"5":0,"6":0,"7":0,"8":0,"9":0,"10":0},"f":{},"b":{}}
,"C:\\Users\\HP\\teach2give\\projectGizmo\\backend\\src\\components\\authentication\\authentication.service.ts": {"path":"C:\\Users\\HP\\teach2give\\projectGizmo\\backend\\src\\components\\authentication\\authentication.service.ts","statementMap":{"0":{"start":{"line":1,"column":0},"end":{"line":1,"column":38}},"1":{"start":{"line":2,"column":0},"end":{"line":2,"column":34}},"2":{"start":{"line":3,"column":0},"end":{"line":3,"column":71}},"3":{"start":{"line":7,"column":8},"end":{"line":13,"column":9}},"4":{"start":{"line":8,"column":27},"end":{"line":8,"column":73}},"5":{"start":{"line":9,"column":12},"end":{"line":9,"column":29}},"6":{"start":{"line":11,"column":12},"end":{"line":11,"column":57}},"7":{"start":{"line":12,"column":12},"end":{"line":12,"column":54}},"8":{"start":{"line":17,"column":8},"end":{"line":24,"column":9}},"9":{"start":{"line":18,"column":12},"end":{"line":20,"column":15}},"10":{"start":{"line":22,"column":12},"end":{"line":22,"column":66}},"11":{"start":{"line":23,"column":12},"end":{"line":23,"column":62}},"12":{"start":{"line":28,"column":8},"end":{"line":44,"column":9}},"13":{"start":{"line":29,"column":27},"end":{"line":32,"column":28}},"14":{"start":{"line":34,"column":12},"end":{"line":36,"column":13}},"15":{"start":{"line":35,"column":16},"end":{"line":35,"column":68}},"16":{"start":{"line":38,"column":12},"end":{"line":38,"column":29}},"17":{"start":{"line":40,"column":12},"end":{"line":40,"column":82}},"18":{"start":{"line":40,"column":70},"end":{"line":40,"column":82}},"19":{"start":{"line":42,"column":12},"end":{"line":42,"column":58}},"20":{"start":{"line":43,"column":12},"end":{"line":43,"column":54}},"21":{"start":{"line":48,"column":8},"end":{"line":74,"column":9}},"22":{"start":{"line":49,"column":30},"end":{"line":49,"column":34}},"23":{"start":{"line":51,"column":33},"end":{"line":62,"column":14}},"24":{"start":{"line":64,"column":12},"end":{"line":66,"column":13}},"25":{"start":{"line":65,"column":16},"end":{"line":65,"column":51}},"26":{"start":{"line":68,"column":12},"end":{"line":68,"column":32}},"27":{"start":{"line":70,"column":12},"end":{"line":70,"column":65}},"28":{"start":{"line":70,"column":53},"end":{"line":70,"column":65}},"29":{"start":{"line":72,"column":12},"end":{"line":72,"column":61}},"30":{"start":{"line":73,"column":12},"end":{"line":73,"column":53}},"31":{"start":{"line":78,"column":8},"end":{"line":93,"column":9}},"32":{"start":{"line":79,"column":25},"end":{"line":81,"column":14}},"33":{"start":{"line":83,"column":12},"end":{"line":85,"column":13}},"34":{"start":{"line":84,"column":16},"end":{"line":84,"column":51}},"35":{"start":{"line":87,"column":12},"end":{"line":87,"column":24}},"36":{"start":{"line":89,"column":12},"end":{"line":89,"column":65}},"37":{"start":{"line":89,"column":53},"end":{"line":89,"column":65}},"38":{"start":{"line":91,"column":12},"end":{"line":91,"column":63}},"39":{"start":{"line":92,"column":12},"end":{"line":92,"column":59}},"40":{"start":{"line":97,"column":8},"end":{"line":102,"column":9}},"41":{"start":{"line":98,"column":12},"end":{"line":98,"column":50}},"42":{"start":{"line":100,"column":12},"end":{"line":100,"column":62}},"43":{"start":{"line":101,"column":12},"end":{"line":101,"column":58}},"44":{"start":{"line":106,"column":8},"end":{"line":132,"column":9}},"45":{"start":{"line":107,"column":25},"end":{"line":109,"column":14}},"46":{"start":{"line":111,"column":12},"end":{"line":113,"column":13}},"47":{"start":{"line":112,"column":16},"end":{"line":112,"column":51}},"48":{"start":{"line":115,"column":33},"end":{"line":115,"column":72}},"49":{"start":{"line":116,"column":12},"end":{"line":118,"column":13}},"50":{"start":{"line":117,"column":16},"end":{"line":117,"column":58}},"51":{"start":{"line":120,"column":32},"end":{"line":123,"column":28}},"52":{"start":{"line":125,"column":12},"end":{"line":125,"column":34}},"53":{"start":{"line":127,"column":12},"end":{"line":127,"column":65}},"54":{"start":{"line":127,"column":53},"end":{"line":127,"column":65}},"55":{"start":{"line":128,"column":12},"end":{"line":128,"column":72}},"56":{"start":{"line":128,"column":60},"end":{"line":128,"column":72}},"57":{"start":{"line":130,"column":12},"end":{"line":130,"column":62}},"58":{"start":{"line":131,"column":12},"end":{"line":131,"column":59}},"59":{"start":{"line":5,"column":0},"end":{"line":5,"column":13}}},"fnMap":{"0":{"name":"(anonymous_1)","decl":{"start":{"line":6,"column":4},"end":{"line":6,"column":10}},"loc":{"start":{"line":6,"column":44},"end":{"line":14,"column":5}}},"1":{"name":"(anonymous_2)","decl":{"start":{"line":16,"column":4},"end":{"line":16,"column":10}},"loc":{"start":{"line":16,"column":45},"end":{"line":25,"column":5}}},"2":{"name":"(anonymous_3)","decl":{"start":{"line":27,"column":4},"end":{"line":27,"column":10}},"loc":{"start":{"line":27,"column":41},"end":{"line":45,"column":5}}},"3":{"name":"(anonymous_4)","decl":{"start":{"line":47,"column":4},"end":{"line":47,"column":10}},"loc":{"start":{"line":47,"column":43},"end":{"line":75,"column":5}}},"4":{"name":"(anonymous_5)","decl":{"start":{"line":77,"column":4},"end":{"line":77,"column":10}},"loc":{"start":{"line":77,"column":39},"end":{"line":94,"column":5}}},"5":{"name":"(anonymous_6)","decl":{"start":{"line":96,"column":4},"end":{"line":96,"column":10}},"loc":{"start":{"line":96,"column":28},"end":{"line":103,"column":5}}},"6":{"name":"(anonymous_7)","decl":{"start":{"line":105,"column":4},"end":{"line":105,"column":10}},"loc":{"start":{"line":105,"column":66},"end":{"line":133,"column":5}}}},"branchMap":{"0":{"loc":{"start":{"line":34,"column":12},"end":{"line":36,"column":13}},"type":"if","locations":[{"start":{"line":34,"column":12},"end":{"line":36,"column":13}},{"start":{},"end":{}}]},"1":{"loc":{"start":{"line":40,"column":12},"end":{"line":40,"column":82}},"type":"if","locations":[{"start":{"line":40,"column":12},"end":{"line":40,"column":82}},{"start":{},"end":{}}]},"2":{"loc":{"start":{"line":64,"column":12},"end":{"line":66,"column":13}},"type":"if","locations":[{"start":{"line":64,"column":12},"end":{"line":66,"column":13}},{"start":{},"end":{}}]},"3":{"loc":{"start":{"line":70,"column":12},"end":{"line":70,"column":65}},"type":"if","locations":[{"start":{"line":70,"column":12},"end":{"line":70,"column":65}},{"start":{},"end":{}}]},"4":{"loc":{"start":{"line":83,"column":12},"end":{"line":85,"column":13}},"type":"if","locations":[{"start":{"line":83,"column":12},"end":{"line":85,"column":13}},{"start":{},"end":{}}]},"5":{"loc":{"start":{"line":89,"column":12},"end":{"line":89,"column":65}},"type":"if","locations":[{"start":{"line":89,"column":12},"end":{"line":89,"column":65}},{"start":{},"end":{}}]},"6":{"loc":{"start":{"line":111,"column":12},"end":{"line":113,"column":13}},"type":"if","locations":[{"start":{"line":111,"column":12},"end":{"line":113,"column":13}},{"start":{},"end":{}}]},"7":{"loc":{"start":{"line":116,"column":12},"end":{"line":118,"column":13}},"type":"if","locations":[{"start":{"line":116,"column":12},"end":{"line":118,"column":13}},{"start":{},"end":{}}]},"8":{"loc":{"start":{"line":127,"column":12},"end":{"line":127,"column":65}},"type":"if","locations":[{"start":{"line":127,"column":12},"end":{"line":127,"column":65}},{"start":{},"end":{}}]},"9":{"loc":{"start":{"line":128,"column":12},"end":{"line":128,"column":72}},"type":"if","locations":[{"start":{"line":128,"column":12},"end":{"line":128,"column":72}},{"start":{},"end":{}}]}},"s":{"0":2,"1":2,"2":2,"3":2,"4":2,"5":1,"6":1,"7":1,"8":2,"9":2,"10":1,"11":1,"12":3,"13":3,"14":2,"15":1,"16":1,"17":2,"18":1,"19":1,"20":1,"21":3,"22":3,"23":3,"24":2,"25":1,"26":1,"27":2,"28":1,"29":1,"30":1,"31":3,"32":3,"33":2,"34":1,"35":1,"36":2,"37":1,"38":1,"39":1,"40":2,"41":2,"42":1,"43":1,"44":4,"45":4,"46":4,"47":1,"48":3,"49":3,"50":1,"51":2,"52":1,"53":3,"54":1,"55":2,"56":1,"57":1,"58":1,"59":2},"f":{"0":2,"1":2,"2":3,"3":3,"4":3,"5":2,"6":4},"b":{"0":[1,1],"1":[1,1],"2":[1,1],"3":[1,1],"4":[1,1],"5":[1,1],"6":[1,3],"7":[1,2],"8":[1,2],"9":[1,1]}}
,"C:\\Users\\HP\\teach2give\\projectGizmo\\backend\\src\\components\\customerSupport\\customerSupport.controller.ts": {"path":"C:\\Users\\HP\\teach2give\\projectGizmo\\backend\\src\\components\\customerSupport\\customerSupport.controller.ts","statementMap":{"0":{"start":{"line":2,"column":0},"end":{"line":2,"column":67}},"1":{"start":{"line":5,"column":13},"end":{"line":16,"column":5}},"2":{"start":{"line":6,"column":8},"end":{"line":15,"column":9}},"3":{"start":{"line":7,"column":28},"end":{"line":7,"column":65}},"4":{"start":{"line":8,"column":12},"end":{"line":10,"column":13}},"5":{"start":{"line":9,"column":16},"end":{"line":9,"column":86}},"6":{"start":{"line":11,"column":12},"end":{"line":11,"column":49}},"7":{"start":{"line":13,"column":12},"end":{"line":13,"column":68}},"8":{"start":{"line":14,"column":12},"end":{"line":14,"column":110}},"9":{"start":{"line":18,"column":14},"end":{"line":34,"column":5}},"10":{"start":{"line":19,"column":19},"end":{"line":19,"column":40}},"11":{"start":{"line":20,"column":8},"end":{"line":22,"column":9}},"12":{"start":{"line":21,"column":12},"end":{"line":21,"column":74}},"13":{"start":{"line":24,"column":8},"end":{"line":33,"column":9}},"14":{"start":{"line":25,"column":27},"end":{"line":25,"column":67}},"15":{"start":{"line":26,"column":12},"end":{"line":28,"column":13}},"16":{"start":{"line":27,"column":16},"end":{"line":27,"column":85}},"17":{"start":{"line":29,"column":12},"end":{"line":29,"column":48}},"18":{"start":{"line":31,"column":12},"end":{"line":31,"column":81}},"19":{"start":{"line":32,"column":12},"end":{"line":32,"column":109}},"20":{"start":{"line":36,"column":13},"end":{"line":44,"column":5}},"21":{"start":{"line":37,"column":8},"end":{"line":43,"column":9}},"22":{"start":{"line":38,"column":30},"end":{"line":38,"column":75}},"23":{"start":{"line":39,"column":12},"end":{"line":39,"column":51}},"24":{"start":{"line":41,"column":12},"end":{"line":41,"column":67}},"25":{"start":{"line":42,"column":12},"end":{"line":42,"column":110}},"26":{"start":{"line":46,"column":13},"end":{"line":62,"column":5}},"27":{"start":{"line":47,"column":19},"end":{"line":47,"column":40}},"28":{"start":{"line":48,"column":8},"end":{"line":50,"column":9}},"29":{"start":{"line":49,"column":12},"end":{"line":49,"column":74}},"30":{"start":{"line":52,"column":8},"end":{"line":61,"column":9}},"31":{"start":{"line":53,"column":34},"end":{"line":53,"column":83}},"32":{"start":{"line":54,"column":12},"end":{"line":56,"column":13}},"33":{"start":{"line":55,"column":16},"end":{"line":55,"column":85}},"34":{"start":{"line":57,"column":12},"end":{"line":57,"column":55}},"35":{"start":{"line":59,"column":12},"end":{"line":59,"column":81}},"36":{"start":{"line":60,"column":12},"end":{"line":60,"column":110}},"37":{"start":{"line":64,"column":13},"end":{"line":80,"column":5}},"38":{"start":{"line":65,"column":19},"end":{"line":65,"column":40}},"39":{"start":{"line":66,"column":8},"end":{"line":68,"column":9}},"40":{"start":{"line":67,"column":12},"end":{"line":67,"column":74}},"41":{"start":{"line":70,"column":8},"end":{"line":79,"column":9}},"42":{"start":{"line":71,"column":34},"end":{"line":71,"column":73}},"43":{"start":{"line":72,"column":12},"end":{"line":74,"column":13}},"44":{"start":{"line":73,"column":16},"end":{"line":73,"column":85}},"45":{"start":{"line":75,"column":12},"end":{"line":75,"column":115}},"46":{"start":{"line":77,"column":12},"end":{"line":77,"column":81}},"47":{"start":{"line":78,"column":12},"end":{"line":78,"column":110}},"48":{"start":{"line":4,"column":0},"end":{"line":4,"column":13}},"49":{"start":{"line":83,"column":13},"end":{"line":83,"column":73}}},"fnMap":{"0":{"name":"(anonymous_0)","decl":{"start":{"line":5,"column":13},"end":{"line":5,"column":18}},"loc":{"start":{"line":5,"column":51},"end":{"line":16,"column":5}}},"1":{"name":"(anonymous_1)","decl":{"start":{"line":18,"column":14},"end":{"line":18,"column":19}},"loc":{"start":{"line":18,"column":52},"end":{"line":34,"column":5}}},"2":{"name":"(anonymous_2)","decl":{"start":{"line":36,"column":13},"end":{"line":36,"column":18}},"loc":{"start":{"line":36,"column":51},"end":{"line":44,"column":5}}},"3":{"name":"(anonymous_3)","decl":{"start":{"line":46,"column":13},"end":{"line":46,"column":18}},"loc":{"start":{"line":46,"column":51},"end":{"line":62,"column":5}}},"4":{"name":"(anonymous_4)","decl":{"start":{"line":64,"column":13},"end":{"line":64,"column":18}},"loc":{"start":{"line":64,"column":51},"end":{"line":80,"column":5}}}},"branchMap":{"0":{"loc":{"start":{"line":8,"column":12},"end":{"line":10,"column":13}},"type":"if","locations":[{"start":{"line":8,"column":12},"end":{"line":10,"column":13}},{"start":{},"end":{}}]},"1":{"loc":{"start":{"line":20,"column":8},"end":{"line":22,"column":9}},"type":"if","locations":[{"start":{"line":20,"column":8},"end":{"line":22,"column":9}},{"start":{},"end":{}}]},"2":{"loc":{"start":{"line":26,"column":12},"end":{"line":28,"column":13}},"type":"if","locations":[{"start":{"line":26,"column":12},"end":{"line":28,"column":13}},{"start":{},"end":{}}]},"3":{"loc":{"start":{"line":48,"column":8},"end":{"line":50,"column":9}},"type":"if","locations":[{"start":{"line":48,"column":8},"end":{"line":50,"column":9}},{"start":{},"end":{}}]},"4":{"loc":{"start":{"line":54,"column":12},"end":{"line":56,"column":13}},"type":"if","locations":[{"start":{"line":54,"column":12},"end":{"line":56,"column":13}},{"start":{},"end":{}}]},"5":{"loc":{"start":{"line":66,"column":8},"end":{"line":68,"column":9}},"type":"if","locations":[{"start":{"line":66,"column":8},"end":{"line":68,"column":9}},{"start":{},"end":{}}]},"6":{"loc":{"start":{"line":72,"column":12},"end":{"line":74,"column":13}},"type":"if","locations":[{"start":{"line":72,"column":12},"end":{"line":74,"column":13}},{"start":{},"end":{}}]}},"s":{"0":1,"1":2,"2":3,"3":3,"4":2,"5":1,"6":1,"7":1,"8":1,"9":2,"10":4,"11":4,"12":1,"13":3,"14":3,"15":2,"16":1,"17":1,"18":1,"19":1,"20":2,"21":2,"22":2,"23":1,"24":1,"25":1,"26":2,"27":4,"28":4,"29":1,"30":3,"31":3,"32":2,"33":1,"34":1,"35":1,"36":1,"37":2,"38":4,"39":4,"40":1,"41":3,"42":3,"43":2,"44":1,"45":1,"46":1,"47":1,"48":1,"49":1},"f":{"0":3,"1":4,"2":2,"3":4,"4":4},"b":{"0":[1,1],"1":[1,3],"2":[1,1],"3":[1,3],"4":[1,1],"5":[1,3],"6":[1,1]}}
,"C:\\Users\\HP\\teach2give\\projectGizmo\\backend\\src\\components\\customerSupport\\customerSupport.routes.ts": {"path":"C:\\Users\\HP\\teach2give\\projectGizmo\\backend\\src\\components\\customerSupport\\customerSupport.routes.ts","statementMap":{"0":{"start":{"line":1,"column":0},"end":{"line":1,"column":33}},"1":{"start":{"line":2,"column":0},"end":{"line":2,"column":73}},"2":{"start":{"line":3,"column":0},"end":{"line":3,"column":51}},"3":{"start":{"line":5,"column":15},"end":{"line":5,"column":23}},"4":{"start":{"line":7,"column":0},"end":{"line":7,"column":79}},"5":{"start":{"line":8,"column":0},"end":{"line":8,"column":84}},"6":{"start":{"line":9,"column":0},"end":{"line":9,"column":80}},"7":{"start":{"line":10,"column":0},"end":{"line":10,"column":83}},"8":{"start":{"line":11,"column":0},"end":{"line":11,"column":86}},"9":{"start":{"line":13,"column":0},"end":{"line":13,"column":22}}},"fnMap":{},"branchMap":{},"s":{"0":0,"1":0,"2":0,"3":0,"4":0,"5":0,"6":0,"7":0,"8":0,"9":0},"f":{},"b":{}}
,"C:\\Users\\HP\\teach2give\\projectGizmo\\backend\\src\\components\\customerSupport\\customerSupport.service.ts": {"path":"C:\\Users\\HP\\teach2give\\projectGizmo\\backend\\src\\components\\customerSupport\\customerSupport.service.ts","statementMap":{"0":{"start":{"line":1,"column":0},"end":{"line":1,"column":34}},"1":{"start":{"line":2,"column":0},"end":{"line":2,"column":78}},"2":{"start":{"line":3,"column":0},"end":{"line":3,"column":33}},"3":{"start":{"line":7,"column":8},"end":{"line":13,"column":9}},"4":{"start":{"line":8,"column":28},"end":{"line":8,"column":67}},"5":{"start":{"line":9,"column":12},"end":{"line":9,"column":27}},"6":{"start":{"line":11,"column":12},"end":{"line":11,"column":77}},"7":{"start":{"line":12,"column":12},"end":{"line":12,"column":76}},"8":{"start":{"line":17,"column":8},"end":{"line":26,"column":9}},"9":{"start":{"line":18,"column":27},"end":{"line":18,"column":100}},"10":{"start":{"line":19,"column":12},"end":{"line":21,"column":13}},"11":{"start":{"line":20,"column":16},"end":{"line":20,"column":28}},"12":{"start":{"line":22,"column":12},"end":{"line":22,"column":29}},"13":{"start":{"line":24,"column":12},"end":{"line":24,"column":90}},"14":{"start":{"line":25,"column":12},"end":{"line":25,"column":75}},"15":{"start":{"line":30,"column":8},"end":{"line":36,"column":9}},"16":{"start":{"line":31,"column":27},"end":{"line":31,"column":91}},"17":{"start":{"line":32,"column":12},"end":{"line":32,"column":29}},"18":{"start":{"line":34,"column":12},"end":{"line":34,"column":76}},"19":{"start":{"line":35,"column":12},"end":{"line":35,"column":73}},"20":{"start":{"line":40,"column":8},"end":{"line":49,"column":9}},"21":{"start":{"line":41,"column":27},"end":{"line":41,"column":121}},"22":{"start":{"line":42,"column":12},"end":{"line":44,"column":13}},"23":{"start":{"line":43,"column":16},"end":{"line":43,"column":28}},"24":{"start":{"line":45,"column":12},"end":{"line":45,"column":29}},"25":{"start":{"line":47,"column":12},"end":{"line":47,"column":90}},"26":{"start":{"line":48,"column":12},"end":{"line":48,"column":73}},"27":{"start":{"line":53,"column":8},"end":{"line":62,"column":9}},"28":{"start":{"line":54,"column":27},"end":{"line":54,"column":105}},"29":{"start":{"line":55,"column":12},"end":{"line":57,"column":13}},"30":{"start":{"line":56,"column":16},"end":{"line":56,"column":28}},"31":{"start":{"line":58,"column":12},"end":{"line":58,"column":29}},"32":{"start":{"line":60,"column":12},"end":{"line":60,"column":90}},"33":{"start":{"line":61,"column":12},"end":{"line":61,"column":73}},"34":{"start":{"line":5,"column":0},"end":{"line":5,"column":13}},"35":{"start":{"line":66,"column":13},"end":{"line":66,"column":67}}},"fnMap":{"0":{"name":"(anonymous_1)","decl":{"start":{"line":6,"column":4},"end":{"line":6,"column":9}},"loc":{"start":{"line":6,"column":16},"end":{"line":14,"column":5}}},"1":{"name":"(anonymous_2)","decl":{"start":{"line":16,"column":4},"end":{"line":16,"column":9}},"loc":{"start":{"line":16,"column":28},"end":{"line":27,"column":5}}},"2":{"name":"(anonymous_3)","decl":{"start":{"line":29,"column":4},"end":{"line":29,"column":9}},"loc":{"start":{"line":29,"column":51},"end":{"line":37,"column":5}}},"3":{"name":"(anonymous_4)","decl":{"start":{"line":39,"column":4},"end":{"line":39,"column":9}},"loc":{"start":{"line":39,"column":71},"end":{"line":50,"column":5}}},"4":{"name":"(anonymous_5)","decl":{"start":{"line":52,"column":4},"end":{"line":52,"column":9}},"loc":{"start":{"line":52,"column":27},"end":{"line":63,"column":5}}}},"branchMap":{"0":{"loc":{"start":{"line":19,"column":12},"end":{"line":21,"column":13}},"type":"if","locations":[{"start":{"line":19,"column":12},"end":{"line":21,"column":13}},{"start":{},"end":{}}]},"1":{"loc":{"start":{"line":42,"column":12},"end":{"line":44,"column":13}},"type":"if","locations":[{"start":{"line":42,"column":12},"end":{"line":44,"column":13}},{"start":{},"end":{}}]},"2":{"loc":{"start":{"line":55,"column":12},"end":{"line":57,"column":13}},"type":"if","locations":[{"start":{"line":55,"column":12},"end":{"line":57,"column":13}},{"start":{},"end":{}}]}},"s":{"0":2,"1":2,"2":2,"3":2,"4":2,"5":1,"6":1,"7":1,"8":3,"9":3,"10":2,"11":1,"12":1,"13":1,"14":1,"15":2,"16":2,"17":1,"18":1,"19":1,"20":3,"21":3,"22":2,"23":1,"24":1,"25":1,"26":1,"27":3,"28":3,"29":2,"30":1,"31":1,"32":1,"33":1,"34":2,"35":2},"f":{"0":2,"1":3,"2":2,"3":3,"4":3},"b":{"0":[1,1],"1":[1,1],"2":[1,1]}}
,"C:\\Users\\HP\\teach2give\\projectGizmo\\backend\\src\\components\\event\\event.controller.ts": {"path":"C:\\Users\\HP\\teach2give\\projectGizmo\\backend\\src\\components\\event\\event.controller.ts","statementMap":{"0":{"start":{"line":2,"column":0},"end":{"line":2,"column":47}},"1":{"start":{"line":5,"column":14},"end":{"line":18,"column":5}},"2":{"start":{"line":6,"column":24},"end":{"line":10,"column":10}},"3":{"start":{"line":12,"column":8},"end":{"line":17,"column":9}},"4":{"start":{"line":13,"column":27},"end":{"line":13,"column":67}},"5":{"start":{"line":14,"column":12},"end":{"line":14,"column":29}},"6":{"start":{"line":16,"column":12},"end":{"line":16,"column":79}},"7":{"start":{"line":20,"column":15},"end":{"line":29,"column":5}},"8":{"start":{"line":21,"column":19},"end":{"line":21,"column":40}},"9":{"start":{"line":22,"column":8},"end":{"line":28,"column":9}},"10":{"start":{"line":23,"column":26},"end":{"line":23,"column":61}},"11":{"start":{"line":24,"column":12},"end":{"line":24,"column":84}},"12":{"start":{"line":24,"column":24},"end":{"line":24,"column":84}},"13":{"start":{"line":25,"column":12},"end":{"line":25,"column":28}},"14":{"start":{"line":27,"column":12},"end":{"line":27,"column":78}},"15":{"start":{"line":31,"column":13},"end":{"line":38,"column":5}},"16":{"start":{"line":32,"column":8},"end":{"line":37,"column":9}},"17":{"start":{"line":33,"column":29},"end":{"line":33,"column":69}},"18":{"start":{"line":34,"column":12},"end":{"line":34,"column":43}},"19":{"start":{"line":36,"column":12},"end":{"line":36,"column":79}},"20":{"start":{"line":40,"column":13},"end":{"line":48,"column":5}},"21":{"start":{"line":41,"column":19},"end":{"line":41,"column":40}},"22":{"start":{"line":42,"column":8},"end":{"line":47,"column":9}},"23":{"start":{"line":43,"column":33},"end":{"line":43,"column":77}},"24":{"start":{"line":44,"column":12},"end":{"line":44,"column":35}},"25":{"start":{"line":46,"column":12},"end":{"line":46,"column":79}},"26":{"start":{"line":50,"column":14},"end":{"line":58,"column":5}},"27":{"start":{"line":51,"column":19},"end":{"line":51,"column":40}},"28":{"start":{"line":52,"column":8},"end":{"line":57,"column":9}},"29":{"start":{"line":53,"column":33},"end":{"line":53,"column":67}},"30":{"start":{"line":54,"column":12},"end":{"line":54,"column":35}},"31":{"start":{"line":56,"column":12},"end":{"line":56,"column":79}},"32":{"start":{"line":4,"column":0},"end":{"line":4,"column":13}},"33":{"start":{"line":61,"column":13},"end":{"line":61,"column":53}}},"fnMap":{"0":{"name":"(anonymous_0)","decl":{"start":{"line":5,"column":14},"end":{"line":5,"column":19}},"loc":{"start":{"line":5,"column":52},"end":{"line":18,"column":5}}},"1":{"name":"(anonymous_1)","decl":{"start":{"line":20,"column":15},"end":{"line":20,"column":20}},"loc":{"start":{"line":20,"column":53},"end":{"line":29,"column":5}}},"2":{"name":"(anonymous_2)","decl":{"start":{"line":31,"column":13},"end":{"line":31,"column":18}},"loc":{"start":{"line":31,"column":51},"end":{"line":38,"column":5}}},"3":{"name":"(anonymous_3)","decl":{"start":{"line":40,"column":13},"end":{"line":40,"column":18}},"loc":{"start":{"line":40,"column":51},"end":{"line":48,"column":5}}},"4":{"name":"(anonymous_4)","decl":{"start":{"line":50,"column":14},"end":{"line":50,"column":19}},"loc":{"start":{"line":50,"column":52},"end":{"line":58,"column":5}}}},"branchMap":{"0":{"loc":{"start":{"line":7,"column":21},"end":{"line":7,"column":78}},"type":"cond-expr","locations":[{"start":{"line":7,"column":41},"end":{"line":7,"column":66}},{"start":{"line":7,"column":69},"end":{"line":7,"column":78}}]},"1":{"loc":{"start":{"line":24,"column":12},"end":{"line":24,"column":84}},"type":"if","locations":[{"start":{"line":24,"column":12},"end":{"line":24,"column":84}},{"start":{},"end":{}}]}},"s":{"0":0,"1":0,"2":0,"3":0,"4":0,"5":0,"6":0,"7":0,"8":0,"9":0,"10":0,"11":0,"12":0,"13":0,"14":0,"15":0,"16":0,"17":0,"18":0,"19":0,"20":0,"21":0,"22":0,"23":0,"24":0,"25":0,"26":0,"27":0,"28":0,"29":0,"30":0,"31":0,"32":0,"33":0},"f":{"0":0,"1":0,"2":0,"3":0,"4":0},"b":{"0":[0,0],"1":[0,0]}}
,"C:\\Users\\HP\\teach2give\\projectGizmo\\backend\\src\\components\\event\\event.routes.ts": {"path":"C:\\Users\\HP\\teach2give\\projectGizmo\\backend\\src\\components\\event\\event.routes.ts","statementMap":{"0":{"start":{"line":1,"column":0},"end":{"line":1,"column":33}},"1":{"start":{"line":2,"column":0},"end":{"line":2,"column":53}},"2":{"start":{"line":3,"column":0},"end":{"line":3,"column":51}},"3":{"start":{"line":5,"column":15},"end":{"line":5,"column":23}},"4":{"start":{"line":7,"column":0},"end":{"line":7,"column":60}},"5":{"start":{"line":8,"column":0},"end":{"line":8,"column":65}},"6":{"start":{"line":9,"column":0},"end":{"line":9,"column":61}},"7":{"start":{"line":10,"column":0},"end":{"line":10,"column":64}},"8":{"start":{"line":11,"column":0},"end":{"line":11,"column":67}},"9":{"start":{"line":13,"column":0},"end":{"line":13,"column":22}}},"fnMap":{},"branchMap":{},"s":{"0":0,"1":0,"2":0,"3":0,"4":0,"5":0,"6":0,"7":0,"8":0,"9":0},"f":{},"b":{}}
,"C:\\Users\\HP\\teach2give\\projectGizmo\\backend\\src\\components\\event\\event.service.ts": {"path":"C:\\Users\\HP\\teach2give\\projectGizmo\\backend\\src\\components\\event\\event.service.ts","statementMap":{"0":{"start":{"line":1,"column":0},"end":{"line":1,"column":34}},"1":{"start":{"line":2,"column":0},"end":{"line":2,"column":59}},"2":{"start":{"line":3,"column":0},"end":{"line":3,"column":38}},"3":{"start":{"line":8,"column":44},"end":{"line":8,"column":51}},"4":{"start":{"line":10,"column":27},"end":{"line":10,"column":29}},"5":{"start":{"line":12,"column":8},"end":{"line":14,"column":9}},"6":{"start":{"line":13,"column":12},"end":{"line":13,"column":57}},"7":{"start":{"line":16,"column":8},"end":{"line":18,"column":9}},"8":{"start":{"line":17,"column":12},"end":{"line":17,"column":59}},"9":{"start":{"line":20,"column":8},"end":{"line":22,"column":9}},"10":{"start":{"line":21,"column":12},"end":{"line":21,"column":56}},"11":{"start":{"line":24,"column":22},"end":{"line":27,"column":74}},"12":{"start":{"line":29,"column":8},"end":{"line":29,"column":27}},"13":{"start":{"line":34,"column":23},"end":{"line":34,"column":78}},"14":{"start":{"line":35,"column":8},"end":{"line":35,"column":25}},"15":{"start":{"line":40,"column":23},"end":{"line":40,"column":76}},"16":{"start":{"line":41,"column":8},"end":{"line":41,"column":25}},"17":{"start":{"line":46,"column":23},"end":{"line":46,"column":98}},"18":{"start":{"line":47,"column":8},"end":{"line":47,"column":25}},"19":{"start":{"line":52,"column":23},"end":{"line":52,"column":83}},"20":{"start":{"line":53,"column":8},"end":{"line":53,"column":25}},"21":{"start":{"line":5,"column":0},"end":{"line":5,"column":13}},"22":{"start":{"line":57,"column":13},"end":{"line":57,"column":47}}},"fnMap":{"0":{"name":"(anonymous_1)","decl":{"start":{"line":7,"column":4},"end":{"line":7,"column":9}},"loc":{"start":{"line":7,"column":86},"end":{"line":30,"column":5}}},"1":{"name":"(anonymous_2)","decl":{"start":{"line":33,"column":4},"end":{"line":33,"column":9}},"loc":{"start":{"line":33,"column":33},"end":{"line":36,"column":5}}},"2":{"name":"(anonymous_3)","decl":{"start":{"line":39,"column":4},"end":{"line":39,"column":9}},"loc":{"start":{"line":39,"column":44},"end":{"line":42,"column":5}}},"3":{"name":"(anonymous_4)","decl":{"start":{"line":45,"column":4},"end":{"line":45,"column":9}},"loc":{"start":{"line":45,"column":65},"end":{"line":48,"column":5}}},"4":{"name":"(anonymous_5)","decl":{"start":{"line":51,"column":4},"end":{"line":51,"column":9}},"loc":{"start":{"line":51,"column":32},"end":{"line":54,"column":5}}}},"branchMap":{"0":{"loc":{"start":{"line":12,"column":8},"end":{"line":14,"column":9}},"type":"if","locations":[{"start":{"line":12,"column":8},"end":{"line":14,"column":9}},{"start":{},"end":{}}]},"1":{"loc":{"start":{"line":16,"column":8},"end":{"line":18,"column":9}},"type":"if","locations":[{"start":{"line":16,"column":8},"end":{"line":18,"column":9}},{"start":{},"end":{}}]},"2":{"loc":{"start":{"line":20,"column":8},"end":{"line":22,"column":9}},"type":"if","locations":[{"start":{"line":20,"column":8},"end":{"line":22,"column":9}},{"start":{},"end":{}}]},"3":{"loc":{"start":{"line":27,"column":19},"end":{"line":27,"column":73}},"type":"cond-expr","locations":[{"start":{"line":27,"column":43},"end":{"line":27,"column":61}},{"start":{"line":27,"column":64},"end":{"line":27,"column":73}}]}},"s":{"0":0,"1":0,"2":0,"3":0,"4":0,"5":0,"6":0,"7":0,"8":0,"9":0,"10":0,"11":0,"12":0,"13":0,"14":0,"15":0,"16":0,"17":0,"18":0,"19":0,"20":0,"21":0,"22":0},"f":{"0":0,"1":0,"2":0,"3":0,"4":0},"b":{"0":[0,0],"1":[0,0],"2":[0,0],"3":[0,0]}}
,"C:\\Users\\HP\\teach2give\\projectGizmo\\backend\\src\\components\\order\\order.controller.ts": {"path":"C:\\Users\\HP\\teach2give\\projectGizmo\\backend\\src\\components\\order\\order.controller.ts","statementMap":{"0":{"start":{"line":2,"column":0},"end":{"line":2,"column":47}},"1":{"start":{"line":5,"column":13},"end":{"line":13,"column":5}},"2":{"start":{"line":6,"column":8},"end":{"line":12,"column":9}},"3":{"start":{"line":7,"column":27},"end":{"line":7,"column":60}},"4":{"start":{"line":8,"column":12},"end":{"line":8,"column":36}},"5":{"start":{"line":10,"column":12},"end":{"line":10,"column":59}},"6":{"start":{"line":11,"column":12},"end":{"line":11,"column":101}},"7":{"start":{"line":15,"column":14},"end":{"line":31,"column":5}},"8":{"start":{"line":16,"column":19},"end":{"line":16,"column":40}},"9":{"start":{"line":17,"column":8},"end":{"line":19,"column":9}},"10":{"start":{"line":18,"column":12},"end":{"line":18,"column":73}},"11":{"start":{"line":21,"column":8},"end":{"line":30,"column":9}},"12":{"start":{"line":22,"column":26},"end":{"line":22,"column":61}},"13":{"start":{"line":23,"column":12},"end":{"line":25,"column":13}},"14":{"start":{"line":24,"column":16},"end":{"line":24,"column":76}},"15":{"start":{"line":26,"column":12},"end":{"line":26,"column":35}},"16":{"start":{"line":28,"column":12},"end":{"line":28,"column":72}},"17":{"start":{"line":29,"column":12},"end":{"line":29,"column":100}},"18":{"start":{"line":33,"column":13},"end":{"line":47,"column":5}},"19":{"start":{"line":34,"column":38},"end":{"line":34,"column":46}},"20":{"start":{"line":36,"column":8},"end":{"line":38,"column":9}},"21":{"start":{"line":37,"column":12},"end":{"line":37,"column":91}},"22":{"start":{"line":40,"column":8},"end":{"line":46,"column":9}},"23":{"start":{"line":41,"column":29},"end":{"line":41,"column":78}},"24":{"start":{"line":42,"column":12},"end":{"line":42,"column":50}},"25":{"start":{"line":44,"column":12},"end":{"line":44,"column":58}},"26":{"start":{"line":45,"column":12},"end":{"line":45,"column":101}},"27":{"start":{"line":49,"column":13},"end":{"line":74,"column":5}},"28":{"start":{"line":50,"column":19},"end":{"line":50,"column":40}},"29":{"start":{"line":52,"column":8},"end":{"line":54,"column":9}},"30":{"start":{"line":53,"column":12},"end":{"line":53,"column":73}},"31":{"start":{"line":56,"column":8},"end":{"line":58,"column":9}},"32":{"start":{"line":57,"column":12},"end":{"line":57,"column":84}},"33":{"start":{"line":60,"column":8},"end":{"line":73,"column":9}},"34":{"start":{"line":61,"column":37},"end":{"line":61,"column":72}},"35":{"start":{"line":63,"column":12},"end":{"line":65,"column":13}},"36":{"start":{"line":64,"column":16},"end":{"line":64,"column":76}},"37":{"start":{"line":67,"column":33},"end":{"line":67,"column":77}},"38":{"start":{"line":69,"column":12},"end":{"line":69,"column":42}},"39":{"start":{"line":71,"column":12},"end":{"line":71,"column":72}},"40":{"start":{"line":72,"column":12},"end":{"line":72,"column":79}},"41":{"start":{"line":77,"column":13},"end":{"line":95,"column":5}},"42":{"start":{"line":78,"column":19},"end":{"line":78,"column":40}},"43":{"start":{"line":79,"column":8},"end":{"line":81,"column":9}},"44":{"start":{"line":80,"column":12},"end":{"line":80,"column":73}},"45":{"start":{"line":83,"column":8},"end":{"line":94,"column":9}},"46":{"start":{"line":84,"column":33},"end":{"line":84,"column":67}},"47":{"start":{"line":86,"column":12},"end":{"line":88,"column":13}},"48":{"start":{"line":87,"column":16},"end":{"line":87,"column":76}},"49":{"start":{"line":90,"column":12},"end":{"line":90,"column":85}},"50":{"start":{"line":92,"column":12},"end":{"line":92,"column":72}},"51":{"start":{"line":93,"column":12},"end":{"line":93,"column":101}},"52":{"start":{"line":4,"column":0},"end":{"line":4,"column":13}},"53":{"start":{"line":98,"column":13},"end":{"line":98,"column":53}}},"fnMap":{"0":{"name":"(anonymous_0)","decl":{"start":{"line":5,"column":13},"end":{"line":5,"column":18}},"loc":{"start":{"line":5,"column":51},"end":{"line":13,"column":5}}},"1":{"name":"(anonymous_1)","decl":{"start":{"line":15,"column":14},"end":{"line":15,"column":19}},"loc":{"start":{"line":15,"column":52},"end":{"line":31,"column":5}}},"2":{"name":"(anonymous_2)","decl":{"start":{"line":33,"column":13},"end":{"line":33,"column":18}},"loc":{"start":{"line":33,"column":51},"end":{"line":47,"column":5}}},"3":{"name":"(anonymous_3)","decl":{"start":{"line":49,"column":13},"end":{"line":49,"column":18}},"loc":{"start":{"line":49,"column":51},"end":{"line":74,"column":5}}},"4":{"name":"(anonymous_4)","decl":{"start":{"line":77,"column":13},"end":{"line":77,"column":18}},"loc":{"start":{"line":77,"column":51},"end":{"line":95,"column":5}}}},"branchMap":{"0":{"loc":{"start":{"line":17,"column":8},"end":{"line":19,"column":9}},"type":"if","locations":[{"start":{"line":17,"column":8},"end":{"line":19,"column":9}},{"start":{},"end":{}}]},"1":{"loc":{"start":{"line":23,"column":12},"end":{"line":25,"column":13}},"type":"if","locations":[{"start":{"line":23,"column":12},"end":{"line":25,"column":13}},{"start":{},"end":{}}]},"2":{"loc":{"start":{"line":23,"column":16},"end":{"line":23,"column":38}},"type":"binary-expr","locations":[{"start":{"line":23,"column":16},"end":{"line":23,"column":22}},{"start":{"line":23,"column":26},"end":{"line":23,"column":38}}]},"3":{"loc":{"start":{"line":36,"column":8},"end":{"line":38,"column":9}},"type":"if","locations":[{"start":{"line":36,"column":8},"end":{"line":38,"column":9}},{"start":{},"end":{}}]},"4":{"loc":{"start":{"line":36,"column":12},"end":{"line":36,"column":90}},"type":"binary-expr","locations":[{"start":{"line":36,"column":12},"end":{"line":36,"column":18}},{"start":{"line":36,"column":22},"end":{"line":36,"column":33}},{"start":{"line":36,"column":37},"end":{"line":36,"column":63}},{"start":{"line":36,"column":67},"end":{"line":36,"column":90}}]},"5":{"loc":{"start":{"line":52,"column":8},"end":{"line":54,"column":9}},"type":"if","locations":[{"start":{"line":52,"column":8},"end":{"line":54,"column":9}},{"start":{},"end":{}}]},"6":{"loc":{"start":{"line":56,"column":8},"end":{"line":58,"column":9}},"type":"if","locations":[{"start":{"line":56,"column":8},"end":{"line":58,"column":9}},{"start":{},"end":{}}]},"7":{"loc":{"start":{"line":56,"column":12},"end":{"line":56,"column":59}},"type":"binary-expr","locations":[{"start":{"line":56,"column":12},"end":{"line":56,"column":21}},{"start":{"line":56,"column":25},"end":{"line":56,"column":59}}]},"8":{"loc":{"start":{"line":63,"column":12},"end":{"line":65,"column":13}},"type":"if","locations":[{"start":{"line":63,"column":12},"end":{"line":65,"column":13}},{"start":{},"end":{}}]},"9":{"loc":{"start":{"line":63,"column":16},"end":{"line":63,"column":60}},"type":"binary-expr","locations":[{"start":{"line":63,"column":16},"end":{"line":63,"column":33}},{"start":{"line":63,"column":37},"end":{"line":63,"column":60}}]},"10":{"loc":{"start":{"line":79,"column":8},"end":{"line":81,"column":9}},"type":"if","locations":[{"start":{"line":79,"column":8},"end":{"line":81,"column":9}},{"start":{},"end":{}}]},"11":{"loc":{"start":{"line":86,"column":12},"end":{"line":88,"column":13}},"type":"if","locations":[{"start":{"line":86,"column":12},"end":{"line":88,"column":13}},{"start":{},"end":{}}]}},"s":{"0":0,"1":0,"2":0,"3":0,"4":0,"5":0,"6":0,"7":0,"8":0,"9":0,"10":0,"11":0,"12":0,"13":0,"14":0,"15":0,"16":0,"17":0,"18":0,"19":0,"20":0,"21":0,"22":0,"23":0,"24":0,"25":0,"26":0,"27":0,"28":0,"29":0,"30":0,"31":0,"32":0,"33":0,"34":0,"35":0,"36":0,"37":0,"38":0,"39":0,"40":0,"41":0,"42":0,"43":0,"44":0,"45":0,"46":0,"47":0,"48":0,"49":0,"50":0,"51":0,"52":0,"53":0},"f":{"0":0,"1":0,"2":0,"3":0,"4":0},"b":{"0":[0,0],"1":[0,0],"2":[0,0],"3":[0,0],"4":[0,0,0,0],"5":[0,0],"6":[0,0],"7":[0,0],"8":[0,0],"9":[0,0],"10":[0,0],"11":[0,0]}}
,"C:\\Users\\HP\\teach2give\\projectGizmo\\backend\\src\\components\\order\\order.routes.ts": {"path":"C:\\Users\\HP\\teach2give\\projectGizmo\\backend\\src\\components\\order\\order.routes.ts","statementMap":{"0":{"start":{"line":1,"column":0},"end":{"line":1,"column":33}},"1":{"start":{"line":2,"column":0},"end":{"line":2,"column":53}},"2":{"start":{"line":3,"column":0},"end":{"line":3,"column":51}},"3":{"start":{"line":5,"column":15},"end":{"line":5,"column":23}},"4":{"start":{"line":7,"column":0},"end":{"line":7,"column":60}},"5":{"start":{"line":8,"column":0},"end":{"line":8,"column":65}},"6":{"start":{"line":9,"column":0},"end":{"line":9,"column":61}},"7":{"start":{"line":10,"column":0},"end":{"line":10,"column":66}},"8":{"start":{"line":11,"column":0},"end":{"line":11,"column":67}},"9":{"start":{"line":13,"column":0},"end":{"line":13,"column":22}}},"fnMap":{},"branchMap":{},"s":{"0":0,"1":0,"2":0,"3":0,"4":0,"5":0,"6":0,"7":0,"8":0,"9":0},"f":{},"b":{}}
,"C:\\Users\\HP\\teach2give\\projectGizmo\\backend\\src\\components\\order\\order.service.ts": {"path":"C:\\Users\\HP\\teach2give\\projectGizmo\\backend\\src\\components\\order\\order.service.ts","statementMap":{"0":{"start":{"line":1,"column":0},"end":{"line":1,"column":34}},"1":{"start":{"line":2,"column":0},"end":{"line":2,"column":88}},"2":{"start":{"line":3,"column":0},"end":{"line":3,"column":38}},"3":{"start":{"line":7,"column":8},"end":{"line":12,"column":9}},"4":{"start":{"line":8,"column":12},"end":{"line":8,"column":50}},"5":{"start":{"line":10,"column":12},"end":{"line":10,"column":59}},"6":{"start":{"line":11,"column":12},"end":{"line":11,"column":54}},"7":{"start":{"line":16,"column":8},"end":{"line":16,"column":59}},"8":{"start":{"line":16,"column":23},"end":{"line":16,"column":59}},"9":{"start":{"line":18,"column":8},"end":{"line":27,"column":9}},"10":{"start":{"line":19,"column":26},"end":{"line":19,"column":81}},"11":{"start":{"line":20,"column":12},"end":{"line":20,"column":48}},"12":{"start":{"line":20,"column":36},"end":{"line":20,"column":48}},"13":{"start":{"line":22,"column":26},"end":{"line":22,"column":94}},"14":{"start":{"line":23,"column":12},"end":{"line":23,"column":46}},"15":{"start":{"line":25,"column":12},"end":{"line":25,"column":72}},"16":{"start":{"line":26,"column":12},"end":{"line":26,"column":53}},"17":{"start":{"line":31,"column":8},"end":{"line":33,"column":9}},"18":{"start":{"line":32,"column":12},"end":{"line":32,"column":66}},"19":{"start":{"line":35,"column":8},"end":{"line":53,"column":9}},"20":{"start":{"line":37,"column":31},"end":{"line":37,"column":84}},"21":{"start":{"line":40,"column":37},"end":{"line":43,"column":15}},"22":{"start":{"line":40,"column":61},"end":{"line":43,"column":14}},"23":{"start":{"line":46,"column":12},"end":{"line":46,"column":65}},"24":{"start":{"line":49,"column":12},"end":{"line":49,"column":56}},"25":{"start":{"line":51,"column":12},"end":{"line":51,"column":58}},"26":{"start":{"line":52,"column":12},"end":{"line":52,"column":54}},"27":{"start":{"line":57,"column":8},"end":{"line":60,"column":9}},"28":{"start":{"line":58,"column":12},"end":{"line":58,"column":77}},"29":{"start":{"line":59,"column":12},"end":{"line":59,"column":61}},"30":{"start":{"line":62,"column":8},"end":{"line":77,"column":9}},"31":{"start":{"line":63,"column":27},"end":{"line":66,"column":28}},"32":{"start":{"line":68,"column":12},"end":{"line":71,"column":13}},"33":{"start":{"line":69,"column":16},"end":{"line":69,"column":74}},"34":{"start":{"line":70,"column":16},"end":{"line":70,"column":65}},"35":{"start":{"line":73,"column":12},"end":{"line":73,"column":29}},"36":{"start":{"line":75,"column":12},"end":{"line":75,"column":72}},"37":{"start":{"line":76,"column":12},"end":{"line":76,"column":54}},"38":{"start":{"line":82,"column":8},"end":{"line":82,"column":59}},"39":{"start":{"line":82,"column":23},"end":{"line":82,"column":59}},"40":{"start":{"line":84,"column":8},"end":{"line":95,"column":9}},"41":{"start":{"line":85,"column":26},"end":{"line":85,"column":81}},"42":{"start":{"line":86,"column":12},"end":{"line":86,"column":48}},"43":{"start":{"line":86,"column":36},"end":{"line":86,"column":48}},"44":{"start":{"line":88,"column":12},"end":{"line":88,"column":74}},"45":{"start":{"line":89,"column":27},"end":{"line":89,"column":87}},"46":{"start":{"line":91,"column":12},"end":{"line":91,"column":29}},"47":{"start":{"line":93,"column":12},"end":{"line":93,"column":72}},"48":{"start":{"line":94,"column":12},"end":{"line":94,"column":54}},"49":{"start":{"line":5,"column":0},"end":{"line":5,"column":13}},"50":{"start":{"line":99,"column":13},"end":{"line":99,"column":47}}},"fnMap":{"0":{"name":"(anonymous_1)","decl":{"start":{"line":6,"column":4},"end":{"line":6,"column":9}},"loc":{"start":{"line":6,"column":22},"end":{"line":13,"column":5}}},"1":{"name":"(anonymous_2)","decl":{"start":{"line":15,"column":4},"end":{"line":15,"column":9}},"loc":{"start":{"line":15,"column":33},"end":{"line":28,"column":5}}},"2":{"name":"(anonymous_3)","decl":{"start":{"line":30,"column":4},"end":{"line":30,"column":9}},"loc":{"start":{"line":30,"column":75},"end":{"line":54,"column":5}}},"3":{"name":"(anonymous_4)","decl":{"start":{"line":40,"column":52},"end":{"line":40,"column":56}},"loc":{"start":{"line":40,"column":61},"end":{"line":43,"column":14}}},"4":{"name":"(anonymous_5)","decl":{"start":{"line":56,"column":4},"end":{"line":56,"column":9}},"loc":{"start":{"line":56,"column":66},"end":{"line":78,"column":5}}},"5":{"name":"(anonymous_6)","decl":{"start":{"line":81,"column":4},"end":{"line":81,"column":9}},"loc":{"start":{"line":81,"column":32},"end":{"line":96,"column":5}}}},"branchMap":{"0":{"loc":{"start":{"line":16,"column":8},"end":{"line":16,"column":59}},"type":"if","locations":[{"start":{"line":16,"column":8},"end":{"line":16,"column":59}},{"start":{},"end":{}}]},"1":{"loc":{"start":{"line":20,"column":12},"end":{"line":20,"column":48}},"type":"if","locations":[{"start":{"line":20,"column":12},"end":{"line":20,"column":48}},{"start":{},"end":{}}]},"2":{"loc":{"start":{"line":31,"column":8},"end":{"line":33,"column":9}},"type":"if","locations":[{"start":{"line":31,"column":8},"end":{"line":33,"column":9}},{"start":{},"end":{}}]},"3":{"loc":{"start":{"line":31,"column":12},"end":{"line":31,"column":94}},"type":"binary-expr","locations":[{"start":{"line":31,"column":12},"end":{"line":31,"column":22}},{"start":{"line":31,"column":26},"end":{"line":31,"column":37}},{"start":{"line":31,"column":41},"end":{"line":31,"column":67}},{"start":{"line":31,"column":71},"end":{"line":31,"column":94}}]},"4":{"loc":{"start":{"line":57,"column":8},"end":{"line":60,"column":9}},"type":"if","locations":[{"start":{"line":57,"column":8},"end":{"line":60,"column":9}},{"start":{},"end":{}}]},"5":{"loc":{"start":{"line":57,"column":12},"end":{"line":57,"column":63}},"type":"binary-expr","locations":[{"start":{"line":57,"column":12},"end":{"line":57,"column":23}},{"start":{"line":57,"column":27},"end":{"line":57,"column":63}}]},"6":{"loc":{"start":{"line":68,"column":12},"end":{"line":71,"column":13}},"type":"if","locations":[{"start":{"line":68,"column":12},"end":{"line":71,"column":13}},{"start":{},"end":{}}]},"7":{"loc":{"start":{"line":82,"column":8},"end":{"line":82,"column":59}},"type":"if","locations":[{"start":{"line":82,"column":8},"end":{"line":82,"column":59}},{"start":{},"end":{}}]},"8":{"loc":{"start":{"line":86,"column":12},"end":{"line":86,"column":48}},"type":"if","locations":[{"start":{"line":86,"column":12},"end":{"line":86,"column":48}},{"start":{},"end":{}}]}},"s":{"0":0,"1":0,"2":0,"3":0,"4":0,"5":0,"6":0,"7":0,"8":0,"9":0,"10":0,"11":0,"12":0,"13":0,"14":0,"15":0,"16":0,"17":0,"18":0,"19":0,"20":0,"21":0,"22":0,"23":0,"24":0,"25":0,"26":0,"27":0,"28":0,"29":0,"30":0,"31":0,"32":0,"33":0,"34":0,"35":0,"36":0,"37":0,"38":0,"39":0,"40":0,"41":0,"42":0,"43":0,"44":0,"45":0,"46":0,"47":0,"48":0,"49":0,"50":0},"f":{"0":0,"1":0,"2":0,"3":0,"4":0,"5":0},"b":{"0":[0,0],"1":[0,0],"2":[0,0],"3":[0,0,0,0],"4":[0,0],"5":[0,0],"6":[0,0],"7":[0,0],"8":[0,0]}}
,"C:\\Users\\HP\\teach2give\\projectGizmo\\backend\\src\\components\\payment\\payment.controller.ts": {"path":"C:\\Users\\HP\\teach2give\\projectGizmo\\backend\\src\\components\\payment\\payment.controller.ts","statementMap":{"0":{"start":{"line":2,"column":0},"end":{"line":2,"column":51}},"1":{"start":{"line":5,"column":14},"end":{"line":12,"column":5}},"2":{"start":{"line":6,"column":8},"end":{"line":11,"column":9}},"3":{"start":{"line":7,"column":29},"end":{"line":7,"column":58}},"4":{"start":{"line":8,"column":12},"end":{"line":8,"column":31}},"5":{"start":{"line":10,"column":12},"end":{"line":10,"column":81}},"6":{"start":{"line":14,"column":15},"end":{"line":24,"column":5}},"7":{"start":{"line":15,"column":19},"end":{"line":15,"column":40}},"8":{"start":{"line":17,"column":8},"end":{"line":23,"column":9}},"9":{"start":{"line":18,"column":28},"end":{"line":18,"column":60}},"10":{"start":{"line":19,"column":12},"end":{"line":19,"column":88}},"11":{"start":{"line":19,"column":26},"end":{"line":19,"column":88}},"12":{"start":{"line":20,"column":12},"end":{"line":20,"column":30}},"13":{"start":{"line":22,"column":12},"end":{"line":22,"column":80}},"14":{"start":{"line":26,"column":14},"end":{"line":33,"column":5}},"15":{"start":{"line":27,"column":8},"end":{"line":32,"column":9}},"16":{"start":{"line":28,"column":31},"end":{"line":28,"column":68}},"17":{"start":{"line":29,"column":12},"end":{"line":29,"column":45}},"18":{"start":{"line":31,"column":12},"end":{"line":31,"column":81}},"19":{"start":{"line":35,"column":14},"end":{"line":44,"column":5}},"20":{"start":{"line":36,"column":19},"end":{"line":36,"column":40}},"21":{"start":{"line":38,"column":8},"end":{"line":43,"column":9}},"22":{"start":{"line":39,"column":35},"end":{"line":39,"column":76}},"23":{"start":{"line":40,"column":12},"end":{"line":40,"column":37}},"24":{"start":{"line":42,"column":12},"end":{"line":42,"column":81}},"25":{"start":{"line":46,"column":14},"end":{"line":55,"column":5}},"26":{"start":{"line":47,"column":19},"end":{"line":47,"column":40}},"27":{"start":{"line":49,"column":8},"end":{"line":54,"column":9}},"28":{"start":{"line":50,"column":35},"end":{"line":50,"column":66}},"29":{"start":{"line":51,"column":12},"end":{"line":51,"column":37}},"30":{"start":{"line":53,"column":12},"end":{"line":53,"column":81}},"31":{"start":{"line":4,"column":0},"end":{"line":4,"column":13}},"32":{"start":{"line":58,"column":13},"end":{"line":58,"column":57}}},"fnMap":{"0":{"name":"(anonymous_0)","decl":{"start":{"line":5,"column":14},"end":{"line":5,"column":19}},"loc":{"start":{"line":5,"column":52},"end":{"line":12,"column":5}}},"1":{"name":"(anonymous_1)","decl":{"start":{"line":14,"column":15},"end":{"line":14,"column":20}},"loc":{"start":{"line":14,"column":53},"end":{"line":24,"column":5}}},"2":{"name":"(anonymous_2)","decl":{"start":{"line":26,"column":14},"end":{"line":26,"column":19}},"loc":{"start":{"line":26,"column":52},"end":{"line":33,"column":5}}},"3":{"name":"(anonymous_3)","decl":{"start":{"line":35,"column":14},"end":{"line":35,"column":19}},"loc":{"start":{"line":35,"column":52},"end":{"line":44,"column":5}}},"4":{"name":"(anonymous_4)","decl":{"start":{"line":46,"column":14},"end":{"line":46,"column":19}},"loc":{"start":{"line":46,"column":52},"end":{"line":55,"column":5}}}},"branchMap":{"0":{"loc":{"start":{"line":19,"column":12},"end":{"line":19,"column":88}},"type":"if","locations":[{"start":{"line":19,"column":12},"end":{"line":19,"column":88}},{"start":{},"end":{}}]}},"s":{"0":0,"1":0,"2":0,"3":0,"4":0,"5":0,"6":0,"7":0,"8":0,"9":0,"10":0,"11":0,"12":0,"13":0,"14":0,"15":0,"16":0,"17":0,"18":0,"19":0,"20":0,"21":0,"22":0,"23":0,"24":0,"25":0,"26":0,"27":0,"28":0,"29":0,"30":0,"31":0,"32":0},"f":{"0":0,"1":0,"2":0,"3":0,"4":0},"b":{"0":[0,0]}}
,"C:\\Users\\HP\\teach2give\\projectGizmo\\backend\\src\\components\\payment\\payment.routes.ts": {"path":"C:\\Users\\HP\\teach2give\\projectGizmo\\backend\\src\\components\\payment\\payment.routes.ts","statementMap":{"0":{"start":{"line":1,"column":0},"end":{"line":1,"column":33}},"1":{"start":{"line":2,"column":0},"end":{"line":2,"column":57}},"2":{"start":{"line":3,"column":0},"end":{"line":3,"column":51}},"3":{"start":{"line":5,"column":15},"end":{"line":5,"column":23}},"4":{"start":{"line":7,"column":0},"end":{"line":7,"column":64}},"5":{"start":{"line":8,"column":0},"end":{"line":8,"column":69}},"6":{"start":{"line":9,"column":0},"end":{"line":9,"column":65}},"7":{"start":{"line":10,"column":0},"end":{"line":10,"column":68}},"8":{"start":{"line":11,"column":0},"end":{"line":11,"column":71}},"9":{"start":{"line":13,"column":0},"end":{"line":13,"column":22}}},"fnMap":{},"branchMap":{},"s":{"0":0,"1":0,"2":0,"3":0,"4":0,"5":0,"6":0,"7":0,"8":0,"9":0},"f":{},"b":{}}
,"C:\\Users\\HP\\teach2give\\projectGizmo\\backend\\src\\components\\payment\\payment.service.ts": {"path":"C:\\Users\\HP\\teach2give\\projectGizmo\\backend\\src\\components\\payment\\payment.service.ts","statementMap":{"0":{"start":{"line":1,"column":0},"end":{"line":1,"column":34}},"1":{"start":{"line":2,"column":0},"end":{"line":2,"column":62}},"2":{"start":{"line":3,"column":0},"end":{"line":3,"column":33}},"3":{"start":{"line":7,"column":8},"end":{"line":7,"column":47}},"4":{"start":{"line":11,"column":23},"end":{"line":11,"column":80}},"5":{"start":{"line":12,"column":8},"end":{"line":12,"column":25}},"6":{"start":{"line":16,"column":23},"end":{"line":16,"column":79}},"7":{"start":{"line":17,"column":8},"end":{"line":17,"column":25}},"8":{"start":{"line":21,"column":23},"end":{"line":21,"column":101}},"9":{"start":{"line":22,"column":8},"end":{"line":22,"column":25}},"10":{"start":{"line":26,"column":23},"end":{"line":26,"column":85}},"11":{"start":{"line":27,"column":8},"end":{"line":27,"column":25}},"12":{"start":{"line":5,"column":0},"end":{"line":5,"column":13}},"13":{"start":{"line":31,"column":13},"end":{"line":31,"column":51}}},"fnMap":{"0":{"name":"(anonymous_1)","decl":{"start":{"line":6,"column":4},"end":{"line":6,"column":9}},"loc":{"start":{"line":6,"column":16},"end":{"line":8,"column":5}}},"1":{"name":"(anonymous_2)","decl":{"start":{"line":10,"column":4},"end":{"line":10,"column":9}},"loc":{"start":{"line":10,"column":28},"end":{"line":13,"column":5}}},"2":{"name":"(anonymous_3)","decl":{"start":{"line":15,"column":4},"end":{"line":15,"column":9}},"loc":{"start":{"line":15,"column":43},"end":{"line":18,"column":5}}},"3":{"name":"(anonymous_4)","decl":{"start":{"line":20,"column":4},"end":{"line":20,"column":9}},"loc":{"start":{"line":20,"column":63},"end":{"line":23,"column":5}}},"4":{"name":"(anonymous_5)","decl":{"start":{"line":25,"column":4},"end":{"line":25,"column":9}},"loc":{"start":{"line":25,"column":27},"end":{"line":28,"column":5}}}},"branchMap":{},"s":{"0":0,"1":0,"2":0,"3":0,"4":0,"5":0,"6":0,"7":0,"8":0,"9":0,"10":0,"11":0,"12":0,"13":0},"f":{"0":0,"1":0,"2":0,"3":0,"4":0},"b":{}}
,"C:\\Users\\HP\\teach2give\\projectGizmo\\backend\\src\\components\\ticket\\ticket.controller.ts": {"path":"C:\\Users\\HP\\teach2give\\projectGizmo\\backend\\src\\components\\ticket\\ticket.controller.ts","statementMap":{"0":{"start":{"line":2,"column":0},"end":{"line":2,"column":49}},"1":{"start":{"line":6,"column":13},"end":{"line":20,"column":5}},"2":{"start":{"line":7,"column":24},"end":{"line":11,"column":10}},"3":{"start":{"line":13,"column":8},"end":{"line":19,"column":9}},"4":{"start":{"line":14,"column":28},"end":{"line":14,"column":70}},"5":{"start":{"line":15,"column":12},"end":{"line":15,"column":30}},"6":{"start":{"line":17,"column":12},"end":{"line":17,"column":60}},"7":{"start":{"line":18,"column":12},"end":{"line":18,"column":73}},"8":{"start":{"line":22,"column":14},"end":{"line":33,"column":5}},"9":{"start":{"line":23,"column":19},"end":{"line":23,"column":40}},"10":{"start":{"line":24,"column":8},"end":{"line":24,"column":85}},"11":{"start":{"line":24,"column":23},"end":{"line":24,"column":85}},"12":{"start":{"line":26,"column":8},"end":{"line":32,"column":9}},"13":{"start":{"line":27,"column":27},"end":{"line":27,"column":64}},"14":{"start":{"line":28,"column":12},"end":{"line":28,"column":29}},"15":{"start":{"line":30,"column":12},"end":{"line":30,"column":73}},"16":{"start":{"line":31,"column":12},"end":{"line":31,"column":83}},"17":{"start":{"line":35,"column":13},"end":{"line":53,"column":5}},"18":{"start":{"line":36,"column":8},"end":{"line":52,"column":9}},"19":{"start":{"line":37,"column":67},"end":{"line":37,"column":75}},"20":{"start":{"line":40,"column":12},"end":{"line":42,"column":13}},"21":{"start":{"line":41,"column":16},"end":{"line":41,"column":91}},"22":{"start":{"line":45,"column":31},"end":{"line":45,"column":77}},"23":{"start":{"line":47,"column":30},"end":{"line":47,"column":74}},"24":{"start":{"line":48,"column":12},"end":{"line":48,"column":44}},"25":{"start":{"line":50,"column":12},"end":{"line":50,"column":59}},"26":{"start":{"line":51,"column":12},"end":{"line":51,"column":90}},"27":{"start":{"line":55,"column":11},"end":{"line":70,"column":5}},"28":{"start":{"line":56,"column":19},"end":{"line":56,"column":40}},"29":{"start":{"line":57,"column":30},"end":{"line":57,"column":60}},"30":{"start":{"line":59,"column":8},"end":{"line":61,"column":9}},"31":{"start":{"line":60,"column":12},"end":{"line":60,"column":91}},"32":{"start":{"line":63,"column":8},"end":{"line":69,"column":9}},"33":{"start":{"line":64,"column":34},"end":{"line":64,"column":83}},"34":{"start":{"line":65,"column":12},"end":{"line":65,"column":36}},"35":{"start":{"line":67,"column":12},"end":{"line":67,"column":73}},"36":{"start":{"line":68,"column":12},"end":{"line":68,"column":88}},"37":{"start":{"line":72,"column":13},"end":{"line":83,"column":5}},"38":{"start":{"line":73,"column":19},"end":{"line":73,"column":40}},"39":{"start":{"line":74,"column":8},"end":{"line":74,"column":85}},"40":{"start":{"line":74,"column":23},"end":{"line":74,"column":85}},"41":{"start":{"line":76,"column":8},"end":{"line":82,"column":9}},"42":{"start":{"line":77,"column":34},"end":{"line":77,"column":70}},"43":{"start":{"line":78,"column":12},"end":{"line":78,"column":36}},"44":{"start":{"line":80,"column":12},"end":{"line":80,"column":73}},"45":{"start":{"line":81,"column":12},"end":{"line":81,"column":90}},"46":{"start":{"line":4,"column":0},"end":{"line":4,"column":13}},"47":{"start":{"line":86,"column":13},"end":{"line":86,"column":55}}},"fnMap":{"0":{"name":"(anonymous_0)","decl":{"start":{"line":6,"column":13},"end":{"line":6,"column":18}},"loc":{"start":{"line":6,"column":51},"end":{"line":20,"column":5}}},"1":{"name":"(anonymous_1)","decl":{"start":{"line":22,"column":14},"end":{"line":22,"column":19}},"loc":{"start":{"line":22,"column":52},"end":{"line":33,"column":5}}},"2":{"name":"(anonymous_2)","decl":{"start":{"line":35,"column":13},"end":{"line":35,"column":18}},"loc":{"start":{"line":35,"column":51},"end":{"line":53,"column":5}}},"3":{"name":"(anonymous_3)","decl":{"start":{"line":55,"column":11},"end":{"line":55,"column":16}},"loc":{"start":{"line":55,"column":49},"end":{"line":70,"column":5}}},"4":{"name":"(anonymous_4)","decl":{"start":{"line":72,"column":13},"end":{"line":72,"column":18}},"loc":{"start":{"line":72,"column":51},"end":{"line":83,"column":5}}}},"branchMap":{"0":{"loc":{"start":{"line":8,"column":21},"end":{"line":8,"column":78}},"type":"cond-expr","locations":[{"start":{"line":8,"column":41},"end":{"line":8,"column":66}},{"start":{"line":8,"column":69},"end":{"line":8,"column":78}}]},"1":{"loc":{"start":{"line":9,"column":20},"end":{"line":9,"column":75}},"type":"cond-expr","locations":[{"start":{"line":9,"column":39},"end":{"line":9,"column":63}},{"start":{"line":9,"column":66},"end":{"line":9,"column":75}}]},"2":{"loc":{"start":{"line":10,"column":23},"end":{"line":10,"column":87}},"type":"cond-expr","locations":[{"start":{"line":10,"column":45},"end":{"line":10,"column":75}},{"start":{"line":10,"column":78},"end":{"line":10,"column":87}}]},"3":{"loc":{"start":{"line":24,"column":8},"end":{"line":24,"column":85}},"type":"if","locations":[{"start":{"line":24,"column":8},"end":{"line":24,"column":85}},{"start":{},"end":{}}]},"4":{"loc":{"start":{"line":31,"column":44},"end":{"line":31,"column":79}},"type":"binary-expr","locations":[{"start":{"line":31,"column":44},"end":{"line":31,"column":57}},{"start":{"line":31,"column":61},"end":{"line":31,"column":79}}]},"5":{"loc":{"start":{"line":40,"column":12},"end":{"line":42,"column":13}},"type":"if","locations":[{"start":{"line":40,"column":12},"end":{"line":42,"column":13}},{"start":{},"end":{}}]},"6":{"loc":{"start":{"line":40,"column":16},"end":{"line":40,"column":68}},"type":"binary-expr","locations":[{"start":{"line":40,"column":16},"end":{"line":40,"column":28}},{"start":{"line":40,"column":32},"end":{"line":40,"column":39}},{"start":{"line":40,"column":43},"end":{"line":40,"column":51}},{"start":{"line":40,"column":55},"end":{"line":40,"column":68}}]},"7":{"loc":{"start":{"line":51,"column":44},"end":{"line":51,"column":86}},"type":"binary-expr","locations":[{"start":{"line":51,"column":44},"end":{"line":51,"column":57}},{"start":{"line":51,"column":61},"end":{"line":51,"column":86}}]},"8":{"loc":{"start":{"line":59,"column":8},"end":{"line":61,"column":9}},"type":"if","locations":[{"start":{"line":59,"column":8},"end":{"line":61,"column":9}},{"start":{},"end":{}}]},"9":{"loc":{"start":{"line":59,"column":12},"end":{"line":59,"column":45}},"type":"binary-expr","locations":[{"start":{"line":59,"column":12},"end":{"line":59,"column":21}},{"start":{"line":59,"column":25},"end":{"line":59,"column":45}}]},"10":{"loc":{"start":{"line":68,"column":44},"end":{"line":68,"column":84}},"type":"binary-expr","locations":[{"start":{"line":68,"column":44},"end":{"line":68,"column":57}},{"start":{"line":68,"column":61},"end":{"line":68,"column":84}}]},"11":{"loc":{"start":{"line":74,"column":8},"end":{"line":74,"column":85}},"type":"if","locations":[{"start":{"line":74,"column":8},"end":{"line":74,"column":85}},{"start":{},"end":{}}]},"12":{"loc":{"start":{"line":81,"column":44},"end":{"line":81,"column":86}},"type":"binary-expr","locations":[{"start":{"line":81,"column":44},"end":{"line":81,"column":57}},{"start":{"line":81,"column":61},"end":{"line":81,"column":86}}]}},"s":{"0":0,"1":0,"2":0,"3":0,"4":0,"5":0,"6":0,"7":0,"8":0,"9":0,"10":0,"11":0,"12":0,"13":0,"14":0,"15":0,"16":0,"17":0,"18":0,"19":0,"20":0,"21":0,"22":0,"23":0,"24":0,"25":0,"26":0,"27":0,"28":0,"29":0,"30":0,"31":0,"32":0,"33":0,"34":0,"35":0,"36":0,"37":0,"38":0,"39":0,"40":0,"41":0,"42":0,"43":0,"44":0,"45":0,"46":0,"47":0},"f":{"0":0,"1":0,"2":0,"3":0,"4":0},"b":{"0":[0,0],"1":[0,0],"2":[0,0],"3":[0,0],"4":[0,0],"5":[0,0],"6":[0,0,0,0],"7":[0,0],"8":[0,0],"9":[0,0],"10":[0,0],"11":[0,0],"12":[0,0]}}
,"C:\\Users\\HP\\teach2give\\projectGizmo\\backend\\src\\components\\ticket\\ticket.routes.ts": {"path":"C:\\Users\\HP\\teach2give\\projectGizmo\\backend\\src\\components\\ticket\\ticket.routes.ts","statementMap":{"0":{"start":{"line":1,"column":0},"end":{"line":1,"column":33}},"1":{"start":{"line":2,"column":0},"end":{"line":2,"column":55}},"2":{"start":{"line":3,"column":0},"end":{"line":3,"column":51}},"3":{"start":{"line":5,"column":15},"end":{"line":5,"column":23}},"4":{"start":{"line":7,"column":0},"end":{"line":7,"column":62}},"5":{"start":{"line":8,"column":0},"end":{"line":8,"column":67}},"6":{"start":{"line":9,"column":0},"end":{"line":9,"column":63}},"7":{"start":{"line":10,"column":0},"end":{"line":10,"column":69}},"8":{"start":{"line":11,"column":0},"end":{"line":11,"column":69}},"9":{"start":{"line":13,"column":0},"end":{"line":13,"column":22}}},"fnMap":{},"branchMap":{},"s":{"0":0,"1":0,"2":0,"3":0,"4":0,"5":0,"6":0,"7":0,"8":0,"9":0},"f":{},"b":{}}
,"C:\\Users\\HP\\teach2give\\projectGizmo\\backend\\src\\components\\ticket\\ticket.service.ts": {"path":"C:\\Users\\HP\\teach2give\\projectGizmo\\backend\\src\\components\\ticket\\ticket.service.ts","statementMap":{"0":{"start":{"line":1,"column":0},"end":{"line":1,"column":34}},"1":{"start":{"line":2,"column":0},"end":{"line":2,"column":66}},"2":{"start":{"line":3,"column":0},"end":{"line":3,"column":38}},"3":{"start":{"line":8,"column":47},"end":{"line":8,"column":54}},"4":{"start":{"line":9,"column":27},"end":{"line":9,"column":29}},"5":{"start":{"line":11,"column":8},"end":{"line":11,"column":81}},"6":{"start":{"line":11,"column":35},"end":{"line":11,"column":81}},"7":{"start":{"line":12,"column":8},"end":{"line":12,"column":78}},"8":{"start":{"line":12,"column":34},"end":{"line":12,"column":78}},"9":{"start":{"line":13,"column":8},"end":{"line":13,"column":87}},"10":{"start":{"line":13,"column":37},"end":{"line":13,"column":87}},"11":{"start":{"line":15,"column":22},"end":{"line":18,"column":74}},"12":{"start":{"line":20,"column":8},"end":{"line":20,"column":27}},"13":{"start":{"line":24,"column":8},"end":{"line":24,"column":71}},"14":{"start":{"line":24,"column":34},"end":{"line":24,"column":71}},"15":{"start":{"line":26,"column":23},"end":{"line":26,"column":80}},"16":{"start":{"line":27,"column":8},"end":{"line":27,"column":83}},"17":{"start":{"line":27,"column":33},"end":{"line":27,"column":83}},"18":{"start":{"line":28,"column":8},"end":{"line":28,"column":25}},"19":{"start":{"line":32,"column":63},"end":{"line":32,"column":73}},"20":{"start":{"line":35,"column":8},"end":{"line":37,"column":9}},"21":{"start":{"line":36,"column":12},"end":{"line":36,"column":62}},"22":{"start":{"line":39,"column":26},"end":{"line":46,"column":10}},"23":{"start":{"line":48,"column":23},"end":{"line":48,"column":77}},"24":{"start":{"line":50,"column":8},"end":{"line":50,"column":76}},"25":{"start":{"line":50,"column":33},"end":{"line":50,"column":76}},"26":{"start":{"line":51,"column":8},"end":{"line":51,"column":25}},"27":{"start":{"line":55,"column":8},"end":{"line":55,"column":71}},"28":{"start":{"line":55,"column":34},"end":{"line":55,"column":71}},"29":{"start":{"line":56,"column":8},"end":{"line":56,"column":100}},"30":{"start":{"line":56,"column":56},"end":{"line":56,"column":100}},"31":{"start":{"line":58,"column":23},"end":{"line":58,"column":51}},"32":{"start":{"line":60,"column":8},"end":{"line":62,"column":9}},"33":{"start":{"line":61,"column":12},"end":{"line":61,"column":77}},"34":{"start":{"line":64,"column":23},"end":{"line":71,"column":24}},"35":{"start":{"line":73,"column":8},"end":{"line":73,"column":97}},"36":{"start":{"line":73,"column":33},"end":{"line":73,"column":97}},"37":{"start":{"line":74,"column":8},"end":{"line":74,"column":25}},"38":{"start":{"line":78,"column":8},"end":{"line":78,"column":71}},"39":{"start":{"line":78,"column":34},"end":{"line":78,"column":71}},"40":{"start":{"line":80,"column":23},"end":{"line":80,"column":85}},"41":{"start":{"line":82,"column":8},"end":{"line":82,"column":96}},"42":{"start":{"line":82,"column":33},"end":{"line":82,"column":96}},"43":{"start":{"line":83,"column":8},"end":{"line":83,"column":25}},"44":{"start":{"line":87,"column":8},"end":{"line":87,"column":78}},"45":{"start":{"line":6,"column":0},"end":{"line":6,"column":13}},"46":{"start"
[...]
,"C:\\Users\\HP\\teach2give\\projectGizmo\\backend\\src\\components\\utils\\asyncHandler.ts": {"path":"C:\\Users\\HP\\teach2give\\projectGizmo\\backend\\src\\components\\utils\\asyncHandler.ts","statementMap":{"0":{"start":{"line":3,"column":28},"end":{"line":7,"column":1}},"1":{"start":{"line":4,"column":4},"end":{"line":6,"column":6}},"2":{"start":{"line":5,"column":8},"end":{"line":5,"column":39}},"3":{"start":{"line":3,"column":13},"end":{"line":3,"column":28}}},"fnMap":{"0":{"name":"(anonymous_0)","decl":{"start":{"line":3,"column":28},"end":{"line":3,"column":29}},"loc":{"start":{"line":3,"column":118},"end":{"line":7,"column":1}}},"1":{"name":"(anonymous_1)","decl":{"start":{"line":4,"column":11},"end":{"line":4,"column":12}},"loc":{"start":{"line":4,"column":30},"end":{"line":6,"column":5}}}},"branchMap":{},"s":{"0":0,"1":0,"2":0,"3":0},"f":{"0":0,"1":0},"b":{}}
,"C:\\Users\\HP\\teach2give\\projectGizmo\\backend\\src\\components\\venue\\venue.controller.ts": {"path":"C:\\Users\\HP\\teach2give\\projectGizmo\\backend\\src\\components\\venue\\venue.controller.ts","statementMap":{"0":{"start":{"line":2,"column":0},"end":{"line":2,"column":47}},"1":{"start":{"line":5,"column":13},"end":{"line":12,"column":5}},"2":{"start":{"line":6,"column":8},"end":{"line":11,"column":9}},"3":{"start":{"line":7,"column":27},"end":{"line":7,"column":60}},"4":{"start":{"line":8,"column":12},"end":{"line":8,"column":29}},"5":{"start":{"line":10,"column":12},"end":{"line":10,"column":79}},"6":{"start":{"line":14,"column":14},"end":{"line":23,"column":5}},"7":{"start":{"line":15,"column":19},"end":{"line":15,"column":40}},"8":{"start":{"line":16,"column":8},"end":{"line":22,"column":9}},"9":{"start":{"line":17,"column":26},"end":{"line":17,"column":61}},"10":{"start":{"line":18,"column":12},"end":{"line":18,"column":84}},"11":{"start":{"line":18,"column":24},"end":{"line":18,"column":84}},"12":{"start":{"line":19,"column":12},"end":{"line":19,"column":28}},"13":{"start":{"line":21,"column":12},"end":{"line":21,"column":78}},"14":{"start":{"line":25,"column":13},"end":{"line":32,"column":5}},"15":{"start":{"line":26,"column":8},"end":{"line":31,"column":9}},"16":{"start":{"line":27,"column":29},"end":{"line":27,"column":69}},"17":{"start":{"line":28,"column":12},"end":{"line":28,"column":43}},"18":{"start":{"line":30,"column":12},"end":{"line":30,"column":79}},"19":{"start":{"line":34,"column":13},"end":{"line":45,"column":5}},"20":{"start":{"line":35,"column":19},"end":{"line":35,"column":40}},"21":{"start":{"line":36,"column":8},"end":{"line":44,"column":9}},"22":{"start":{"line":37,"column":26},"end":{"line":37,"column":61}},"23":{"start":{"line":38,"column":12},"end":{"line":38,"column":84}},"24":{"start":{"line":38,"column":24},"end":{"line":38,"column":84}},"25":{"start":{"line":40,"column":33},"end":{"line":40,"column":77}},"26":{"start":{"line":41,"column":12},"end":{"line":41,"column":35}},"27":{"start":{"line":43,"column":12},"end":{"line":43,"column":79}},"28":{"start":{"line":47,"column":13},"end":{"line":55,"column":5}},"29":{"start":{"line":48,"column":19},"end":{"line":48,"column":40}},"30":{"start":{"line":49,"column":8},"end":{"line":54,"column":9}},"31":{"start":{"line":50,"column":33},"end":{"line":50,"column":67}},"32":{"start":{"line":51,"column":12},"end":{"line":51,"column":35}},"33":{"start":{"line":53,"column":12},"end":{"line":53,"column":79}},"34":{"start":{"line":4,"column":0},"end":{"line":4,"column":13}},"35":{"start":{"line":58,"column":13},"end":{"line":58,"column":53}}},"fnMap":{"0":{"name":"(anonymous_0)","decl":{"start":{"line":5,"column":13},"end":{"line":5,"column":18}},"loc":{"start":{"line":5,"column":51},"end":{"line":12,"column":5}}},"1":{"name":"(anonymous_1)","decl":{"start":{"line":14,"column":14},"end":{"line":14,"column":19}},"loc":{"start":{"line":14,"column":52},"end":{"line":23,"column":5}}},"2":{"name":"(anonymous_2)","decl":{"start":{"line":25,"column":13},"end":{"line":25,"column":18}},"loc":{"start":{"line":25,"column":51},"end":{"line":32,"column":5}}},"3":{"name":"(anonymous_3)","decl":{"start":{"line":34,"column":13},"end":{"line":34,"column":18}},"loc":{"start":{"line":34,"column":51},"end":{"line":45,"column":5}}},"4":{"name":"(anonymous_4)","decl":{"start":{"line":47,"column":13},"end":{"line":47,"column":18}},"loc":{"start":{"line":47,"column":51},"end":{"line":55,"column":5}}}},"branchMap":{"0":{"loc":{"start":{"line":18,"column":12},"end":{"line":18,"column":84}},"type":"if","locations":[{"start":{"line":18,"column":12},"end":{"line":18,"column":84}},{"start":{},"end":{}}]},"1":{"loc":{"start":{"line":38,"column":12},"end":{"line":38,"column":84}},"type":"if","locations":[{"start":{"line":38,"column":12},"end":{"line":38,"column":84}},{"start":{},"end":{}}]}},"s":{"0":0,"1":0,"2":0,"3":0,"4":0,"5":0,"6":0,"7":0,"8":0,"9":0,"10":0,"11":0,"12":0,"13":0,"14":0,"15":0,"16":0,"17":0,"18":0,"19":0,"20":0,"21":0,"22":0,"23":0,"24":0,"25":0,"26":0,"27":0,"28":0,"29":0,"30":0,"31":0,"32":0,"33":0,"34":0,"35":0},"f":{"0":0,"1":0,"2":0,"3":0,"4":0},"b":{"0":[0,0],"1":[0,0]}}
,"C:\\Users\\HP\\teach2give\\projectGizmo\\backend\\src\\components\\venue\\venue.routes.ts": {"path":"C:\\Users\\HP\\teach2give\\projectGizmo\\backend\\src\\components\\venue\\venue.routes.ts","statementMap":{"0":{"start":{"line":1,"column":0},"end":{"line":1,"column":33}},"1":{"start":{"line":2,"column":0},"end":{"line":2,"column":53}},"2":{"start":{"line":3,"column":0},"end":{"line":3,"column":51}},"3":{"start":{"line":5,"column":15},"end":{"line":5,"column":23}},"4":{"start":{"line":7,"column":0},"end":{"line":7,"column":60}},"5":{"start":{"line":8,"column":0},"end":{"line":8,"column":65}},"6":{"start":{"line":9,"column":0},"end":{"line":9,"column":61}},"7":{"start":{"line":10,"column":0},"end":{"line":10,"column":66}},"8":{"start":{"line":11,"column":0},"end":{"line":11,"column":67}},"9":{"start":{"line":13,"column":0},"end":{"line":13,"column":22}}},"fnMap":{},"branchMap":{},"s":{"0":0,"1":0,"2":0,"3":0,"4":0,"5":0,"6":0,"7":0,"8":0,"9":0},"f":{},"b":{}}
,"C:\\Users\\HP\\teach2give\\projectGizmo\\backend\\src\\components\\venue\\venue.service.ts": {"path":"C:\\Users\\HP\\teach2give\\projectGizmo\\backend\\src\\components\\venue\\venue.service.ts","statementMap":{"0":{"start":{"line":1,"column":0},"end":{"line":1,"column":34}},"1":{"start":{"line":2,"column":0},"end":{"line":2,"column":63}},"2":{"start":{"line":3,"column":0},"end":{"line":3,"column":33}},"3":{"start":{"line":7,"column":8},"end":{"line":7,"column":45}},"4":{"start":{"line":11,"column":23},"end":{"line":11,"column":76}},"5":{"start":{"line":12,"column":8},"end":{"line":12,"column":25}},"6":{"start":{"line":16,"column":23},"end":{"line":16,"column":75}},"7":{"start":{"line":17,"column":8},"end":{"line":17,"column":25}},"8":{"start":{"line":21,"column":23},"end":{"line":21,"column":96}},"9":{"start":{"line":22,"column":8},"end":{"line":22,"column":25}},"10":{"start":{"line":26,"column":23},"end":{"line":26,"column":81}},"11":{"start":{"line":27,"column":8},"end":{"line":27,"column":25}},"12":{"start":{"line":5,"column":0},"end":{"line":5,"column":13}},"13":{"start":{"line":31,"column":13},"end":{"line":31,"column":47}}},"fnMap":{"0":{"name":"(anonymous_1)","decl":{"start":{"line":6,"column":4},"end":{"line":6,"column":9}},"loc":{"start":{"line":6,"column":22},"end":{"line":8,"column":5}}},"1":{"name":"(anonymous_2)","decl":{"start":{"line":10,"column":4},"end":{"line":10,"column":9}},"loc":{"start":{"line":10,"column":33},"end":{"line":13,"column":5}}},"2":{"name":"(anonymous_3)","decl":{"start":{"line":15,"column":4},"end":{"line":15,"column":9}},"loc":{"start":{"line":15,"column":44},"end":{"line":18,"column":5}}},"3":{"name":"(anonymous_4)","decl":{"start":{"line":20,"column":4},"end":{"line":20,"column":9}},"loc":{"start":{"line":20,"column":65},"end":{"line":23,"column":5}}},"4":{"name":"(anonymous_5)","decl":{"start":{"line":25,"column":4},"end":{"line":25,"column":9}},"loc":{"start":{"line":25,"column":32},"end":{"line":28,"column":5}}}},"branchMap":{},"s":{"0":0,"1":0,"2":0,"3":0,"4":0,"5":0,"6":0,"7":0,"8":0,"9":0,"10":0,"11":0,"12":0,"13":0},"f":{"0":0,"1":0,"2":0,"3":0,"4":0},"b":{}}
,"C:\\Users\\HP\\teach2give\\projectGizmo\\backend\\src\\drizzle\\db.ts": {"path":"C:\\Users\\HP\\teach2give\\projectGizmo\\backend\\src\\drizzle\\db.ts","statementMap":{"0":{"start":{"line":1,"column":0},"end":{"line":1,"column":48}},"1":{"start":{"line":2,"column":0},"end":{"line":2,"column":48}},"2":{"start":{"line":3,"column":0},"end":{"line":3,"column":35}},"3":{"start":{"line":5,"column":0},"end":{"line":5,"column":28}},"4":{"start":{"line":6,"column":0},"end":{"line":6,"column":16}},"5":{"start":{"line":8,"column":12},"end":{"line":8,"column":43}},"6":{"start":{"line":10,"column":11},"end":{"line":10,"column":49}},"7":{"start":{"line":11,"column":0},"end":{"line":11,"column":18}}},"fnMap":{},"branchMap":{},"s":{"0":3,"1":3,"2":3,"3":3,"4":3,"5":3,"6":3,"7":3},"f":{},"b":{}}
,"C:\\Users\\HP\\teach2give\\projectGizmo\\backend\\src\\drizzle\\migrate.ts": {"path":"C:\\Users\\HP\\teach2give\\projectGizmo\\backend\\src\\drizzle\\migrate.ts","statementMap":{"0":{"start":{"line":1,"column":0},"end":{"line":1,"column":57}},"1":{"start":{"line":2,"column":0},"end":{"line":2,"column":22}},"2":{"start":{"line":5,"column":4},"end":{"line":5,"column":50}},"3":{"start":{"line":7,"column":4},"end":{"line":14,"column":5}},"4":{"start":{"line":8,"column":8},"end":{"line":8,"column":75}},"5":{"start":{"line":9,"column":8},"end":{"line":9,"column":56}},"6":{"start":{"line":10,"column":8},"end":{"line":10,"column":24}},"7":{"start":{"line":12,"column":8},"end":{"line":12,"column":50}},"8":{"start":{"line":13,"column":8},"end":{"line":13,"column":24}},"9":{"start":{"line":17,"column":0},"end":{"line":17,"column":12}}},"fnMap":{"0":{"name":"migration","decl":{"start":{"line":4,"column":15},"end":{"line":4,"column":24}},"loc":{"start":{"line":4,"column":24},"end":{"line":15,"column":1}}}},"branchMap":{},"s":{"0":0,"1":0,"2":0,"3":0,"4":0,"5":0,"6":0,"7":0,"8":0,"9":0},"f":{"0":0},"b":{}}
,"C:\\Users\\HP\\teach2give\\projectGizmo\\backend\\src\\drizzle\\schema.ts": {"path":"C:\\Users\\HP\\teach2give\\projectGizmo\\backend\\src\\drizzle\\schema.ts","statementMap":{"0":{"start":{"line":1,"column":0},"end":{"line":1,"column":null}},"1":{"start":{"line":18,"column":13},"end":{"line":18,"column":74}},"2":{"start":{"line":19,"column":13},"end":{"line":19,"column":59}},"3":{"start":{"line":25,"column":13},"end":{"line":25,"column":74}},"4":{"start":{"line":26,"column":13},"end":{"line":26,"column":75}},"5":{"start":{"line":32,"column":13},"end":{"line":32,"column":67}},"6":{"start":{"line":33,"column":13},"end":{"line":33,"column":69}},"7":{"start":{"line":39,"column":13},"end":{"line":39,"column":70}},"8":{"start":{"line":40,"column":13},"end":{"line":40,"column":74}},"9":{"start":{"line":45,"column":13},"end":{"line":61,"column":4}},"10":{"start":{"line":58,"column":15},"end":{"line":61,"column":2}},"11":{"start":{"line":64,"column":13},"end":{"line":74,"column":3}},"12":{"start":{"line":77,"column":13},"end":{"line":85,"column":3}},"13":{"start":{"line":79,"column":58},"end":{"line":79,"column":65}},"14":{"start":{"line":88,"column":13},"end":{"line":95,"column":3}},"15":{"start":{"line":98,"column":13},"end":{"line":108,"column":3}},"16":{"start":{"line":102,"column":60},"end":{"line":102,"column":68}},"17":{"start":{"line":111,"column":13},"end":{"line":118,"column":3}},"18":{"start":{"line":113,"column":50},"end":{"line":113,"column":59}},"19":{"start":{"line":121,"column":13},"end":{"line":130,"column":3}},"20":{"start":{"line":123,"column":48},"end":{"line":123,"column":55}},"21":{"start":{"line":133,"column":13},"end":{"line":140,"column":3}},"22":{"start":{"line":135,"column":50},"end":{"line":135,"column":59}},"23":{"start":{"line":136,"column":61},"end":{"line":136,"column":75}},"24":{"start":{"line":143,"column":13},"end":{"line":153,"column":3}},"25":{"start":{"line":146,"column":58},"end":{"line":146,"column":65}},"26":{"start":{"line":147,"column":60},"end":{"line":147,"column":68}},"27":{"start":{"line":148,"column":61},"end":{"line":148,"column":75}},"28":{"start":{"line":152,"column":63},"end":{"line":152,"column":70}}},"fnMap":{"0":{"name":"(anonymous_0)","decl":{"start":{"line":58,"column":3},"end":{"line":58,"column":4}},"loc":{"start":{"line":58,"column":15},"end":{"line":61,"column":2}}},"1":{"name":"(anonymous_1)","decl":{"start":{"line":79,"column":52},"end":{"line":79,"column":55}},"loc":{"start":{"line":79,"column":58},"end":{"line":79,"column":65}}},"2":{"name":"(anonymous_2)","decl":{"start":{"line":102,"column":54},"end":{"line":102,"column":57}},"loc":{"start":{"line":102,"column":60},"end":{"line":102,"column":68}}},"3":{"name":"(anonymous_3)","decl":{"start":{"line":113,"column":44},"end":{"line":113,"column":47}},"loc":{"start":{"line":113,"column":50},"end":{"line":113,"column":59}}},"4":{"name":"(anonymous_4)","decl":{"start":{"line":123,"column":42},"end":{"line":123,"column":45}},"loc":{"start":{"line":123,"column":48},"end":{"line":123,"column":55}}},"5":{"name":"(anonymous_5)","decl":{"start":{"line":135,"column":44},"end":{"line":135,"column":47}},"loc":{"start":{"line":135,"column":50},"end":{"line":135,"column":59}}},"6":{"name":"(anonymous_6)","decl":{"start":{"line":136,"column":55},"end":{"line":136,"column":58}},"loc":{"start":{"line":136,"column":61},"end":{"line":136,"column":75}}},"7":{"name":"(anonymous_7)","decl":{"start":{"line":146,"column":52},"end":{"line":146,"column":55}},"loc":{"start":{"line":146,"column":58},"end":{"line":146,"column":65}}},"8":{"name":"(anonymous_8)","decl":{"start":{"line":147,"column":54},"end":{"line":147,"column":57}},"loc":{"start":{"line":147,"column":60},"end":{"line":147,"column":68}}},"9":{"name":"(anonymous_9)","decl":{"start":{"line":148,"column":55},"end":{"line":148,"column":58}},"loc":{"start":{"line":148,"column":61},"end":{"line":148,"column":75}}},"10":{"name":"(anonymous_10)","decl":{"start":{"line":152,"column":57},"end":{"line":152,"column":60}},"loc":{"start":{"line":152,"column":63},"end":{"line":152,"column":70}}}},"branchMap":{},"s":{"0":5,"1":5,"2":5,"3":5,"4":5,"5":5,"6":5,"7":5,"8":5,"9":5,"10":3,"11":5,"12":5,"13":0,"14":5,"15":5,"16":0,"17":5,"18":0,"19":5,"20":0,"21":5,"22":0,"23":0,"24":5,"25":0,"26":0,"27":0,"28":0},"f":{"0":3,"1":0,"2":0,"3":0,"4":0,"5":0,"6":0,"7":0,"8":0,"9":0,"10":0},"b":{}}
,"C:\\Users\\HP\\teach2give\\projectGizmo\\backend\\src\\middleware\\bearAuth.ts": {"path":"C:\\Users\\HP\\teach2give\\projectGizmo\\backend\\src\\middleware\\bearAuth.ts","statementMap":{"0":{"start":{"line":1,"column":0},"end":{"line":1,"column":42}},"1":{"start":{"line":2,"column":0},"end":{"line":2,"column":22}},"2":{"start":{"line":5,"column":26},"end":{"line":46,"column":1}},"3":{"start":{"line":6,"column":4},"end":{"line":45,"column":null}},"4":{"start":{"line":7,"column":27},"end":{"line":7,"column":52}},"5":{"start":{"line":9,"column":8},"end":{"line":12,"column":9}},"6":{"start":{"line":10,"column":12},"end":{"line":10,"column":62}},"7":{"start":{"line":11,"column":12},"end":{"line":11,"column":19}},"8":{"start":{"line":14,"column":22},"end":{"line":14,"column":46}},"9":{"start":{"line":16,"column":8},"end":{"line":43,"column":9}},"10":{"start":{"line":17,"column":28},"end":{"line":17,"column":79}},"11":{"start":{"line":18,"column":13},"end":{"line":18,"column":40}},"12":{"start":{"line":21,"column":12},"end":{"line":38,"column":13}},"13":{"start":{"line":26,"column":16},"end":{"line":32,"column":17}},"14":{"start":{"line":27,"column":20},"end":{"line":27,"column":27}},"15":{"start":{"line":28,"column":20},"end":{"line":28,"column":27}},"16":{"start":{"line":29,"column":23},"end":{"line":32,"column":17}},"17":{"start":{"line":30,"column":20},"end":{"line":30,"column":27}},"18":{"start":{"line":31,"column":20},"end":{"line":31,"column":27}},"19":{"start":{"line":33,"column":16},"end":{"line":33,"column":66}},"20":{"start":{"line":34,"column":16},"end":{"line":34,"column":23}},"21":{"start":{"line":36,"column":16},"end":{"line":36,"column":null}},"22":{"start":{"line":37,"column":16},"end":{"line":37,"column":22}},"23":{"start":{"line":41,"column":12},"end":{"line":41,"column":63}},"24":{"start":{"line":42,"column":12},"end":{"line":42,"column":18}},"25":{"start":{"line":5,"column":13},"end":{"line":5,"column":26}},"26":{"start":{"line":48,"column":13},"end":{"line":48,"column":null}},"27":{"start":{"line":49,"column":13},"end":{"line":49,"column":null}},"28":{"start":{"line":50,"column":13},"end":{"line":50,"column":null}}},"fnMap":{"0":{"name":"(anonymous_1)","decl":{"start":{"line":5,"column":26},"end":{"line":5,"column":27}},"loc":{"start":{"line":5,"column":84},"end":{"line":46,"column":1}}},"1":{"name":"(anonymous_2)","decl":{"start":{"line":6,"column":11},"end":{"line":6,"column":12}},"loc":{"start":{"line":6,"column":69},"end":{"line":45,"column":5}}}},"branchMap":{"0":{"loc":{"start":{"line":9,"column":8},"end":{"line":12,"column":9}},"type":"if","locations":[{"start":{"line":9,"column":8},"end":{"line":12,"column":9}},{"start":{},"end":{}}]},"1":{"loc":{"start":{"line":9,"column":12},"end":{"line":9,"column":60}},"type":"binary-expr","locations":[{"start":{"line":9,"column":12},"end":{"line":9,"column":23}},{"start":{"line":9,"column":27},"end":{"line":9,"column":60}}]},"2":{"loc":{"start":{"line":21,"column":12},"end":{"line":38,"column":13}},"type":"if","locations":[{"start":{"line":21,"column":12},"end":{"line":38,"column":13}},{"start":{"line":35,"column":19},"end":{"line":38,"column":13}}]},"3":{"loc":{"start":{"line":22,"column":16},"end":{"line":24,"column":33}},"type":"binary-expr","locations":[{"start":{"line":22,"column":16},"end":{"line":22,"column":43}},{"start":{"line":23,"column":16},"end":{"line":23,"column":32}},{"start":{"line":24,"column":16},"end":{"line":24,"column":33}}]},"4":{"loc":{"start":{"line":26,"column":16},"end":{"line":32,"column":17}},"type":"if","locations":[{"start":{"line":26,"column":16},"end":{"line":32,"column":17}},{"start":{"line":29,"column":23},"end":{"line":32,"column":17}}]},"5":{"loc":{"start":{"line":26,"column":20},"end":{"line":26,"column":112}},"type":"binary-expr","locations":[{"start":{"line":26,"column":20},"end":{"line":26,"column":44}},{"start":{"line":26,"column":48},"end":{"line":26,"column":75}},{"start":{"line":26,"column":79},"end":{"line":26,"column":112}}]},"6":{"loc":{"start":{"line":29,"column":23},"end":{"line":32,"column":17}},"type":"if","locations":[{"start":{"line":29,"column":23},"end":{"line":32,"column":17}},{"start":{},"end":{}}]}},"s":{"0":0,"1":0,"2":0,"3":0,"4":0,"5":0,"6":0,"7":0,"8":0,"9":0,"10":0,"11":0,"12":0,"13":0,"14":0,"15":0,"16":0,"17":0,"18":0,"19":0,"20":0,"21":0,"22":0,"23":0,"24":0,"25":0,"26":0,"27":0,"28":0},"f":{"0":0,"1":0},"b":{"0":[0,0],"1":[0,0],"2":[0,0],"3":[0,0,0],"4":[0,0],"5":[0,0,0],"6":[0,0]}}
}
