TN:
SF:src\index.ts
FN:12,(anonymous_1)
FNF:1
FNH:1
FNDA:7,(anonymous_1)
DA:1,7
DA:2,7
DA:3,7
DA:4,7
DA:5,7
DA:6,7
DA:7,7
DA:8,7
DA:9,7
DA:10,7
DA:12,7
DA:13,7
DA:14,7
DA:16,7
DA:23,7
DA:24,7
DA:25,7
DA:26,7
DA:27,7
DA:28,7
DA:29,7
DA:30,7
DA:32,7
DA:35,7
DA:36,7
LF:25
LH:25
BRF:0
BRH:0
end_of_record
TN:
SF:src\server.ts
FN:5,(anonymous_1)
FNF:1
FNH:0
FNDA:0,(anonymous_1)
DA:1,0
DA:3,0
DA:5,0
DA:6,0
LF:4
LH:0
BRDA:3,0,0,0
BRDA:3,0,1,0
BRF:2
BRH:0
end_of_record
TN:
SF:src\communication\mailer.ts
FN:3,(anonymous_1)
FNF:1
FNH:0
FNDA:0,(anonymous_1)
DA:1,8
DA:3,8
DA:9,0
DA:10,0
DA:21,0
DA:29,0
DA:30,0
DA:32,0
DA:33,0
DA:34,0
DA:35,0
DA:37,0
DA:40,0
LF:13
LH:2
BRDA:32,0,0,0
BRDA:32,0,1,0
BRDA:34,1,0,0
BRDA:34,1,1,0
BRF:4
BRH:0
end_of_record
TN:
SF:src\components\authentication\authentication.controller.ts
FN:10,(anonymous_1)
FN:48,(anonymous_2)
FN:86,(anonymous_3)
FN:138,(anonymous_4)
FN:152,(anonymous_5)
FN:166,(anonymous_6)
FNF:6
FNH:6
FNDA:2,(anonymous_1)
FNDA:7,(anonymous_2)
FNDA:10,(anonymous_3)
FNDA:4,(anonymous_4)
FNDA:5,(anonymous_5)
FNDA:7,(anonymous_6)
DA:2,8
DA:3,8
DA:4,8
DA:5,8
DA:6,8
DA:10,8
DA:11,2
DA:12,2
DA:13,2
DA:16,2
DA:17,2
DA:18,2
DA:20,2
DA:22,1
DA:23,0
DA:26,1
DA:27,1
DA:38,0
DA:41,1
DA:44,1
DA:48,8
DA:49,7
DA:51,7
DA:52,7
DA:54,6
DA:55,2
DA:58,4
DA:59,2
DA:61,2
DA:62,2
DA:73,0
DA:76,2
DA:78,2
DA:81,1
DA:86,8
DA:87,10
DA:88,10
DA:90,10
DA:91,9
DA:92,2
DA:95,7
DA:96,7
DA:97,2
DA:100,5
DA:102,5
DA:103,2
DA:106,3
DA:115,3
DA:116,3
DA:117,1
DA:120,2
DA:122,2
DA:134,2
DA:138,8
DA:139,4
DA:140,4
DA:142,4
DA:143,2
DA:146,2
DA:148,0
DA:152,8
DA:153,5
DA:154,5
DA:156,4
DA:157,2
DA:160,2
DA:162,1
DA:166,8
DA:167,7
DA:168,7
DA:170,7
DA:171,2
DA:174,5
DA:176,5
DA:178,4
DA:179,2
DA:182,2
DA:184,1
LF:78
LH:74
BRDA:22,0,0,0
BRDA:22,0,1,1
BRDA:54,1,0,2
BRDA:54,1,1,4
BRDA:58,2,0,2
BRDA:58,2,1,2
BRDA:91,3,0,2
BRDA:91,3,1,7
BRDA:96,4,0,2
BRDA:96,4,1,5
BRDA:102,5,0,2
BRDA:102,5,1,3
BRDA:116,6,0,1
BRDA:116,6,1,2
BRDA:142,7,0,2
BRDA:142,7,1,2
BRDA:156,8,0,2
BRDA:156,8,1,2
BRDA:170,9,0,2
BRDA:170,9,1,5
BRDA:170,10,0,7
BRDA:170,10,1,7
BRDA:178,11,0,2
BRDA:178,11,1,2
BRF:24
BRH:23
end_of_record
TN:
SF:src\components\authentication\authentication.router.ts
FNF:0
FNH:0
DA:1,7
DA:2,7
DA:9,7
DA:11,7
DA:13,7
DA:14,7
DA:15,7
DA:16,7
DA:17,7
DA:18,7
DA:21,7
LF:11
LH:11
BRF:0
BRH:0
end_of_record
TN:
SF:src\components\authentication\authentication.service.ts
FN:6,(anonymous_1)
FN:16,(anonymous_2)
FN:27,(anonymous_3)
FN:47,(anonymous_4)
FN:77,(anonymous_5)
FN:96,(anonymous_6)
FN:105,(anonymous_7)
FNF:7
FNH:7
FNDA:2,(anonymous_1)
FNDA:2,(anonymous_2)
FNDA:3,(anonymous_3)
FNDA:3,(anonymous_4)
FNDA:3,(anonymous_5)
FNDA:2,(anonymous_6)
FNDA:4,(anonymous_7)
DA:1,9
DA:2,9
DA:3,9
DA:5,9
DA:7,2
DA:8,2
DA:9,1
DA:11,1
DA:12,1
DA:17,2
DA:18,2
DA:22,1
DA:23,1
DA:28,3
DA:29,3
DA:34,2
DA:35,1
DA:38,1
DA:40,2
DA:42,1
DA:43,1
DA:48,3
DA:49,3
DA:51,3
DA:64,2
DA:65,1
DA:68,1
DA:70,2
DA:72,1
DA:73,1
DA:78,3
DA:79,3
DA:83,2
DA:84,1
DA:87,1
DA:89,2
DA:91,1
DA:92,1
DA:97,2
DA:98,2
DA:100,1
DA:101,1
DA:106,4
DA:107,4
DA:111,4
DA:112,1
DA:115,3
DA:116,3
DA:117,1
DA:120,2
DA:125,1
DA:127,3
DA:128,2
DA:130,1
DA:131,1
LF:55
LH:55
BRDA:34,0,0,1
BRDA:34,0,1,1
BRDA:40,1,0,1
BRDA:40,1,1,1
BRDA:64,2,0,1
BRDA:64,2,1,1
BRDA:70,3,0,1
BRDA:70,3,1,1
BRDA:83,4,0,1
BRDA:83,4,1,1
BRDA:89,5,0,1
BRDA:89,5,1,1
BRDA:111,6,0,1
BRDA:111,6,1,3
BRDA:116,7,0,1
BRDA:116,7,1,2
BRDA:127,8,0,1
BRDA:127,8,1,2
BRDA:128,9,0,1
BRDA:128,9,1,1
BRF:20
BRH:20
end_of_record
TN:
SF:src\components\customerSupport\customerSupport.controller.ts
FN:5,(anonymous_0)
FN:18,(anonymous_1)
FN:36,(anonymous_2)
FN:46,(anonymous_3)
FN:64,(anonymous_4)
FNF:5
FNH:5
FNDA:5,(anonymous_0)
FNDA:7,(anonymous_1)
FNDA:4,(anonymous_2)
FNDA:7,(anonymous_3)
FNDA:7,(anonymous_4)
DA:2,8
DA:4,8
DA:5,9
DA:6,5
DA:7,5
DA:8,4
DA:9,2
DA:11,2
DA:13,1
DA:14,1
DA:18,9
DA:19,7
DA:20,7
DA:21,2
DA:24,5
DA:25,5
DA:26,4
DA:27,2
DA:29,2
DA:31,1
DA:32,1
DA:36,9
DA:37,4
DA:38,4
DA:39,2
DA:41,2
DA:42,2
DA:46,9
DA:47,7
DA:48,7
DA:49,2
DA:52,5
DA:53,5
DA:54,4
DA:55,2
DA:57,2
DA:59,1
DA:60,1
DA:64,9
DA:65,7
DA:66,7
DA:67,2
DA:70,5
DA:71,5
DA:72,4
DA:73,2
DA:75,2
DA:77,1
DA:78,1
DA:83,8
LF:50
LH:50
BRDA:8,0,0,2
BRDA:8,0,1,2
BRDA:20,1,0,2
BRDA:20,1,1,5
BRDA:26,2,0,2
BRDA:26,2,1,2
BRDA:48,3,0,2
BRDA:48,3,1,5
BRDA:54,4,0,2
BRDA:54,4,1,2
BRDA:66,5,0,2
BRDA:66,5,1,5
BRDA:72,6,0,2
BRDA:72,6,1,2
BRF:14
BRH:14
end_of_record
TN:
SF:src\components\customerSupport\customerSupport.routes.ts
FNF:0
FNH:0
DA:1,7
DA:2,7
DA:3,7
DA:5,7
DA:7,7
DA:8,7
DA:9,7
DA:10,7
DA:11,7
DA:13,7
LF:10
LH:10
BRF:0
BRH:0
end_of_record
TN:
SF:src\components\customerSupport\customerSupport.service.ts
FN:6,(anonymous_1)
FN:16,(anonymous_2)
FN:29,(anonymous_3)
FN:39,(anonymous_4)
FN:52,(anonymous_5)
FNF:5
FNH:5
FNDA:2,(anonymous_1)
FNDA:3,(anonymous_2)
FNDA:2,(anonymous_3)
FNDA:3,(anonymous_4)
FNDA:3,(anonymous_5)
DA:1,9
DA:2,9
DA:3,9
DA:5,9
DA:7,2
DA:8,2
DA:9,1
DA:11,1
DA:12,1
DA:17,3
DA:18,3
DA:19,2
DA:20,1
DA:22,1
DA:24,1
DA:25,1
DA:30,2
DA:31,2
DA:32,1
DA:34,1
DA:35,1
DA:40,3
DA:41,3
DA:42,2
DA:43,1
DA:45,1
DA:47,1
DA:48,1
DA:53,3
DA:54,3
DA:55,2
DA:56,1
DA:58,1
DA:60,1
DA:61,1
DA:66,9
LF:36
LH:36
BRDA:19,0,0,1
BRDA:19,0,1,1
BRDA:42,1,0,1
BRDA:42,1,1,1
BRDA:55,2,0,1
BRDA:55,2,1,1
BRF:6
BRH:6
end_of_record
TN:
SF:src\components\event\event.controller.ts
FN:5,(anonymous_0)
FN:20,(anonymous_1)
FN:31,(anonymous_2)
FN:40,(anonymous_3)
FN:50,(anonymous_4)
FNF:5
FNH:5
FNDA:5,(anonymous_0)
FNDA:6,(anonymous_1)
FNDA:4,(anonymous_2)
FNDA:4,(anonymous_3)
FNDA:4,(anonymous_4)
DA:2,8
DA:4,8
DA:5,19
DA:6,5
DA:12,5
DA:13,5
DA:14,3
DA:16,2
DA:20,19
DA:21,6
DA:22,6
DA:23,6
DA:24,4
DA:25,2
DA:27,2
DA:31,19
DA:32,4
DA:33,4
DA:34,2
DA:36,2
DA:40,19
DA:41,4
DA:42,4
DA:43,4
DA:44,2
DA:46,2
DA:50,19
DA:51,4
DA:52,4
DA:53,4
DA:54,2
DA:56,2
DA:61,8
LF:33
LH:33
BRDA:7,0,0,1
BRDA:7,0,1,4
BRDA:24,1,0,2
BRDA:24,1,1,2
BRF:4
BRH:4
end_of_record
TN:
SF:src\components\event\event.routes.ts
FNF:0
FNH:0
DA:1,7
DA:2,7
DA:3,7
DA:5,7
DA:7,7
DA:8,7
DA:9,7
DA:10,7
DA:11,7
DA:13,7
LF:10
LH:10
BRF:0
BRH:0
end_of_record
TN:
SF:src\components\event\event.service.ts
FN:7,(anonymous_1)
FN:33,(anonymous_2)
FN:39,(anonymous_3)
FN:45,(anonymous_4)
FN:51,(anonymous_5)
FNF:5
FNH:5
FNDA:3,(anonymous_1)
FNDA:2,(anonymous_2)
FNDA:1,(anonymous_3)
FNDA:1,(anonymous_4)
FNDA:1,(anonymous_5)
DA:1,9
DA:2,9
DA:3,9
DA:5,9
DA:8,3
DA:10,3
DA:12,3
DA:13,2
DA:16,3
DA:17,1
DA:20,3
DA:21,1
DA:24,3
DA:29,3
DA:34,2
DA:35,2
DA:40,1
DA:41,1
DA:46,1
DA:47,1
DA:52,1
DA:53,1
DA:57,9
LF:23
LH:23
BRDA:12,0,0,2
BRDA:12,0,1,1
BRDA:16,1,0,1
BRDA:16,1,1,2
BRDA:20,2,0,1
BRDA:20,2,1,2
BRDA:27,3,0,2
BRDA:27,3,1,1
BRF:8
BRH:8
end_of_record
TN:
SF:src\components\order\order.controller.ts
FN:5,(anonymous_0)
FN:15,(anonymous_1)
FN:33,(anonymous_2)
FN:49,(anonymous_3)
FN:77,(anonymous_4)
FNF:5
FNH:5
FNDA:4,(anonymous_0)
FNDA:8,(anonymous_1)
FNDA:6,(anonymous_2)
FNDA:10,(anonymous_3)
FNDA:8,(anonymous_4)
DA:2,8
DA:4,8
DA:5,9
DA:6,4
DA:7,4
DA:8,2
DA:10,2
DA:11,2
DA:15,9
DA:16,8
DA:17,8
DA:18,2
DA:21,6
DA:22,6
DA:23,4
DA:24,2
DA:26,2
DA:28,2
DA:29,2
DA:33,9
DA:34,6
DA:36,6
DA:37,2
DA:40,4
DA:41,4
DA:42,2
DA:44,2
DA:45,2
DA:49,9
DA:50,10
DA:52,10
DA:53,2
DA:56,8
DA:57,2
DA:60,6
DA:61,6
DA:63,6
DA:64,2
DA:67,4
DA:69,2
DA:71,2
DA:72,2
DA:77,9
DA:78,8
DA:79,8
DA:80,2
DA:83,6
DA:84,6
DA:86,4
DA:87,2
DA:90,2
DA:92,2
DA:93,2
DA:98,8
LF:54
LH:54
BRDA:17,0,0,2
BRDA:17,0,1,6
BRDA:23,1,0,2
BRDA:23,1,1,2
BRDA:23,2,0,4
BRDA:23,2,1,2
BRDA:36,3,0,2
BRDA:36,3,1,4
BRDA:36,4,0,6
BRDA:36,4,1,4
BRDA:36,4,2,4
BRDA:36,4,3,4
BRDA:52,5,0,2
BRDA:52,5,1,8
BRDA:56,6,0,2
BRDA:56,6,1,6
BRDA:56,7,0,8
BRDA:56,7,1,8
BRDA:63,8,0,2
BRDA:63,8,1,4
BRDA:63,9,0,6
BRDA:63,9,1,4
BRDA:79,10,0,2
BRDA:79,10,1,6
BRDA:86,11,0,2
BRDA:86,11,1,2
BRF:26
BRH:26
end_of_record
TN:
SF:src\components\order\order.routes.ts
FNF:0
FNH:0
DA:1,7
DA:2,7
DA:3,7
DA:5,7
DA:7,7
DA:8,7
DA:9,7
DA:10,7
DA:11,7
DA:13,7
LF:10
LH:10
BRF:0
BRH:0
end_of_record
TN:
SF:src\components\order\order.service.ts
FN:6,(anonymous_1)
FN:15,(anonymous_2)
FN:30,(anonymous_3)
FN:40,(anonymous_4)
FN:56,(anonymous_5)
FN:84,(anonymous_6)
FNF:6
FNH:6
FNDA:2,(anonymous_1)
FNDA:4,(anonymous_2)
FNDA:3,(anonymous_3)
FNDA:1,(anonymous_4)
FNDA:4,(anonymous_5)
FNDA:4,(anonymous_6)
DA:1,9
DA:2,9
DA:3,9
DA:5,9
DA:7,2
DA:8,2
DA:10,1
DA:11,1
DA:16,4
DA:18,3
DA:19,3
DA:20,2
DA:22,1
DA:23,1
DA:25,1
DA:26,1
DA:31,3
DA:32,1
DA:35,2
DA:37,2
DA:40,1
DA:46,1
DA:49,1
DA:51,1
DA:52,1
DA:57,4
DA:58,1
DA:59,1
DA:62,3
DA:63,3
DA:68,2
DA:69,1
DA:70,1
DA:73,1
DA:75,2
DA:76,2
DA:77,1
DA:79,1
DA:85,4
DA:87,3
DA:88,3
DA:89,2
DA:91,1
DA:92,1
DA:94,1
DA:96,1
DA:97,1
DA:102,9
LF:48
LH:48
BRDA:16,0,0,1
BRDA:16,0,1,3
BRDA:20,1,0,1
BRDA:20,1,1,1
BRDA:31,2,0,1
BRDA:31,2,1,2
BRDA:31,3,0,3
BRDA:31,3,1,2
BRDA:31,3,2,2
BRDA:31,3,3,2
BRDA:57,4,0,1
BRDA:57,4,1,3
BRDA:57,5,0,4
BRDA:57,5,1,4
BRDA:68,6,0,1
BRDA:68,6,1,1
BRDA:76,7,0,1
BRDA:76,7,1,1
BRDA:85,8,0,1
BRDA:85,8,1,3
BRDA:89,9,0,1
BRDA:89,9,1,1
BRF:22
BRH:22
end_of_record
TN:
SF:src\components\payment\payment.controller.ts
FN:5,(anonymous_0)
FN:14,(anonymous_1)
FN:26,(anonymous_2)
FN:35,(anonymous_3)
FN:46,(anonymous_4)
FNF:5
FNH:0
FNDA:0,(anonymous_0)
FNDA:0,(anonymous_1)
FNDA:0,(anonymous_2)
FNDA:0,(anonymous_3)
FNDA:0,(anonymous_4)
DA:2,7
DA:4,7
DA:5,7
DA:6,0
DA:7,0
DA:8,0
DA:10,0
DA:14,7
DA:15,0
DA:17,0
DA:18,0
DA:19,0
DA:20,0
DA:22,0
DA:26,7
DA:27,0
DA:28,0
DA:29,0
DA:31,0
DA:35,7
DA:36,0
DA:38,0
DA:39,0
DA:40,0
DA:42,0
DA:46,7
DA:47,0
DA:49,0
DA:50,0
DA:51,0
DA:53,0
DA:58,7
LF:32
LH:8
BRDA:19,0,0,0
BRDA:19,0,1,0
BRF:2
BRH:0
end_of_record
TN:
SF:src\components\payment\payment.routes.ts
FNF:0
FNH:0
DA:1,7
DA:2,7
DA:3,7
DA:5,7
DA:7,7
DA:8,7
DA:9,7
DA:10,7
DA:11,7
DA:13,7
LF:10
LH:10
BRF:0
BRH:0
end_of_record
TN:
SF:src\components\payment\payment.service.ts
FN:6,(anonymous_1)
FN:10,(anonymous_2)
FN:15,(anonymous_3)
FN:20,(anonymous_4)
FN:25,(anonymous_5)
FNF:5
FNH:0
FNDA:0,(anonymous_1)
FNDA:0,(anonymous_2)
FNDA:0,(anonymous_3)
FNDA:0,(anonymous_4)
FNDA:0,(anonymous_5)
DA:1,7
DA:2,7
DA:3,7
DA:5,7
DA:7,0
DA:11,0
DA:12,0
DA:16,0
DA:17,0
DA:21,0
DA:22,0
DA:26,0
DA:27,0
DA:31,7
LF:14
LH:5
BRF:0
BRH:0
end_of_record
TN:
SF:src\components\ticket\ticket.controller.ts
FN:6,(anonymous_0)
FN:22,(anonymous_1)
FN:35,(anonymous_2)
FN:55,(anonymous_3)
FN:72,(anonymous_4)
FNF:5
FNH:5
FNDA:4,(anonymous_0)
FNDA:6,(anonymous_1)
FNDA:6,(anonymous_2)
FNDA:7,(anonymous_3)
FNDA:6,(anonymous_4)
DA:2,8
DA:4,8
DA:6,22
DA:7,4
DA:13,4
DA:14,4
DA:15,2
DA:17,2
DA:18,2
DA:22,22
DA:23,6
DA:24,6
DA:26,4
DA:27,4
DA:28,2
DA:30,2
DA:31,2
DA:35,22
DA:36,6
DA:37,6
DA:40,6
DA:41,2
DA:45,4
DA:47,4
DA:48,2
DA:50,2
DA:51,2
DA:55,22
DA:56,7
DA:57,7
DA:59,7
DA:60,3
DA:63,4
DA:64,4
DA:65,2
DA:67,2
DA:68,2
DA:72,22
DA:73,6
DA:74,6
DA:76,4
DA:77,4
DA:78,2
DA:80,2
DA:81,2
DA:86,8
LF:46
LH:46
BRDA:8,0,0,0
BRDA:8,0,1,4
BRDA:9,1,0,0
BRDA:9,1,1,4
BRDA:10,2,0,0
BRDA:10,2,1,4
BRDA:24,3,0,2
BRDA:24,3,1,4
BRDA:31,4,0,2
BRDA:31,4,1,0
BRDA:40,5,0,2
BRDA:40,5,1,4
BRDA:40,6,0,6
BRDA:40,6,1,5
BRDA:40,6,2,4
BRDA:40,6,3,4
BRDA:51,7,0,2
BRDA:51,7,1,0
BRDA:59,8,0,3
BRDA:59,8,1,4
BRDA:59,9,0,7
BRDA:59,9,1,5
BRDA:68,10,0,2
BRDA:68,10,1,0
BRDA:74,11,0,2
BRDA:74,11,1,4
BRDA:81,12,0,2
BRDA:81,12,1,0
BRF:28
BRH:21
end_of_record
TN:
SF:src\components\ticket\ticket.routes.ts
FNF:0
FNH:0
DA:1,7
DA:2,7
DA:3,7
DA:5,7
DA:7,7
DA:8,7
DA:9,7
DA:10,7
DA:11,7
DA:13,7
LF:10
LH:10
BRF:0
BRH:0
end_of_record
TN:
SF:src\components\ticket\ticket.service.ts
FN:7,(anonymous_1)
FN:23,(anonymous_2)
FN:31,(anonymous_3)
FN:54,(anonymous_4)
FN:77,(anonymous_5)
FN:86,(anonymous_6)
FNF:6
FNH:6
FNDA:2,(anonymous_1)
FNDA:3,(anonymous_2)
FNDA:3,(anonymous_3)
FNDA:5,(anonymous_4)
FNDA:3,(anonymous_5)
FNDA:2,(anonymous_6)
DA:1,9
DA:2,9
DA:3,9
DA:6,9
DA:8,2
DA:9,2
DA:11,2
DA:12,2
DA:13,2
DA:15,2
DA:20,2
DA:24,3
DA:26,2
DA:27,2
DA:28,1
DA:32,3
DA:35,3
DA:36,1
DA:39,2
DA:48,2
DA:50,2
DA:51,1
DA:55,5
DA:56,4
DA:58,3
DA:60,3
DA:61,1
DA:64,2
DA:73,2
DA:74,1
DA:78,3
DA:80,2
DA:82,2
DA:83,1
DA:87,2
DA:91,9
LF:36
LH:36
BRDA:11,0,0,1
BRDA:11,0,1,1
BRDA:12,1,0,0
BRDA:12,1,1,2
BRDA:13,2,0,0
BRDA:13,2,1,2
BRDA:18,3,0,1
BRDA:18,3,1,1
BRDA:24,4,0,1
BRDA:24,4,1,2
BRDA:24,5,0,3
BRDA:24,5,1,3
BRDA:27,6,0,1
BRDA:27,6,1,1
BRDA:35,7,0,1
BRDA:35,7,1,2
BRDA:35,8,0,3
BRDA:35,8,1,3
BRDA:35,8,2,2
BRDA:35,8,3,2
BRDA:50,9,0,1
BRDA:50,9,1,1
BRDA:55,10,0,1
BRDA:55,10,1,4
BRDA:55,11,0,5
BRDA:55,11,1,5
BRDA:56,12,0,1
BRDA:56,12,1,3
BRDA:56,13,0,4
BRDA:56,13,1,4
BRDA:60,14,0,1
BRDA:60,14,1,2
BRDA:73,15,0,1
BRDA:73,15,1,1
BRDA:78,16,0,1
BRDA:78,16,1,2
BRDA:78,17,0,3
BRDA:78,17,1,3
BRDA:82,18,0,1
BRDA:82,18,1,1
BRF:40
BRH:38
end_of_record
TN:
SF:src\components\ticketTypes\ticketType.controller.ts
FN:5,(anonymous_0)
FN:22,(anonymous_1)
FN:39,(anonymous_2)
FN:49,(anonymous_3)
FN:71,(anonymous_4)
FNF:5
FNH:5
FNDA:7,(anonymous_0)
FNDA:7,(anonymous_1)
FNDA:4,(anonymous_2)
FNDA:10,(anonymous_3)
FNDA:8,(anonymous_4)
DA:2,8
DA:4,8
DA:5,9
DA:6,7
DA:7,2
DA:10,5
DA:12,5
DA:13,5
DA:14,3
DA:16,2
DA:17,2
DA:22,9
DA:23,7
DA:25,7
DA:26,2
DA:29,5
DA:30,5
DA:31,4
DA:32,2
DA:34,1
DA:35,1
DA:39,9
DA:40,4
DA:41,4
DA:42,2
DA:44,2
DA:45,2
DA:49,9
DA:50,10
DA:52,10
DA:53,2
DA:56,8
DA:57,2
DA:60,6
DA:61,6
DA:62,4
DA:63,2
DA:65,2
DA:66,2
DA:71,9
DA:72,8
DA:74,8
DA:75,2
DA:78,6
DA:79,6
DA:80,4
DA:81,2
DA:83,2
DA:84,2
DA:89,8
LF:50
LH:50
BRDA:6,0,0,2
BRDA:6,0,1,5
BRDA:6,1,0,7
BRDA:6,1,1,5
BRDA:10,2,0,3
BRDA:10,2,1,2
BRDA:25,3,0,2
BRDA:25,3,1,5
BRDA:31,4,0,2
BRDA:31,4,1,2
BRDA:52,5,0,2
BRDA:52,5,1,8
BRDA:56,6,0,2
BRDA:56,6,1,6
BRDA:56,7,0,8
BRDA:56,7,1,8
BRDA:62,8,0,2
BRDA:62,8,1,2
BRDA:74,9,0,2
BRDA:74,9,1,6
BRDA:80,10,0,2
BRDA:80,10,1,2
BRF:22
BRH:22
end_of_record
TN:
SF:src\components\ticketTypes\ticketType.routes.ts
FNF:0
FNH:0
DA:1,7
DA:2,7
DA:3,7
DA:5,7
DA:7,7
DA:8,7
DA:9,7
DA:10,7
DA:11,7
DA:13,7
LF:10
LH:10
BRF:0
BRH:0
end_of_record
TN:
SF:src\components\ticketTypes\ticketType.service.ts
FN:6,(anonymous_1)
FN:24,(anonymous_2)
FN:41,(anonymous_3)
FN:51,(anonymous_4)
FN:68,(anonymous_5)
FNF:5
FNH:5
FNDA:4,(anonymous_1)
FNDA:4,(anonymous_2)
FNDA:2,(anonymous_3)
FNDA:4,(anonymous_4)
FNDA:4,(anonymous_5)
DA:1,9
DA:2,9
DA:3,9
DA:5,9
DA:7,4
DA:8,1
DA:11,3
DA:12,3
DA:13,1
DA:16,2
DA:18,1
DA:19,1
DA:25,4
DA:26,1
DA:29,3
DA:30,3
DA:31,2
DA:32,1
DA:34,1
DA:36,1
DA:37,1
DA:42,2
DA:43,2
DA:44,1
DA:46,1
DA:47,1
DA:52,4
DA:53,1
DA:56,3
DA:57,3
DA:58,2
DA:59,1
DA:61,1
DA:63,1
DA:64,1
DA:69,4
DA:70,1
DA:73,3
DA:74,3
DA:75,2
DA:76,1
DA:78,1
DA:80,1
DA:81,1
DA:86,9
LF:45
LH:45
BRDA:7,0,0,1
BRDA:7,0,1,3
BRDA:7,1,0,4
BRDA:7,1,1,2
BRDA:12,2,0,1
BRDA:12,2,1,2
BRDA:25,3,0,1
BRDA:25,3,1,3
BRDA:31,4,0,1
BRDA:31,4,1,1
BRDA:52,5,0,1
BRDA:52,5,1,3
BRDA:58,6,0,1
BRDA:58,6,1,1
BRDA:69,7,0,1
BRDA:69,7,1,3
BRDA:75,8,0,1
BRDA:75,8,1,1
BRF:18
BRH:18
end_of_record
TN:
SF:src\components\utils\asyncHandler.ts
FN:3,(anonymous_0)
FN:4,(anonymous_1)
FNF:2
FNH:2
FNDA:287,(anonymous_0)
FNDA:107,(anonymous_1)
DA:3,7
DA:4,287
DA:5,107
LF:3
LH:3
BRF:0
BRH:0
end_of_record
TN:
SF:src\components\venue\venue.controller.ts
FN:5,(anonymous_0)
FN:14,(anonymous_1)
FN:25,(anonymous_2)
FN:34,(anonymous_3)
FN:47,(anonymous_4)
FNF:5
FNH:5
FNDA:2,(anonymous_0)
FNDA:3,(anonymous_1)
FNDA:2,(anonymous_2)
FNDA:3,(anonymous_3)
FNDA:2,(anonymous_4)
DA:2,7
DA:4,7
DA:5,7
DA:6,2
DA:7,2
DA:8,1
DA:10,1
DA:14,7
DA:15,3
DA:16,3
DA:17,3
DA:18,2
DA:19,1
DA:21,1
DA:25,7
DA:26,2
DA:27,2
DA:28,1
DA:30,1
DA:34,7
DA:35,3
DA:36,3
DA:37,3
DA:38,3
DA:40,2
DA:41,1
DA:43,1
DA:47,7
DA:48,2
DA:49,2
DA:50,2
DA:51,1
DA:53,1
DA:58,7
LF:34
LH:34
BRDA:18,0,0,1
BRDA:18,0,1,1
BRDA:38,1,0,1
BRDA:38,1,1,2
BRF:4
BRH:4
end_of_record
TN:
SF:src\components\venue\venue.routes.ts
FNF:0
FNH:0
DA:1,7
DA:2,7
DA:3,7
DA:5,7
DA:7,7
DA:8,7
DA:9,7
DA:10,7
DA:11,7
DA:13,7
LF:10
LH:10
BRF:0
BRH:0
end_of_record
TN:
SF:src\components\venue\venue.service.ts
FN:7,(anonymous_1)
FN:16,(anonymous_2)
FN:29,(anonymous_3)
FN:39,(anonymous_4)
FN:52,(anonymous_5)
FNF:5
FNH:5
FNDA:2,(anonymous_1)
FNDA:2,(anonymous_2)
FNDA:2,(anonymous_3)
FNDA:2,(anonymous_4)
FNDA:2,(anonymous_5)
DA:1,8
DA:2,8
DA:3,8
DA:5,8
DA:8,2
DA:9,2
DA:11,1
DA:12,1
DA:17,2
DA:19,2
DA:20,2
DA:21,1
DA:22,1
DA:24,1
DA:25,1
DA:30,2
DA:31,2
DA:32,1
DA:34,1
DA:35,1
DA:40,2
DA:42,2
DA:43,2
DA:44,1
DA:45,1
DA:47,1
DA:48,1
DA:53,2
DA:55,2
DA:56,2
DA:57,1
DA:58,1
DA:60,1
DA:61,1
DA:66,8
LF:35
LH:35
BRDA:17,0,0,0
BRDA:17,0,1,2
BRDA:21,1,0,0
BRDA:21,1,1,1
BRDA:40,2,0,0
BRDA:40,2,1,2
BRDA:44,3,0,0
BRDA:44,3,1,1
BRDA:53,4,0,0
BRDA:53,4,1,2
BRDA:57,5,0,0
BRDA:57,5,1,1
BRF:12
BRH:6
end_of_record
TN:
SF:src\drizzle\db.ts
FNF:0
FNH:0
DA:1,22
DA:2,22
DA:3,22
DA:5,22
DA:6,22
DA:8,22
DA:10,22
DA:11,22
LF:8
LH:8
BRF:0
BRH:0
end_of_record
TN:
SF:src\drizzle\migrate.ts
FN:4,migration
FNF:1
FNH:0
FNDA:0,migration
DA:1,0
DA:2,0
DA:5,0
DA:7,0
DA:8,0
DA:9,0
DA:10,0
DA:12,0
DA:13,0
DA:17,0
LF:10
LH:0
BRF:0
BRH:0
end_of_record
TN:
SF:src\drizzle\schema.ts
FN:58,(anonymous_0)
FN:79,(anonymous_1)
FN:102,(anonymous_2)
FN:113,(anonymous_3)
FN:123,(anonymous_4)
FN:135,(anonymous_5)
FN:136,(anonymous_6)
FN:146,(anonymous_7)
FN:147,(anonymous_8)
FN:148,(anonymous_9)
FN:152,(anonymous_10)
FNF:11
FNH:1
FNDA:22,(anonymous_0)
FNDA:0,(anonymous_1)
FNDA:0,(anonymous_2)
FNDA:0,(anonymous_3)
FNDA:0,(anonymous_4)
FNDA:0,(anonymous_5)
FNDA:0,(anonymous_6)
FNDA:0,(anonymous_7)
FNDA:0,(anonymous_8)
FNDA:0,(anonymous_9)
FNDA:0,(anonymous_10)
DA:1,29
DA:18,29
DA:19,29
DA:25,29
DA:26,29
DA:32,29
DA:33,29
DA:39,29
DA:40,29
DA:45,29
DA:58,22
DA:64,29
DA:77,29
DA:79,0
DA:88,29
DA:98,29
DA:102,0
DA:111,29
DA:113,0
DA:121,29
DA:123,0
DA:133,29
DA:135,0
DA:136,0
DA:143,29
DA:146,0
DA:147,0
DA:148,0
DA:152,0
LF:29
LH:19
BRF:0
BRH:0
end_of_record
TN:
SF:src\middleware\bearAuth.ts
FN:5,(anonymous_1)
FN:6,(anonymous_2)
FNF:2
FNH:0
FNDA:0,(anonymous_1)
FNDA:0,(anonymous_2)
DA:1,0
DA:2,0
DA:5,0
DA:6,0
DA:7,0
DA:9,0
DA:10,0
DA:11,0
DA:14,0
DA:16,0
DA:17,0
DA:18,0
DA:21,0
DA:26,0
DA:27,0
DA:28,0
DA:29,0
DA:30,0
DA:31,0
DA:33,0
DA:34,0
DA:36,0
DA:37,0
DA:41,0
DA:42,0
DA:48,0
DA:49,0
DA:50,0
LF:28
LH:0
BRDA:9,0,0,0
BRDA:9,0,1,0
BRDA:9,1,0,0
BRDA:9,1,1,0
BRDA:21,2,0,0
BRDA:21,2,1,0
BRDA:22,3,0,0
BRDA:22,3,1,0
BRDA:22,3,2,0
BRDA:26,4,0,0
BRDA:26,4,1,0
BRDA:26,5,0,0
BRDA:26,5,1,0
BRDA:26,5,2,0
BRDA:29,6,0,0
BRDA:29,6,1,0
BRF:16
BRH:0
end_of_record
